<?xml version="1.0" encoding="UTF-8"?>
<!-- Generated by org.testng.reporters.JUnitReportReporter -->
<testsuite name="testcases.workflows.OrdersFileUploadTests" tests="3" time="440.987" ignored="31" failures="2" timestamp="17 Nov 2017 11:47:29 GMT" skipped="0" hostname="BANCUSTOMQA05" errors="0">
  <testcase name="CITI_USMF_Funds_Order_File_Upload" time="395.571" classname="testcases.workflows.OrdersFileUploadTests"/>
  <testcase name="end_test_update_results" time="3.136" classname="testcases.workflows.OrdersFileUploadTests">
    <failure type="java.lang.AssertionError" message="null">
      <![CDATA[java.lang.AssertionError: null
	at org.testng.Assert.fail(Assert.java:94)
	at org.testng.Assert.fail(Assert.java:101)
	at utilities.webdriverfunctions.WebDriverMethods.capture_screenshot(WebDriverMethods.java:142)
	at utilities.webdriverfunctions.WebDriverMethods.update_result_quit_browser(WebDriverMethods.java:150)
	at testcases.commontoall.CommonToAllTests.end_test_update_results(CommonToAllTests.java:82)
	at sun.reflect.NativeMethodAccessorImpl.invoke0(Native Method)
	at sun.reflect.NativeMethodAccessorImpl.invoke(Unknown Source)
	at sun.reflect.DelegatingMethodAccessorImpl.invoke(Unknown Source)
	at java.lang.reflect.Method.invoke(Unknown Source)
	at org.testng.internal.MethodInvocationHelper.invokeMethod(MethodInvocationHelper.java:104)
	at org.testng.internal.Invoker.invokeConfigurationMethod(Invoker.java:515)
	at org.testng.internal.Invoker.invokeConfigurations(Invoker.java:217)
	at org.testng.internal.Invoker.invokeMethod(Invoker.java:712)
	at org.testng.internal.Invoker.invokeTestMethod(Invoker.java:851)
	at org.testng.internal.Invoker.invokeTestMethods(Invoker.java:1177)
	at org.testng.internal.TestMethodWorker.invokeTestMethods(TestMethodWorker.java:129)
	at org.testng.internal.TestMethodWorker.run(TestMethodWorker.java:112)
	at org.testng.TestRunner.privateRun(TestRunner.java:756)
	at org.testng.TestRunner.run(TestRunner.java:610)
	at org.testng.SuiteRunner.runTest(SuiteRunner.java:387)
	at org.testng.SuiteRunner.runSequentially(SuiteRunner.java:382)
	at org.testng.SuiteRunner.privateRun(SuiteRunner.java:340)
	at org.testng.SuiteRunner.run(SuiteRunner.java:289)
	at org.testng.SuiteRunnerWorker.runSuite(SuiteRunnerWorker.java:52)
	at org.testng.SuiteRunnerWorker.run(SuiteRunnerWorker.java:86)
	at org.testng.TestNG.runSuitesSequentially(TestNG.java:1293)
	at org.testng.TestNG.runSuitesLocally(TestNG.java:1218)
	at org.testng.TestNG.runSuites(TestNG.java:1133)
	at org.testng.TestNG.run(TestNG.java:1104)
	at org.apache.maven.surefire.testng.TestNGExecutor.run(TestNGExecutor.java:281)
	at org.apache.maven.surefire.testng.TestNGXmlTestSuite.execute(TestNGXmlTestSuite.java:75)
	at org.apache.maven.surefire.testng.TestNGProvider.invoke(TestNGProvider.java:121)
	at org.apache.maven.surefire.booter.ForkedBooter.invokeProviderInSameClassLoader(ForkedBooter.java:290)
	at org.apache.maven.surefire.booter.ForkedBooter.runSuitesInProcess(ForkedBooter.java:242)
	at org.apache.maven.surefire.booter.ForkedBooter.main(ForkedBooter.java:121)
]]>
    </failure>
  </testcase> <!-- end_test_update_results -->
  <testcase name="CITI_Equities_Order_File_Upload" time="42.280" classname="testcases.workflows.OrdersFileUploadTests">
    <failure type="java.lang.AssertionError" message="null">
      <![CDATA[java.lang.AssertionError: null
	at org.testng.Assert.fail(Assert.java:94)
	at org.testng.Assert.fail(Assert.java:101)
	at utilities.webdriverfunctions.WebDriverMethods.actions_double_click(WebDriverMethods.java:398)
	at pages.pageclasses.OrderEntryPage.equityOrderFileUpload(OrderEntryPage.java:897)
	at testcases.workflows.OrdersFileUploadTests.CITI_Equities_Order_File_Upload(OrdersFileUploadTests.java:84)
	at sun.reflect.NativeMethodAccessorImpl.invoke0(Native Method)
	at sun.reflect.NativeMethodAccessorImpl.invoke(Unknown Source)
	at sun.reflect.DelegatingMethodAccessorImpl.invoke(Unknown Source)
	at java.lang.reflect.Method.invoke(Unknown Source)
	at org.testng.internal.MethodInvocationHelper.invokeMethod(MethodInvocationHelper.java:104)
	at org.testng.internal.Invoker.invokeMethod(Invoker.java:645)
	at org.testng.internal.Invoker.invokeTestMethod(Invoker.java:851)
	at org.testng.internal.Invoker.invokeTestMethods(Invoker.java:1177)
	at org.testng.internal.TestMethodWorker.invokeTestMethods(TestMethodWorker.java:129)
	at org.testng.internal.TestMethodWorker.run(TestMethodWorker.java:112)
	at org.testng.TestRunner.privateRun(TestRunner.java:756)
	at org.testng.TestRunner.run(TestRunner.java:610)
	at org.testng.SuiteRunner.runTest(SuiteRunner.java:387)
	at org.testng.SuiteRunner.runSequentially(SuiteRunner.java:382)
	at org.testng.SuiteRunner.privateRun(SuiteRunner.java:340)
	at org.testng.SuiteRunner.run(SuiteRunner.java:289)
	at org.testng.SuiteRunnerWorker.runSuite(SuiteRunnerWorker.java:52)
	at org.testng.SuiteRunnerWorker.run(SuiteRunnerWorker.java:86)
	at org.testng.TestNG.runSuitesSequentially(TestNG.java:1293)
	at org.testng.TestNG.runSuitesLocally(TestNG.java:1218)
	at org.testng.TestNG.runSuites(TestNG.java:1133)
	at org.testng.TestNG.run(TestNG.java:1104)
	at org.apache.maven.surefire.testng.TestNGExecutor.run(TestNGExecutor.java:281)
	at org.apache.maven.surefire.testng.TestNGXmlTestSuite.execute(TestNGXmlTestSuite.java:75)
	at org.apache.maven.surefire.testng.TestNGProvider.invoke(TestNGProvider.java:121)
	at org.apache.maven.surefire.booter.ForkedBooter.invokeProviderInSameClassLoader(ForkedBooter.java:290)
	at org.apache.maven.surefire.booter.ForkedBooter.runSuitesInProcess(ForkedBooter.java:242)
	at org.apache.maven.surefire.booter.ForkedBooter.main(ForkedBooter.java:121)
]]>
    </failure>
  </testcase> <!-- CITI_Equities_Order_File_Upload -->
  <testcase name="CITI_Funds_Entitlement_OperationsUser_Sing" classname="testcases.workflows.FundOrderFlowTests">
    <skipped/>
  </testcase> <!-- CITI_Funds_Entitlement_OperationsUser_Sing -->
  <testcase name="CITI_Funds_Entitlement_OperationsUser_Sing" classname="testcases.workflows.FundOrderFlowTests">
    <skipped/>
  </testcase> <!-- CITI_Funds_Entitlement_OperationsUser_Sing -->
  <testcase name="CITI_Vestima_Fund_Order" classname="testcases.workflows.FundOrderFlowTests">
    <skipped/>
  </testcase> <!-- CITI_Vestima_Fund_Order -->
  <testcase name="CITI_Fund_REDM_With_Holdings_CIS" classname="testcases.workflows.FundOrderFlowTests">
    <skipped/>
  </testcase> <!-- CITI_Fund_REDM_With_Holdings_CIS -->
  <testcase name="CITI_Funds_Entitlement_ViewAccessLogin" classname="testcases.workflows.FundOrderFlowTests">
    <skipped/>
  </testcase> <!-- CITI_Funds_Entitlement_ViewAccessLogin -->
  <testcase name="CITI_Fund_Settled_Trade_FundSettle" classname="testcases.workflows.FundOrderFlowTests">
    <skipped/>
  </testcase> <!-- CITI_Fund_Settled_Trade_FundSettle -->
  <testcase name="CITI_Funds_Entitlement_OperationsUser_Hk" classname="testcases.workflows.FundOrderFlowTests">
    <skipped/>
  </testcase> <!-- CITI_Funds_Entitlement_OperationsUser_Hk -->
  <testcase name="CITI_Multihub_Routing_FS" classname="testcases.workflows.FundOrderFlowTests">
    <skipped/>
  </testcase> <!-- CITI_Multihub_Routing_FS -->
  <testcase name="CITI_Fund_Order_Entry_CIS" classname="testcases.workflows.FundOrderFlowTests">
    <skipped/>
  </testcase> <!-- CITI_Fund_Order_Entry_CIS -->
  <testcase name="CITI_Funds_Entitlement_ApplicationAccess" classname="testcases.workflows.FundOrderFlowTests">
    <skipped/>
  </testcase> <!-- CITI_Funds_Entitlement_ApplicationAccess -->
  <testcase name="CITI_Funds_Entitlement_OperationsUser_Dublin" classname="testcases.workflows.FundOrderFlowTests">
    <skipped/>
  </testcase> <!-- CITI_Funds_Entitlement_OperationsUser_Dublin -->
  <testcase name="CITI_Funds_Entitlement_OperationsUser_Tampa" classname="testcases.workflows.FundOrderFlowTests">
    <skipped/>
  </testcase> <!-- CITI_Funds_Entitlement_OperationsUser_Tampa -->
  <testcase name="setup_suite_initials" classname="testcases.commontoall.CommonToAllTests">
    <skipped/>
  </testcase> <!-- setup_suite_initials -->
  <testcase name="CITI_Equities_OrderPlacement_OperationsLogin" classname="testcases.workflows.EquityWorkFlowsTests">
    <skipped/>
  </testcase> <!-- CITI_Equities_OrderPlacement_OperationsLogin -->
  <testcase name="CITI_Equities_OrderPlacement_OperationsLogin" classname="testcases.workflows.EquityWorkFlowsTests">
    <skipped/>
  </testcase> <!-- CITI_Equities_OrderPlacement_OperationsLogin -->
  <testcase name="CITI_Equities_OrderPlacement_OperationsLogin" classname="testcases.workflows.EquityWorkFlowsTests">
    <skipped/>
  </testcase> <!-- CITI_Equities_OrderPlacement_OperationsLogin -->
  <testcase name="CITI_Equities_Settled_FX_Pulse" classname="testcases.workflows.EquityWorkFlowsTests">
    <skipped/>
  </testcase> <!-- CITI_Equities_Settled_FX_Pulse -->
  <testcase name="CITI_Equities_Settled_FX_Pulse" classname="testcases.workflows.EquityWorkFlowsTests">
    <skipped/>
  </testcase> <!-- CITI_Equities_Settled_FX_Pulse -->
  <testcase name="CITI_Equities_Settlement_Fix_Swift_Messages_NewUI" classname="testcases.workflows.EquityWorkFlowsTests">
    <skipped/>
  </testcase> <!-- CITI_Equities_Settlement_Fix_Swift_Messages_NewUI -->
  <testcase name="CITI_Equities_Settlement_Fix_Swift_Messages_NewUI" classname="testcases.workflows.EquityWorkFlowsTests">
    <skipped/>
  </testcase> <!-- CITI_Equities_Settlement_Fix_Swift_Messages_NewUI -->
  <testcase name="CITI_Equities_Settlement_Fix_Swift_Messages_NewUI" classname="testcases.workflows.EquityWorkFlowsTests">
    <skipped/>
  </testcase> <!-- CITI_Equities_Settlement_Fix_Swift_Messages_NewUI -->
  <testcase name="CITI_OrderMgt_Audit_Reg_ViewAccessUser" classname="testcases.workflows.EquityWorkFlowsTests">
    <skipped/>
  </testcase> <!-- CITI_OrderMgt_Audit_Reg_ViewAccessUser -->
  <testcase name="CITI_OrderMgt_Audit_Reg_ViewAccessUser" classname="testcases.workflows.EquityWorkFlowsTests">
    <skipped/>
  </testcase> <!-- CITI_OrderMgt_Audit_Reg_ViewAccessUser -->
  <testcase name="CITI_Equities_CGMDropCopy" classname="testcases.workflows.EquityWorkFlowsTests">
    <skipped/>
  </testcase> <!-- CITI_Equities_CGMDropCopy -->
  <testcase name="CITI_Equities_CGMDropCopy" classname="testcases.workflows.EquityWorkFlowsTests">
    <skipped/>
  </testcase> <!-- CITI_Equities_CGMDropCopy -->
  <testcase name="CITI_Funds_Equities_Entitlement_ApplicationAccess" classname="testcases.workflows.EquityWorkFlowsTests">
    <skipped/>
  </testcase> <!-- CITI_Funds_Equities_Entitlement_ApplicationAccess -->
  <testcase name="CITI_Funds_Equities_Entitlement_ApplicationAccess" classname="testcases.workflows.EquityWorkFlowsTests">
    <skipped/>
  </testcase> <!-- CITI_Funds_Equities_Entitlement_ApplicationAccess -->
  <testcase name="CITI_Equities_OrderPlacement_ClientLogin" classname="testcases.workflows.EquityWorkFlowsTests">
    <skipped/>
  </testcase> <!-- CITI_Equities_OrderPlacement_ClientLogin -->
  <testcase name="CITI_Equities_OrderPlacement_ClientLogin" classname="testcases.workflows.EquityWorkFlowsTests">
    <skipped/>
  </testcase> <!-- CITI_Equities_OrderPlacement_ClientLogin -->
  <testcase name="CITI_Equities_Settlement_Fix_Swift_Messages" classname="testcases.workflows.EquityWorkFlowsTests">
    <skipped/>
  </testcase> <!-- CITI_Equities_Settlement_Fix_Swift_Messages -->
  <testcase name="CITI_Equities_Settlement_Fix_Swift_Messages" classname="testcases.workflows.EquityWorkFlowsTests">
    <skipped/>
  </testcase> <!-- CITI_Equities_Settlement_Fix_Swift_Messages -->
</testsuite> <!-- testcases.workflows.OrdersFileUploadTests -->
