<?xml version="1.0" encoding="UTF-8"?>
<!-- Generated by org.testng.reporters.JUnitReportReporter -->
<testsuite name="testcases.workflows.OrderViewTest" tests="6" time="266.194" ignored="35" failures="0" timestamp="18 Apr 2019 08:54:25 GMT" skipped="0" hostname="BANCUSTOMQA01" errors="1">
  <testcase name="callBatchForEmailReports" time="0.000" classname="testcases.workflows.OrderViewTest">
    <error type="java.io.FileNotFoundException" message="C:\Users\dmittal\.jenkins\jobs\Nestle_Key_Regression_Suite\nextBuildNumber (The system cannot find the path specified)">
      <![CDATA[java.io.FileNotFoundException: C:\Users\dmittal\.jenkins\jobs\Nestle_Key_Regression_Suite\nextBuildNumber (The system cannot find the path specified)
	at java.io.FileInputStream.open0(Native Method)
	at java.io.FileInputStream.open(FileInputStream.java:195)
	at java.io.FileInputStream.<init>(FileInputStream.java:138)
	at java.io.FileInputStream.<init>(FileInputStream.java:93)
	at testcases.commontoall.CommonToAllTests.callBatchForEmailReports(CommonToAllTests.java:184)
	at sun.reflect.NativeMethodAccessorImpl.invoke0(Native Method)
	at sun.reflect.NativeMethodAccessorImpl.invoke(NativeMethodAccessorImpl.java:62)
	at sun.reflect.DelegatingMethodAccessorImpl.invoke(DelegatingMethodAccessorImpl.java:43)
	at java.lang.reflect.Method.invoke(Method.java:498)
	at org.testng.internal.MethodInvocationHelper.invokeMethod(MethodInvocationHelper.java:104)
	at org.testng.internal.Invoker.invokeConfigurationMethod(Invoker.java:515)
	at org.testng.internal.Invoker.invokeConfigurations(Invoker.java:217)
	at org.testng.internal.Invoker.invokeConfigurations(Invoker.java:144)
	at org.testng.SuiteRunner.privateRun(SuiteRunner.java:357)
	at org.testng.SuiteRunner.run(SuiteRunner.java:289)
	at org.testng.SuiteRunnerWorker.runSuite(SuiteRunnerWorker.java:52)
	at org.testng.SuiteRunnerWorker.run(SuiteRunnerWorker.java:86)
	at org.testng.TestNG.runSuitesSequentially(TestNG.java:1293)
	at org.testng.TestNG.runSuitesLocally(TestNG.java:1218)
	at org.testng.TestNG.runSuites(TestNG.java:1133)
	at org.testng.TestNG.run(TestNG.java:1104)
	at org.apache.maven.surefire.testng.TestNGExecutor.run(TestNGExecutor.java:281)
	at org.apache.maven.surefire.testng.TestNGXmlTestSuite.execute(TestNGXmlTestSuite.java:75)
	at org.apache.maven.surefire.testng.TestNGProvider.invoke(TestNGProvider.java:121)
	at org.apache.maven.surefire.booter.ForkedBooter.invokeProviderInSameClassLoader(ForkedBooter.java:290)
	at org.apache.maven.surefire.booter.ForkedBooter.runSuitesInProcess(ForkedBooter.java:242)
	at org.apache.maven.surefire.booter.ForkedBooter.main(ForkedBooter.java:121)
]]>
    </error>
  </testcase> <!-- callBatchForEmailReports -->
  <testcase name="soapUI_DesAdv" time="0.255" classname="testcases.workflows.OrderViewTest"/>
  <testcase name="soapUI_InProgress" time="0.712" classname="testcases.workflows.OrderViewTest"/>
  <testcase name="soapUI_OrderPlace" time="5.244" classname="testcases.workflows.OrderViewTest"/>
  <testcase name="soapUI_Invoice" time="180.923" classname="testcases.workflows.OrderViewTest"/>
  <testcase name="orderView_User" time="79.060" classname="testcases.workflows.OrderViewTest"/>
  <testcase name="CommunityAdmin_Create_Company" classname="testcases.workflows.CompleteNestleWorkflowTest">
    <skipped/>
  </testcase> <!-- CommunityAdmin_Create_Company -->
  <testcase name="CommunityAdmin_Create_Company" classname="testcases.workflows.CompleteNestleWorkflowTest">
    <skipped/>
  </testcase> <!-- CommunityAdmin_Create_Company -->
  <testcase name="CommunityAdmin_Create_Market" classname="testcases.workflows.CompleteNestleWorkflowTest">
    <skipped/>
  </testcase> <!-- CommunityAdmin_Create_Market -->
  <testcase name="CommunityAdmin_Create_Market" classname="testcases.workflows.CompleteNestleWorkflowTest">
    <skipped/>
  </testcase> <!-- CommunityAdmin_Create_Market -->
  <testcase name="Nestle_Community_Creation" classname="testcases.workflows.CompleteNestleWorkflowTest">
    <skipped/>
  </testcase> <!-- Nestle_Community_Creation -->
  <testcase name="Nestle_Community_Creation" classname="testcases.workflows.CompleteNestleWorkflowTest">
    <skipped/>
  </testcase> <!-- Nestle_Community_Creation -->
  <testcase name="CommunityAdmin_Create_MarketAndCompany" classname="testcases.workflows.CompleteNestleWorkflowTest">
    <skipped/>
  </testcase> <!-- CommunityAdmin_Create_MarketAndCompany -->
  <testcase name="CommunityAdmin_Create_MarketAndCompany" classname="testcases.workflows.CompleteNestleWorkflowTest">
    <skipped/>
  </testcase> <!-- CommunityAdmin_Create_MarketAndCompany -->
  <testcase name="CommunityAdmin_Create_MarketAndCompany" classname="testcases.workflows.CompleteNestleWorkflowTest">
    <skipped/>
  </testcase> <!-- CommunityAdmin_Create_MarketAndCompany -->
  <testcase name="orderView_User" classname="testcases.workflows.OrderViewTest">
    <skipped/>
  </testcase> <!-- orderView_User -->
  <testcase name="orderView_User" classname="testcases.workflows.OrderViewTest">
    <skipped/>
  </testcase> <!-- orderView_User -->
  <testcase name="orderView_User" classname="testcases.workflows.OrderViewTest">
    <skipped/>
  </testcase> <!-- orderView_User -->
  <testcase name="orderView_User" classname="testcases.workflows.OrderViewTest">
    <skipped/>
  </testcase> <!-- orderView_User -->
  <testcase name="soapUI_OrderPlace" classname="testcases.workflows.OrderViewTest">
    <skipped/>
  </testcase> <!-- soapUI_OrderPlace -->
  <testcase name="soapUI_OrderPlace" classname="testcases.workflows.OrderViewTest">
    <skipped/>
  </testcase> <!-- soapUI_OrderPlace -->
  <testcase name="soapUI_OrderPlace" classname="testcases.workflows.OrderViewTest">
    <skipped/>
  </testcase> <!-- soapUI_OrderPlace -->
  <testcase name="soapUI_OrderPlace" classname="testcases.workflows.OrderViewTest">
    <skipped/>
  </testcase> <!-- soapUI_OrderPlace -->
  <testcase name="soapUI_DesAdv" classname="testcases.workflows.OrderViewTest">
    <skipped/>
  </testcase> <!-- soapUI_DesAdv -->
  <testcase name="soapUI_DesAdv" classname="testcases.workflows.OrderViewTest">
    <skipped/>
  </testcase> <!-- soapUI_DesAdv -->
  <testcase name="soapUI_DesAdv" classname="testcases.workflows.OrderViewTest">
    <skipped/>
  </testcase> <!-- soapUI_DesAdv -->
  <testcase name="soapUI_DesAdv" classname="testcases.workflows.OrderViewTest">
    <skipped/>
  </testcase> <!-- soapUI_DesAdv -->
  <testcase name="soapUI_InProgress" classname="testcases.workflows.OrderViewTest">
    <skipped/>
  </testcase> <!-- soapUI_InProgress -->
  <testcase name="soapUI_InProgress" classname="testcases.workflows.OrderViewTest">
    <skipped/>
  </testcase> <!-- soapUI_InProgress -->
  <testcase name="soapUI_InProgress" classname="testcases.workflows.OrderViewTest">
    <skipped/>
  </testcase> <!-- soapUI_InProgress -->
  <testcase name="soapUI_InProgress" classname="testcases.workflows.OrderViewTest">
    <skipped/>
  </testcase> <!-- soapUI_InProgress -->
  <testcase name="soapUI_Invoice" classname="testcases.workflows.OrderViewTest">
    <skipped/>
  </testcase> <!-- soapUI_Invoice -->
  <testcase name="soapUI_Invoice" classname="testcases.workflows.OrderViewTest">
    <skipped/>
  </testcase> <!-- soapUI_Invoice -->
  <testcase name="soapUI_Invoice" classname="testcases.workflows.OrderViewTest">
    <skipped/>
  </testcase> <!-- soapUI_Invoice -->
  <testcase name="soapUI_Invoice" classname="testcases.workflows.OrderViewTest">
    <skipped/>
  </testcase> <!-- soapUI_Invoice -->
  <testcase name="CommunityAdmin_PlantConfig" classname="testcases.workflows.ConfigurationTest">
    <skipped/>
  </testcase> <!-- CommunityAdmin_PlantConfig -->
  <testcase name="CommunityAdmin_ReasonCode" classname="testcases.workflows.ConfigurationTest">
    <skipped/>
  </testcase> <!-- CommunityAdmin_ReasonCode -->
  <testcase name="CommunityAdmin_PlantConfig" classname="testcases.workflows.ConfigurationTest">
    <skipped/>
  </testcase> <!-- CommunityAdmin_PlantConfig -->
  <testcase name="CommunityAdmin_ReasonCode" classname="testcases.workflows.ConfigurationTest">
    <skipped/>
  </testcase> <!-- CommunityAdmin_ReasonCode -->
  <testcase name="CommunityAdmin_UOMConfig" classname="testcases.workflows.ConfigurationTest">
    <skipped/>
  </testcase> <!-- CommunityAdmin_UOMConfig -->
  <testcase name="CommunityAdmin_UOMConfig" classname="testcases.workflows.ConfigurationTest">
    <skipped/>
  </testcase> <!-- CommunityAdmin_UOMConfig -->
</testsuite> <!-- testcases.workflows.OrderViewTest -->
