<?xml version="1.0" encoding="UTF-8"?>
<!-- Generated by org.testng.reporters.JUnitReportReporter -->
<testsuite name="testcases.workflows.ConfigurationTest" tests="3" time="361.427" ignored="35" failures="1" timestamp="18 Apr 2019 08:54:25 GMT" skipped="0" hostname="BANCUSTOMQA01" errors="0">
  <testcase name="CommunityAdmin_PlantConfig" time="108.949" classname="testcases.workflows.ConfigurationTest"/>
  <testcase name="CommunityAdmin_UOMConfig" time="119.237" classname="testcases.workflows.ConfigurationTest"/>
  <testcase name="CommunityAdmin_ReasonCode" time="133.241" classname="testcases.workflows.ConfigurationTest">
    <failure type="java.lang.AssertionError" message="null">
      <![CDATA[java.lang.AssertionError: null
	at org.testng.Assert.fail(Assert.java:94)
	at org.testng.Assert.fail(Assert.java:101)
	at utilities.webdriverfunctions.WebDriverMethods.wait_for_element_tobe_visible(WebDriverMethods.java:830)
	at pages.pageclasses.CreateReasonCodePage.ReasonCodeListPage(CreateReasonCodePage.java:332)
	at testcases.workflows.ConfigurationTest.CommunityAdmin_ReasonCode(ConfigurationTest.java:89)
	at sun.reflect.NativeMethodAccessorImpl.invoke0(Native Method)
	at sun.reflect.NativeMethodAccessorImpl.invoke(NativeMethodAccessorImpl.java:62)
	at sun.reflect.DelegatingMethodAccessorImpl.invoke(DelegatingMethodAccessorImpl.java:43)
	at java.lang.reflect.Method.invoke(Method.java:498)
	at org.testng.internal.MethodInvocationHelper.invokeMethod(MethodInvocationHelper.java:104)
	at org.testng.internal.Invoker.invokeMethod(Invoker.java:645)
	at org.testng.internal.Invoker.invokeTestMethod(Invoker.java:851)
	at org.testng.internal.Invoker.invokeTestMethods(Invoker.java:1177)
	at org.testng.internal.TestMethodWorker.invokeTestMethods(TestMethodWorker.java:129)
	at org.testng.internal.TestMethodWorker.run(TestMethodWorker.java:112)
	at org.testng.TestRunner.privateRun(TestRunner.java:756)
	at org.testng.TestRunner.run(TestRunner.java:610)
	at org.testng.SuiteRunner.runTest(SuiteRunner.java:387)
	at org.testng.SuiteRunner.runSequentially(SuiteRunner.java:382)
	at org.testng.SuiteRunner.privateRun(SuiteRunner.java:340)
	at org.testng.SuiteRunner.run(SuiteRunner.java:289)
	at org.testng.SuiteRunnerWorker.runSuite(SuiteRunnerWorker.java:52)
	at org.testng.SuiteRunnerWorker.run(SuiteRunnerWorker.java:86)
	at org.testng.TestNG.runSuitesSequentially(TestNG.java:1293)
	at org.testng.TestNG.runSuitesLocally(TestNG.java:1218)
	at org.testng.TestNG.runSuites(TestNG.java:1133)
	at org.testng.TestNG.run(TestNG.java:1104)
	at org.apache.maven.surefire.testng.TestNGExecutor.run(TestNGExecutor.java:281)
	at org.apache.maven.surefire.testng.TestNGXmlTestSuite.execute(TestNGXmlTestSuite.java:75)
	at org.apache.maven.surefire.testng.TestNGProvider.invoke(TestNGProvider.java:121)
	at org.apache.maven.surefire.booter.ForkedBooter.invokeProviderInSameClassLoader(ForkedBooter.java:290)
	at org.apache.maven.surefire.booter.ForkedBooter.runSuitesInProcess(ForkedBooter.java:242)
	at org.apache.maven.surefire.booter.ForkedBooter.main(ForkedBooter.java:121)
]]>
    </failure>
  </testcase> <!-- CommunityAdmin_ReasonCode -->
  <testcase name="CommunityAdmin_Create_Company" classname="testcases.workflows.CompleteNestleWorkflowTest">
    <skipped/>
  </testcase> <!-- CommunityAdmin_Create_Company -->
  <testcase name="CommunityAdmin_Create_Company" classname="testcases.workflows.CompleteNestleWorkflowTest">
    <skipped/>
  </testcase> <!-- CommunityAdmin_Create_Company -->
  <testcase name="CommunityAdmin_Create_Market" classname="testcases.workflows.CompleteNestleWorkflowTest">
    <skipped/>
  </testcase> <!-- CommunityAdmin_Create_Market -->
  <testcase name="CommunityAdmin_Create_Market" classname="testcases.workflows.CompleteNestleWorkflowTest">
    <skipped/>
  </testcase> <!-- CommunityAdmin_Create_Market -->
  <testcase name="Nestle_Community_Creation" classname="testcases.workflows.CompleteNestleWorkflowTest">
    <skipped/>
  </testcase> <!-- Nestle_Community_Creation -->
  <testcase name="Nestle_Community_Creation" classname="testcases.workflows.CompleteNestleWorkflowTest">
    <skipped/>
  </testcase> <!-- Nestle_Community_Creation -->
  <testcase name="CommunityAdmin_Create_MarketAndCompany" classname="testcases.workflows.CompleteNestleWorkflowTest">
    <skipped/>
  </testcase> <!-- CommunityAdmin_Create_MarketAndCompany -->
  <testcase name="CommunityAdmin_Create_MarketAndCompany" classname="testcases.workflows.CompleteNestleWorkflowTest">
    <skipped/>
  </testcase> <!-- CommunityAdmin_Create_MarketAndCompany -->
  <testcase name="CommunityAdmin_Create_MarketAndCompany" classname="testcases.workflows.CompleteNestleWorkflowTest">
    <skipped/>
  </testcase> <!-- CommunityAdmin_Create_MarketAndCompany -->
  <testcase name="orderView_User" classname="testcases.workflows.OrderViewTest">
    <skipped/>
  </testcase> <!-- orderView_User -->
  <testcase name="orderView_User" classname="testcases.workflows.OrderViewTest">
    <skipped/>
  </testcase> <!-- orderView_User -->
  <testcase name="orderView_User" classname="testcases.workflows.OrderViewTest">
    <skipped/>
  </testcase> <!-- orderView_User -->
  <testcase name="orderView_User" classname="testcases.workflows.OrderViewTest">
    <skipped/>
  </testcase> <!-- orderView_User -->
  <testcase name="soapUI_OrderPlace" classname="testcases.workflows.OrderViewTest">
    <skipped/>
  </testcase> <!-- soapUI_OrderPlace -->
  <testcase name="soapUI_OrderPlace" classname="testcases.workflows.OrderViewTest">
    <skipped/>
  </testcase> <!-- soapUI_OrderPlace -->
  <testcase name="soapUI_OrderPlace" classname="testcases.workflows.OrderViewTest">
    <skipped/>
  </testcase> <!-- soapUI_OrderPlace -->
  <testcase name="soapUI_OrderPlace" classname="testcases.workflows.OrderViewTest">
    <skipped/>
  </testcase> <!-- soapUI_OrderPlace -->
  <testcase name="soapUI_DesAdv" classname="testcases.workflows.OrderViewTest">
    <skipped/>
  </testcase> <!-- soapUI_DesAdv -->
  <testcase name="soapUI_DesAdv" classname="testcases.workflows.OrderViewTest">
    <skipped/>
  </testcase> <!-- soapUI_DesAdv -->
  <testcase name="soapUI_DesAdv" classname="testcases.workflows.OrderViewTest">
    <skipped/>
  </testcase> <!-- soapUI_DesAdv -->
  <testcase name="soapUI_DesAdv" classname="testcases.workflows.OrderViewTest">
    <skipped/>
  </testcase> <!-- soapUI_DesAdv -->
  <testcase name="soapUI_InProgress" classname="testcases.workflows.OrderViewTest">
    <skipped/>
  </testcase> <!-- soapUI_InProgress -->
  <testcase name="soapUI_InProgress" classname="testcases.workflows.OrderViewTest">
    <skipped/>
  </testcase> <!-- soapUI_InProgress -->
  <testcase name="soapUI_InProgress" classname="testcases.workflows.OrderViewTest">
    <skipped/>
  </testcase> <!-- soapUI_InProgress -->
  <testcase name="soapUI_InProgress" classname="testcases.workflows.OrderViewTest">
    <skipped/>
  </testcase> <!-- soapUI_InProgress -->
  <testcase name="soapUI_Invoice" classname="testcases.workflows.OrderViewTest">
    <skipped/>
  </testcase> <!-- soapUI_Invoice -->
  <testcase name="soapUI_Invoice" classname="testcases.workflows.OrderViewTest">
    <skipped/>
  </testcase> <!-- soapUI_Invoice -->
  <testcase name="soapUI_Invoice" classname="testcases.workflows.OrderViewTest">
    <skipped/>
  </testcase> <!-- soapUI_Invoice -->
  <testcase name="soapUI_Invoice" classname="testcases.workflows.OrderViewTest">
    <skipped/>
  </testcase> <!-- soapUI_Invoice -->
  <testcase name="CommunityAdmin_PlantConfig" classname="testcases.workflows.ConfigurationTest">
    <skipped/>
  </testcase> <!-- CommunityAdmin_PlantConfig -->
  <testcase name="CommunityAdmin_ReasonCode" classname="testcases.workflows.ConfigurationTest">
    <skipped/>
  </testcase> <!-- CommunityAdmin_ReasonCode -->
  <testcase name="CommunityAdmin_PlantConfig" classname="testcases.workflows.ConfigurationTest">
    <skipped/>
  </testcase> <!-- CommunityAdmin_PlantConfig -->
  <testcase name="CommunityAdmin_ReasonCode" classname="testcases.workflows.ConfigurationTest">
    <skipped/>
  </testcase> <!-- CommunityAdmin_ReasonCode -->
  <testcase name="CommunityAdmin_UOMConfig" classname="testcases.workflows.ConfigurationTest">
    <skipped/>
  </testcase> <!-- CommunityAdmin_UOMConfig -->
  <testcase name="CommunityAdmin_UOMConfig" classname="testcases.workflows.ConfigurationTest">
    <skipped/>
  </testcase> <!-- CommunityAdmin_UOMConfig -->
</testsuite> <!-- testcases.workflows.ConfigurationTest -->
