<?xml version="1.0" encoding="UTF-8"?>
<!-- Generated by org.testng.reporters.JUnitXMLReporter -->
<testsuite hostname="BANCUSTOMQA01" ignored="1" name="10:OrdersViewTestCases" tests="1" failures="1" timestamp="17 Apr 2019 04:15:29 GMT" time="100.428" errors="0">
  <testcase name="orderView_User" time="100.344" classname="testcases.workflows.OrderViewTest">
    <failure type="java.lang.AssertionError" message="null">
      <![CDATA[java.lang.AssertionError: null
	at pages.pageclasses.ViewOrdersPage.OrdersList(ViewOrdersPage.java:276)
	at pages.pageclasses.ViewOrdersPage.OrdersScreenPage(ViewOrdersPage.java:588)
	at testcases.workflows.OrderViewTest.orderView_User(OrderViewTest.java:86)
... Removed 30 stack frames]]>
    </failure>
  </testcase> <!-- orderView_User -->
  <testcase name="soapUI_OrderPlace" time="0.0" classname="testcases.workflows.OrderViewTest">
    <ignored/>
  </testcase> <!-- soapUI_OrderPlace -->
</testsuite> <!-- 10:OrdersViewTestCases -->
