<?xml version="1.0" encoding="UTF-8"?>
<!-- Generated by org.testng.reporters.JUnitXMLReporter -->
<testsuite hostname="BANCUSTOMQA01" ignored="0" name="10:UserTestCases" tests="1" failures="1" timestamp="18 Apr 2019 08:48:47 GMT" time="156.634" errors="0">
  <testcase name="CommunityAdmin_TerritoryManagementUser" time="156.588" classname="testcases.workflows.TerritoryManagementTest">
    <failure type="java.lang.AssertionError" message="null">
      <![CDATA[java.lang.AssertionError: null
	at utilities.webdriverfunctions.WebDriverMethods.click_element(WebDriverMethods.java:1161)
	at pages.pageclasses.CreateTerritoryManagementUserPage.viewTerritoryAfterCreation(CreateTerritoryManagementUserPage.java:194)
	at pages.pageclasses.CreateTerritoryManagementUserPage.TerritoryListPage(CreateTerritoryManagementUserPage.java:357)
	at testcases.workflows.TerritoryManagementTest.CommunityAdmin_TerritoryManagementUser(TerritoryManagementTest.java:46)
... Removed 30 stack frames]]>
    </failure>
  </testcase> <!-- CommunityAdmin_TerritoryManagementUser -->
</testsuite> <!-- 10:UserTestCases -->
