<?xml version="1.0" encoding="UTF-8"?>
<!-- Generated by org.testng.reporters.JUnitXMLReporter -->
<testsuite hostname="BANCUSTOMQA01" ignored="0" name="1:CommunityCreationTestCases" tests="1" failures="1" timestamp="17 Sep 2018 11:49:51 GMT" time="46.424" errors="0">
  <testcase name="CommunityAdmin_Create_MarketAndCompany" time="45.145" classname="testcases.workflows.CompleteNestleWorkflowTest">
    <failure type="java.lang.AssertionError" message="null">
      <![CDATA[java.lang.AssertionError: null
	at pages.pageclasses.NavigationPage.createNewMarket(NavigationPage.java:166)
	at testcases.workflows.CompleteNestleWorkflowTest.CommunityAdmin_Create_MarketAndCompany(CompleteNestleWorkflowTest.java:77)
... Removed 30 stack frames]]>
    </failure>
  </testcase> <!-- CommunityAdmin_Create_MarketAndCompany -->
</testsuite> <!-- 1:CommunityCreationTestCases -->
