<?xml version="1.0" encoding="UTF-8"?>
<!-- Generated by org.testng.reporters.JUnitXMLReporter -->
<testsuite hostname="BANCUSTOMQA01" ignored="2" name="3:UserTestCases" tests="2" failures="2" timestamp="12 Feb 2019 04:45:38 GMT" time="257.925" errors="0">
  <testcase name="CommunityAdmin_NonTerritoryUser" time="92.133" classname="testcases.workflows.NonTerritoryUserTest">
    <failure type="java.lang.NoSuchMethodError" message="com.vimalselvam.testng.listener.ExtentTestNgFormatter.log(Ljava/lang/String;)V">
      <![CDATA[java.lang.NoSuchMethodError: com.vimalselvam.testng.listener.ExtentTestNgFormatter.log(Ljava/lang/String;)V
	at utilities.webdriverfunctions.WebDriverMethods.wait_for_element_tobe_visible_Bylocator(WebDriverMethods.java:1114)
	at pages.pageclasses.LoginPage.loginToNestle(LoginPage.java:70)
	at testcases.workflows.NonTerritoryUserTest.CommunityAdmin_NonTerritoryUser(NonTerritoryUserTest.java:55)
... Removed 28 stack frames]]>
    </failure>
  </testcase> <!-- CommunityAdmin_NonTerritoryUser -->
  <testcase name="CommunityAdmin_TerritoryManagementUser" time="163.638" classname="testcases.workflows.TerritoryManagementTest">
    <failure type="java.lang.NoSuchMethodError" message="com.vimalselvam.testng.listener.ExtentTestNgFormatter.log(Ljava/lang/String;)V">
      <![CDATA[java.lang.NoSuchMethodError: com.vimalselvam.testng.listener.ExtentTestNgFormatter.log(Ljava/lang/String;)V
	at utilities.webdriverfunctions.WebDriverMethods.wait_for_element_tobe_visible_Bylocator(WebDriverMethods.java:1114)
	at pages.pageclasses.LoginPage.loginToNestle(LoginPage.java:70)
	at testcases.workflows.TerritoryManagementTest.CommunityAdmin_TerritoryManagementUser(TerritoryManagementTest.java:42)
... Removed 28 stack frames]]>
    </failure>
  </testcase> <!-- CommunityAdmin_TerritoryManagementUser -->
  <testcase name="@BeforeSuite setup_suite_initials" time="0.0" classname="testcases.commontoall.CommonToAllTests">
    <ignored/>
  </testcase> <!-- @BeforeSuite setup_suite_initials -->
  <testcase name="@AfterSuite callBatchForEmailReports" time="0.0" classname="testcases.commontoall.CommonToAllTests">
    <ignored/>
  </testcase> <!-- @AfterSuite callBatchForEmailReports -->
</testsuite> <!-- 3:UserTestCases -->
