<?xml version="1.0" encoding="UTF-8"?>
<!-- Generated by org.testng.reporters.JUnitXMLReporter -->
<testsuite hostname="BANCUSTOMQA01" ignored="0" name="4:LoginTestCases" tests="2" failures="2" timestamp="12 Feb 2019 04:48:35 GMT" time="176.723" errors="0">
  <testcase name="validationForgotPassword" time="91.123" classname="testcases.workflows.LoginPageTest">
    <failure type="java.lang.NoSuchMethodError" message="com.vimalselvam.testng.listener.ExtentTestNgFormatter.log(Ljava/lang/String;)V">
      <![CDATA[java.lang.NoSuchMethodError: com.vimalselvam.testng.listener.ExtentTestNgFormatter.log(Ljava/lang/String;)V
	at utilities.webdriverfunctions.WebDriverMethods.wait_for_element_tobe_visible_Bylocator(WebDriverMethods.java:1114)
	at pages.pageclasses.LoginPage.ForgotPassword(LoginPage.java:151)
	at testcases.workflows.LoginPageTest.validationForgotPassword(LoginPageTest.java:32)
... Removed 28 stack frames]]>
    </failure>
  </testcase> <!-- validationForgotPassword -->
  <testcase name="LoginPageValidation" time="84.702" classname="testcases.workflows.LoginPageTest">
    <failure type="java.lang.AssertionError" message="null">
      <![CDATA[java.lang.AssertionError: null
	at pages.pageclasses.LoginPage.ValidateLogoplaystorelink(LoginPage.java:240)
	at testcases.workflows.LoginPageTest.LoginPageValidation(LoginPageTest.java:44)
... Removed 30 stack frames]]>
    </failure>
  </testcase> <!-- LoginPageValidation -->
</testsuite> <!-- 4:LoginTestCases -->
