<?xml version="1.0" encoding="UTF-8"?>
<!-- Generated by org.testng.reporters.JUnitXMLReporter -->
<testsuite hostname="BANCUSTOMQA01" ignored="2" name="6:ConfigurationTestCases_ReasonCode" tests="1" failures="1" timestamp="18 Apr 2019 08:42:05 GMT" time="133.564" errors="0">
  <testcase name="CommunityAdmin_ReasonCode" time="133.241" classname="testcases.workflows.ConfigurationTest">
    <failure type="java.lang.AssertionError" message="null">
      <![CDATA[java.lang.AssertionError: null
	at utilities.webdriverfunctions.WebDriverMethods.wait_for_element_tobe_visible(WebDriverMethods.java:830)
	at pages.pageclasses.CreateReasonCodePage.ReasonCodeListPage(CreateReasonCodePage.java:332)
	at testcases.workflows.ConfigurationTest.CommunityAdmin_ReasonCode(ConfigurationTest.java:89)
... Removed 30 stack frames]]>
    </failure>
  </testcase> <!-- CommunityAdmin_ReasonCode -->
  <testcase name="CommunityAdmin_PlantConfig" time="0.0" classname="testcases.workflows.ConfigurationTest">
    <ignored/>
  </testcase> <!-- CommunityAdmin_PlantConfig -->
  <testcase name="CommunityAdmin_UOMConfig" time="0.0" classname="testcases.workflows.ConfigurationTest">
    <ignored/>
  </testcase> <!-- CommunityAdmin_UOMConfig -->
</testsuite> <!-- 6:ConfigurationTestCases_ReasonCode -->
