<?xml version="1.0" encoding="UTF-8"?>
<!-- Generated by org.testng.reporters.JUnitXMLReporter -->
<testsuite hostname="BANCUSTOMQA01" ignored="2" name="6:ConfigurationTestCases_PlantCode" tests="1" failures="1" timestamp="17 Apr 2019 04:07:57 GMT" time="94.197" errors="0">
  <testcase name="CommunityAdmin_PlantConfig" time="93.95" classname="testcases.workflows.ConfigurationTest">
    <failure type="java.lang.AssertionError" message="null">
      <![CDATA[java.lang.AssertionError: null
	at pages.pageclasses.CreatePlantCodePage.viewPlantCodeAfterCreation(CreatePlantCodePage.java:200)
	at pages.pageclasses.CreatePlantCodePage.PlantCodeListPage(CreatePlantCodePage.java:319)
	at testcases.workflows.ConfigurationTest.CommunityAdmin_PlantConfig(ConfigurationTest.java:129)
... Removed 30 stack frames]]>
    </failure>
  </testcase> <!-- CommunityAdmin_PlantConfig -->
  <testcase name="CommunityAdmin_ReasonCode" time="0.0" classname="testcases.workflows.ConfigurationTest">
    <ignored/>
  </testcase> <!-- CommunityAdmin_ReasonCode -->
  <testcase name="CommunityAdmin_UOMConfig" time="0.0" classname="testcases.workflows.ConfigurationTest">
    <ignored/>
  </testcase> <!-- CommunityAdmin_UOMConfig -->
</testsuite> <!-- 6:ConfigurationTestCases_PlantCode -->
