<?xml version="1.0" encoding="UTF-8"?>
<!-- Generated by org.testng.reporters.JUnitXMLReporter -->
<testsuite hostname="BANCUSTOMQA05" ignored="6" name="10:WorkFLows_EquityTestCases" tests="12" failures="5" timestamp="30 Mar 2018 04:19:46 GMT" time="1609.645" errors="0">
  <testcase name="@AfterMethod end_test_update_results" time="0.0" classname="testcases.commontoall.CommonToAllTests">
    <failure type="java.lang.AssertionError" message="null">
      <![CDATA[java.lang.AssertionError: null
	at utilities.webdriverfunctions.WebDriverMethods.capture_screenshot(WebDriverMethods.java:149)
	at testcases.commontoall.CommonToAllTests.end_test_update_results(CommonToAllTests.java:150)
... Removed 31 stack frames]]>
    </failure>
  </testcase> <!-- @AfterMethod end_test_update_results -->
  <testcase name="@AfterMethod end_test_update_results" time="0.0" classname="testcases.commontoall.CommonToAllTests">
    <skipped/>
  </testcase> <!-- @AfterMethod end_test_update_results -->
  <testcase name="@AfterMethod end_test_update_results" time="0.0" classname="testcases.commontoall.CommonToAllTests">
    <skipped/>
  </testcase> <!-- @AfterMethod end_test_update_results -->
  <testcase name="@AfterMethod end_test_update_results" time="0.0" classname="testcases.commontoall.CommonToAllTests">
    <skipped/>
  </testcase> <!-- @AfterMethod end_test_update_results -->
  <testcase name="@AfterMethod end_test_update_results" time="0.0" classname="testcases.commontoall.CommonToAllTests">
    <skipped/>
  </testcase> <!-- @AfterMethod end_test_update_results -->
  <testcase name="@AfterMethod end_test_update_results" time="0.0" classname="testcases.commontoall.CommonToAllTests">
    <skipped/>
  </testcase> <!-- @AfterMethod end_test_update_results -->
  <testcase name="@AfterMethod end_test_update_results" time="0.0" classname="testcases.commontoall.CommonToAllTests">
    <skipped/>
  </testcase> <!-- @AfterMethod end_test_update_results -->
  <testcase name="CITI_Equities_Settled_FX_Pulse" time="225.417" classname="testcases.workflows.EquityWorkFlowsTests">
    <failure type="java.lang.AssertionError" message="null">
      <![CDATA[java.lang.AssertionError: null
	at pages.pageclasses.OrderMgtPage.verifyFundOrderStatusID(OrderMgtPage.java:2500)
	at testcases.workflows.EquityWorkFlowsTests.equities_Workflow(EquityWorkFlowsTests.java:350)
	at testcases.workflows.EquityWorkFlowsTests.CITI_Equities_Settled_FX_Pulse(EquityWorkFlowsTests.java:124)
... Removed 30 stack frames]]>
    </failure>
  </testcase> <!-- CITI_Equities_Settled_FX_Pulse -->
  <testcase name="CITI_Equities_Settled_FX_Pulse" time="243.279" classname="testcases.workflows.EquityWorkFlowsTests">
    <failure type="java.lang.AssertionError" message="null">
      <![CDATA[java.lang.AssertionError: null
	at testcases.workflows.EquityWorkFlowsTests.equities_Workflow(EquityWorkFlowsTests.java:343)
	at testcases.workflows.EquityWorkFlowsTests.CITI_Equities_Settled_FX_Pulse(EquityWorkFlowsTests.java:124)
... Removed 30 stack frames]]>
    </failure>
  </testcase> <!-- CITI_Equities_Settled_FX_Pulse -->
  <testcase name="CITI_Equities_Settled_FX_Pulse" time="255.435" classname="testcases.workflows.EquityWorkFlowsTests">
    <failure type="java.lang.AssertionError" message="null">
      <![CDATA[java.lang.AssertionError: null
	at testcases.workflows.EquityWorkFlowsTests.equities_Workflow(EquityWorkFlowsTests.java:343)
	at testcases.workflows.EquityWorkFlowsTests.CITI_Equities_Settled_FX_Pulse(EquityWorkFlowsTests.java:124)
... Removed 30 stack frames]]>
    </failure>
  </testcase> <!-- CITI_Equities_Settled_FX_Pulse -->
  <testcase name="CITI_Equities_Settled_FX_Pulse" time="228.553" classname="testcases.workflows.EquityWorkFlowsTests">
    <failure type="java.lang.AssertionError" message="null">
      <![CDATA[java.lang.AssertionError: null
	at pages.pageclasses.OrderMgtPage.verifyFundOrderStatusID(OrderMgtPage.java:2500)
	at testcases.workflows.EquityWorkFlowsTests.equities_Workflow(EquityWorkFlowsTests.java:350)
	at testcases.workflows.EquityWorkFlowsTests.CITI_Equities_Settled_FX_Pulse(EquityWorkFlowsTests.java:124)
... Removed 30 stack frames]]>
    </failure>
  </testcase> <!-- CITI_Equities_Settled_FX_Pulse -->
  <testcase name="CITI_Equities_Settled_FX_Pulse" time="449.907" classname="testcases.workflows.EquityWorkFlowsTests"/>
  <testcase name="CITI_Equities_Settled_FX_Pulse" time="94.838" classname="testcases.workflows.EquityWorkFlowsTests">
    <failure type="java.lang.AssertionError" message="null">
      <![CDATA[java.lang.AssertionError: null
	at pages.pageclasses.LoginPage.loginToOTM(LoginPage.java:164)
	at testcases.workflows.EquityWorkFlowsTests.equities_Workflow(EquityWorkFlowsTests.java:185)
	at testcases.workflows.EquityWorkFlowsTests.CITI_Equities_Settled_FX_Pulse(EquityWorkFlowsTests.java:124)
... Removed 30 stack frames]]>
    </failure>
  </testcase> <!-- CITI_Equities_Settled_FX_Pulse -->
  <testcase name="CITI_Equities_CGMDropCopy" time="0.0" classname="testcases.workflows.EquityWorkFlowsTests">
    <skipped/>
  </testcase> <!-- CITI_Equities_CGMDropCopy -->
  <testcase name="CITI_Equities_CGMDropCopy" time="0.0" classname="testcases.workflows.EquityWorkFlowsTests">
    <skipped/>
  </testcase> <!-- CITI_Equities_CGMDropCopy -->
  <testcase name="CITI_Equities_CGMDropCopy" time="0.0" classname="testcases.workflows.EquityWorkFlowsTests">
    <skipped/>
  </testcase> <!-- CITI_Equities_CGMDropCopy -->
  <testcase name="CITI_Equities_CGMDropCopy" time="0.0" classname="testcases.workflows.EquityWorkFlowsTests">
    <skipped/>
  </testcase> <!-- CITI_Equities_CGMDropCopy -->
  <testcase name="CITI_Equities_CGMDropCopy" time="0.0" classname="testcases.workflows.EquityWorkFlowsTests">
    <skipped/>
  </testcase> <!-- CITI_Equities_CGMDropCopy -->
  <testcase name="CITI_Equities_CGMDropCopy" time="0.0" classname="testcases.workflows.EquityWorkFlowsTests">
    <skipped/>
  </testcase> <!-- CITI_Equities_CGMDropCopy -->
  <testcase name="CITI_Equities_OrderPlacement_OperationsLogin" time="0.0" classname="testcases.workflows.EquityWorkFlowsTests">
    <ignored/>
  </testcase> <!-- CITI_Equities_OrderPlacement_OperationsLogin -->
  <testcase name="CITI_Equities_OrderPlacement_ClientLogin" time="0.0" classname="testcases.workflows.EquityWorkFlowsTests">
    <ignored/>
  </testcase> <!-- CITI_Equities_OrderPlacement_ClientLogin -->
  <testcase name="CITI_Equities_Settlement_Fix_Swift_Messages_NewUI" time="0.0" classname="testcases.workflows.EquityWorkFlowsTests">
    <ignored/>
  </testcase> <!-- CITI_Equities_Settlement_Fix_Swift_Messages_NewUI -->
  <testcase name="CITI_OrderMgt_Audit_Reg_ViewAccessUser" time="0.0" classname="testcases.workflows.EquityWorkFlowsTests">
    <ignored/>
  </testcase> <!-- CITI_OrderMgt_Audit_Reg_ViewAccessUser -->
  <testcase name="CITI_Funds_Equities_Entitlement_ApplicationAccess" time="0.0" classname="testcases.workflows.EquityWorkFlowsTests">
    <ignored/>
  </testcase> <!-- CITI_Funds_Equities_Entitlement_ApplicationAccess -->
  <testcase name="CITI_Equities_Settlement_Fix_Swift_Messages" time="0.0" classname="testcases.workflows.EquityWorkFlowsTests">
    <ignored/>
  </testcase> <!-- CITI_Equities_Settlement_Fix_Swift_Messages -->
</testsuite> <!-- 10:WorkFLows_EquityTestCases -->
