<?xml version="1.0" encoding="UTF-8"?>
<!-- Generated by org.testng.reporters.JUnitXMLReporter -->
<testsuite hostname="BANCUSTOMQA05" ignored="0" name="1:FileUpload_TestCases" tests="2" failures="1" timestamp="17 Nov 2017 05:23:25 GMT" time="442.345" errors="0">
  <testcase name="@AfterMethod end_test_update_results" time="0.0" classname="testcases.commontoall.CommonToAllTests">
    <failure type="java.lang.AssertionError" message="null">
      <![CDATA[java.lang.AssertionError: null
	at utilities.webdriverfunctions.WebDriverMethods.capture_screenshot(WebDriverMethods.java:142)
	at utilities.webdriverfunctions.WebDriverMethods.update_result_quit_browser(WebDriverMethods.java:150)
	at testcases.commontoall.CommonToAllTests.end_test_update_results(CommonToAllTests.java:82)
... Removed 32 stack frames]]>
    </failure>
  </testcase> <!-- @AfterMethod end_test_update_results -->
  <testcase name="CITI_USMF_Funds_Order_File_Upload" time="384.761" classname="testcases.workflows.OrdersFileUploadTests"/>
  <testcase name="CITI_Equities_Order_File_Upload" time="42.28" classname="testcases.workflows.OrdersFileUploadTests">
    <failure type="java.lang.AssertionError" message="null">
      <![CDATA[java.lang.AssertionError: null
	at utilities.webdriverfunctions.WebDriverMethods.actions_double_click(WebDriverMethods.java:398)
	at pages.pageclasses.OrderEntryPage.equityOrderFileUpload(OrderEntryPage.java:897)
	at testcases.workflows.OrdersFileUploadTests.CITI_Equities_Order_File_Upload(OrdersFileUploadTests.java:84)
... Removed 30 stack frames]]>
    </failure>
  </testcase> <!-- CITI_Equities_Order_File_Upload -->
</testsuite> <!-- 1:FileUpload_TestCases -->
