<?xml version="1.0" encoding="UTF-8"?>
<!-- Generated by org.testng.reporters.JUnitXMLReporter -->
<testsuite hostname="BANCUSTOMQA05" ignored="6" name="1:WorkFLows_FundOrderTestCases" tests="14" failures="1" timestamp="24 Mar 2018 06:22:38 GMT" time="10510.132" errors="0">
  <testcase name="CITI_Fund_Settled_Trade_FundSettle" time="405.867" classname="testcases.workflows.FundOrderFlowTests"/>
  <testcase name="CITI_Vestima_Fund_Order" time="364.713" classname="testcases.workflows.FundOrderFlowTests">
    <failure type="java.lang.AssertionError" message="Element is not loaded in time, Proxy element for: DefaultElementLocator &amp;apos;By.xpath: //input[@name=&amp;apos;price&amp;apos;]&amp;apos;">
      <![CDATA[java.lang.AssertionError: Element is not loaded in time, Proxy element for: DefaultElementLocator 'By.xpath: //input[@name='price']'
	at utilities.webdriverfunctions.WebDriverMethods.clear_entertext(WebDriverMethods.java:299)
	at pages.pageclasses.OrderMgtPage.fundConfirmOrder(OrderMgtPage.java:1168)
	at testcases.workflows.FundOrderFlowTests.CITI_Vestima_Fund_Order(FundOrderFlowTests.java:422)
... Removed 29 stack frames]]>
    </failure>
  </testcase> <!-- CITI_Vestima_Fund_Order -->
  <testcase name="CITI_Vestima_Fund_Order" time="492.264" classname="testcases.workflows.FundOrderFlowTests"/>
  <testcase name="CITI_Vestima_Fund_Order" time="481.309" classname="testcases.workflows.FundOrderFlowTests"/>
  <testcase name="CITI_Vestima_Fund_Order" time="480.399" classname="testcases.workflows.FundOrderFlowTests"/>
  <testcase name="CITI_Fund_Order_Entry_CIS" time="895.699" classname="testcases.workflows.FundOrderFlowTests"/>
  <testcase name="CITI_Fund_Order_Entry_CIS" time="1053.949" classname="testcases.workflows.FundOrderFlowTests"/>
  <testcase name="CITI_Fund_Order_Entry_CIS" time="1035.549" classname="testcases.workflows.FundOrderFlowTests"/>
  <testcase name="CITI_Fund_Order_Entry_CIS" time="967.926" classname="testcases.workflows.FundOrderFlowTests"/>
  <testcase name="CITI_Fund_Order_Entry_CIS" time="945.74" classname="testcases.workflows.FundOrderFlowTests"/>
  <testcase name="CITI_Fund_REDM_With_Holdings_CIS" time="1098.591" classname="testcases.workflows.FundOrderFlowTests"/>
  <testcase name="CITI_Fund_REDM_With_Holdings_CIS" time="1001.511" classname="testcases.workflows.FundOrderFlowTests"/>
  <testcase name="CITI_Fund_REDM_With_Holdings_CIS" time="1005.369" classname="testcases.workflows.FundOrderFlowTests"/>
  <testcase name="CITI_Multihub_Routing_FS" time="269.715" classname="testcases.workflows.FundOrderFlowTests"/>
  <testcase name="CITI_Funds_Entitlement_OperationsUser_Sing" time="0.0" classname="testcases.workflows.FundOrderFlowTests">
    <ignored/>
  </testcase> <!-- CITI_Funds_Entitlement_OperationsUser_Sing -->
  <testcase name="CITI_Funds_Entitlement_ViewAccessLogin" time="0.0" classname="testcases.workflows.FundOrderFlowTests">
    <ignored/>
  </testcase> <!-- CITI_Funds_Entitlement_ViewAccessLogin -->
  <testcase name="CITI_Funds_Entitlement_OperationsUser_Hk" time="0.0" classname="testcases.workflows.FundOrderFlowTests">
    <ignored/>
  </testcase> <!-- CITI_Funds_Entitlement_OperationsUser_Hk -->
  <testcase name="CITI_Funds_Entitlement_ApplicationAccess" time="0.0" classname="testcases.workflows.FundOrderFlowTests">
    <ignored/>
  </testcase> <!-- CITI_Funds_Entitlement_ApplicationAccess -->
  <testcase name="CITI_Funds_Entitlement_OperationsUser_Dublin" time="0.0" classname="testcases.workflows.FundOrderFlowTests">
    <ignored/>
  </testcase> <!-- CITI_Funds_Entitlement_OperationsUser_Dublin -->
  <testcase name="CITI_Funds_Entitlement_OperationsUser_Tampa" time="0.0" classname="testcases.workflows.FundOrderFlowTests">
    <ignored/>
  </testcase> <!-- CITI_Funds_Entitlement_OperationsUser_Tampa -->
</testsuite> <!-- 1:WorkFLows_FundOrderTestCases -->
