<?xml version="1.0" encoding="UTF-8"?>
<!-- Generated by org.testng.reporters.JUnitXMLReporter -->
<testsuite hostname="BANCUSTOMQA05" ignored="13" name="2:ApplicationView_Entitlement_TestCases" tests="8" failures="1" timestamp="19 Mar 2018 14:18:58 GMT" time="180.839" errors="0">
  <testcase name="@AfterMethod end_test_update_results" time="0.0" classname="testcases.commontoall.CommonToAllTests">
    <failure type="java.lang.AssertionError" message="null">
      <![CDATA[java.lang.AssertionError: null
	at utilities.webdriverfunctions.WebDriverMethods.capture_screenshot(WebDriverMethods.java:149)
	at testcases.commontoall.CommonToAllTests.end_test_update_results(CommonToAllTests.java:150)
... Removed 32 stack frames]]>
    </failure>
  </testcase> <!-- @AfterMethod end_test_update_results -->
  <testcase name="@AfterMethod end_test_update_results" time="0.0" classname="testcases.commontoall.CommonToAllTests">
    <skipped/>
  </testcase> <!-- @AfterMethod end_test_update_results -->
  <testcase name="@AfterMethod end_test_update_results" time="0.0" classname="testcases.commontoall.CommonToAllTests">
    <skipped/>
  </testcase> <!-- @AfterMethod end_test_update_results -->
  <testcase name="@AfterMethod end_test_update_results" time="0.0" classname="testcases.commontoall.CommonToAllTests">
    <skipped/>
  </testcase> <!-- @AfterMethod end_test_update_results -->
  <testcase name="@AfterMethod end_test_update_results" time="0.0" classname="testcases.commontoall.CommonToAllTests">
    <skipped/>
  </testcase> <!-- @AfterMethod end_test_update_results -->
  <testcase name="@AfterMethod end_test_update_results" time="0.0" classname="testcases.commontoall.CommonToAllTests">
    <skipped/>
  </testcase> <!-- @AfterMethod end_test_update_results -->
  <testcase name="@AfterMethod end_test_update_results" time="0.0" classname="testcases.commontoall.CommonToAllTests">
    <skipped/>
  </testcase> <!-- @AfterMethod end_test_update_results -->
  <testcase name="@AfterMethod end_test_update_results" time="0.0" classname="testcases.commontoall.CommonToAllTests">
    <skipped/>
  </testcase> <!-- @AfterMethod end_test_update_results -->
  <testcase name="CITI_Funds_Entitlement_ApplicationAccess" time="179.824" classname="testcases.workflows.FundOrderFlowTests">
    <failure type="java.lang.AssertionError" message="null">
      <![CDATA[java.lang.AssertionError: null
	at pages.pageclasses.LoginPage.loginToOTM(LoginPage.java:162)
	at testcases.workflows.FundOrderFlowTests.CITI_Funds_Entitlement_ApplicationAccess(FundOrderFlowTests.java:328)
... Removed 30 stack frames]]>
    </failure>
  </testcase> <!-- CITI_Funds_Entitlement_ApplicationAccess -->
  <testcase name="CITI_Funds_Entitlement_ViewAccessLogin" time="0.0" classname="testcases.workflows.FundOrderFlowTests">
    <skipped/>
  </testcase> <!-- CITI_Funds_Entitlement_ViewAccessLogin -->
  <testcase name="CITI_Funds_Entitlement_OperationsUser_Dublin" time="0.0" classname="testcases.workflows.FundOrderFlowTests">
    <skipped/>
  </testcase> <!-- CITI_Funds_Entitlement_OperationsUser_Dublin -->
  <testcase name="CITI_Funds_Entitlement_OperationsUser_Tampa" time="0.0" classname="testcases.workflows.FundOrderFlowTests">
    <skipped/>
  </testcase> <!-- CITI_Funds_Entitlement_OperationsUser_Tampa -->
  <testcase name="CITI_Funds_Entitlement_OperationsUser_Hk" time="0.0" classname="testcases.workflows.FundOrderFlowTests">
    <skipped/>
  </testcase> <!-- CITI_Funds_Entitlement_OperationsUser_Hk -->
  <testcase name="CITI_Funds_Entitlement_OperationsUser_Sing" time="0.0" classname="testcases.workflows.FundOrderFlowTests">
    <skipped/>
  </testcase> <!-- CITI_Funds_Entitlement_OperationsUser_Sing -->
  <testcase name="CITI_OrderMgt_Audit_Reg_ViewAccessUser" time="0.0" classname="testcases.workflows.EquityWorkFlowsTests">
    <skipped/>
  </testcase> <!-- CITI_OrderMgt_Audit_Reg_ViewAccessUser -->
  <testcase name="CITI_Funds_Equities_Entitlement_ApplicationAccess" time="0.0" classname="testcases.workflows.EquityWorkFlowsTests">
    <skipped/>
  </testcase> <!-- CITI_Funds_Equities_Entitlement_ApplicationAccess -->
  <testcase name="CITI_Equities_OrderPlacement_OperationsLogin" time="0.0" classname="testcases.workflows.EquityWorkFlowsTests">
    <ignored/>
  </testcase> <!-- CITI_Equities_OrderPlacement_OperationsLogin -->
  <testcase name="CITI_Vestima_Fund_Order" time="0.0" classname="testcases.workflows.FundOrderFlowTests">
    <ignored/>
  </testcase> <!-- CITI_Vestima_Fund_Order -->
  <testcase name="@BeforeSuite setup_suite_initials" time="0.0" classname="testcases.commontoall.CommonToAllTests">
    <ignored/>
  </testcase> <!-- @BeforeSuite setup_suite_initials -->
  <testcase name="CITI_Fund_REDM_With_Holdings_CIS" time="0.0" classname="testcases.workflows.FundOrderFlowTests">
    <ignored/>
  </testcase> <!-- CITI_Fund_REDM_With_Holdings_CIS -->
  <testcase name="CITI_Equities_Settled_FX_Pulse" time="0.0" classname="testcases.workflows.EquityWorkFlowsTests">
    <ignored/>
  </testcase> <!-- CITI_Equities_Settled_FX_Pulse -->
  <testcase name="CITI_Equities_Settlement_Fix_Swift_Messages_NewUI" time="0.0" classname="testcases.workflows.EquityWorkFlowsTests">
    <ignored/>
  </testcase> <!-- CITI_Equities_Settlement_Fix_Swift_Messages_NewUI -->
  <testcase name="@AfterSuite end_testsuite_update_results" time="0.0" classname="testcases.commontoall.CommonToAllTests">
    <ignored/>
  </testcase> <!-- @AfterSuite end_testsuite_update_results -->
  <testcase name="CITI_Equities_CGMDropCopy" time="0.0" classname="testcases.workflows.EquityWorkFlowsTests">
    <ignored/>
  </testcase> <!-- CITI_Equities_CGMDropCopy -->
  <testcase name="CITI_Equities_OrderPlacement_ClientLogin" time="0.0" classname="testcases.workflows.EquityWorkFlowsTests">
    <ignored/>
  </testcase> <!-- CITI_Equities_OrderPlacement_ClientLogin -->
  <testcase name="CITI_Fund_Settled_Trade_FundSettle" time="0.0" classname="testcases.workflows.FundOrderFlowTests">
    <ignored/>
  </testcase> <!-- CITI_Fund_Settled_Trade_FundSettle -->
  <testcase name="CITI_Multihub_Routing_FS" time="0.0" classname="testcases.workflows.FundOrderFlowTests">
    <ignored/>
  </testcase> <!-- CITI_Multihub_Routing_FS -->
  <testcase name="CITI_Fund_Order_Entry_CIS" time="0.0" classname="testcases.workflows.FundOrderFlowTests">
    <ignored/>
  </testcase> <!-- CITI_Fund_Order_Entry_CIS -->
  <testcase name="CITI_Equities_Settlement_Fix_Swift_Messages" time="0.0" classname="testcases.workflows.EquityWorkFlowsTests">
    <ignored/>
  </testcase> <!-- CITI_Equities_Settlement_Fix_Swift_Messages -->
</testsuite> <!-- 2:ApplicationView_Entitlement_TestCases -->
