<?xml version="1.0" encoding="UTF-8"?>
<!-- Generated by org.testng.reporters.JUnitXMLReporter -->
<testsuite hostname="BANCUSTOMQA05" ignored="0" name="2:ClientCreation_TestCases" tests="2" failures="1" timestamp="20 Dec 2017 09:05:18 GMT" time="92.104" errors="0">
  <testcase name="CITI_Equity_Parent_Client_Creation" time="84.526" classname="testcases.workflows.ClientSetupTests">
    <failure type="java.lang.AssertionError" message="null">
      <![CDATA[java.lang.AssertionError: null
	at utilities.webdriverfunctions.WebDriverMethods.click_element(WebDriverMethods.java:369)
	at pages.pageclasses.ClientCreationPage.ParentClientCreationAndReturnValue(ClientCreationPage.java:315)
	at testcases.workflows.ClientSetupTests.CITI_Equity_Parent_Client_Creation(ClientSetupTests.java:69)
... Removed 30 stack frames]]>
    </failure>
  </testcase> <!-- CITI_Equity_Parent_Client_Creation -->
  <testcase name="CITI_Equity_Client_Creation" time="0.0" classname="testcases.workflows.ClientSetupTests">
    <skipped/>
  </testcase> <!-- CITI_Equity_Client_Creation -->
</testsuite> <!-- 2:ClientCreation_TestCases -->
