<?xml version="1.0" encoding="UTF-8"?>
<!-- Generated by org.testng.reporters.JUnitXMLReporter -->
<testsuite hostname="BANCUSTOMQA05" ignored="0" name="2:EquityClientCreation_TestCases" tests="3" failures="1" timestamp="12 Dec 2017 04:10:01 GMT" time="613.359" errors="0">
  <testcase name="CITI_Equity_Parent_Client_Creation" time="280.331" classname="testcases.workflows.EquityClientSetup"/>
  <testcase name="CITI_Equity_Client_Creation" time="242.01" classname="testcases.workflows.EquityClientSetup"/>
  <testcase name="CITI_Equity_Client_Creation" time="74.084" classname="testcases.workflows.EquityClientSetup">
    <failure type="java.lang.AssertionError" message="null">
      <![CDATA[java.lang.AssertionError: null
	at utilities.webdriverfunctions.WebDriverMethods.click_element(WebDriverMethods.java:369)
	at pages.pageclasses.ClientCreationPage.E2C_ClientCreationEntryAndReturnValue(ClientCreationPage.java:331)
	at testcases.workflows.EquityClientSetup.CITI_Equity_Client_Creation(EquityClientSetup.java:217)
... Removed 30 stack frames]]>
    </failure>
  </testcase> <!-- CITI_Equity_Client_Creation -->
</testsuite> <!-- 2:EquityClientCreation_TestCases -->
