<?xml version="1.0" encoding="UTF-8"?>
<!-- Generated by org.testng.reporters.JUnitXMLReporter -->
<testsuite hostname="BANCUSTOMQA05" ignored="0" name="2:FileUpload_TestCases" tests="2" failures="1" timestamp="16 Nov 2017 06:11:59 GMT" time="378.424" errors="0">
  <testcase name="CITI_USMF_Funds_Order_File_Upload" time="244.649" classname="testcases.workflows.OrdersFileUploadTests">
    <failure type="java.lang.AssertionError" message="null">
      <![CDATA[java.lang.AssertionError: null
	at utilities.webdriverfunctions.WebDriverMethods.click_element(WebDriverMethods.java:369)
	at pages.pageclasses.LoginPage.logoutAndLogin(LoginPage.java:187)
	at testcases.workflows.OrdersFileUploadTests.CITI_USMF_Funds_Order_File_Upload(OrdersFileUploadTests.java:50)
... Removed 30 stack frames]]>
    </failure>
  </testcase> <!-- CITI_USMF_Funds_Order_File_Upload -->
  <testcase name="CITI_Equities_Order_File_Upload" time="108.46" classname="testcases.workflows.OrdersFileUploadTests"/>
</testsuite> <!-- 2:FileUpload_TestCases -->
