<?xml version="1.0" encoding="UTF-8"?>
<!-- Generated by org.testng.reporters.JUnitXMLReporter -->
<testsuite hostname="BANCUSTOMQA05" ignored="0" name="3:SSICreation_TestCases" tests="2" failures="1" timestamp="20 Dec 2017 09:06:34 GMT" time="75.588" errors="0">
  <testcase name="@AfterMethod end_test_update_results" time="0.0" classname="testcases.commontoall.CommonToAllTests">
    <failure type="java.lang.AssertionError" message="null">
      <![CDATA[java.lang.AssertionError: null
	at utilities.webdriverfunctions.WebDriverMethods.capture_screenshot(WebDriverMethods.java:142)
	at utilities.webdriverfunctions.WebDriverMethods.update_result_quit_browser(WebDriverMethods.java:150)
	at testcases.commontoall.CommonToAllTests.end_test_update_results(CommonToAllTests.java:84)
... Removed 32 stack frames]]>
    </failure>
  </testcase> <!-- @AfterMethod end_test_update_results -->
  <testcase name="@BeforeMethod setup_test_initials" time="0.0" classname="testcases.commontoall.CommonToAllTests">
    <skipped/>
  </testcase> <!-- @BeforeMethod setup_test_initials -->
  <testcase name="@AfterMethod end_test_update_results" time="0.0" classname="testcases.commontoall.CommonToAllTests">
    <skipped/>
  </testcase> <!-- @AfterMethod end_test_update_results -->
  <testcase name="CITI_SSI_Creation" time="69.399" classname="testcases.workflows.SSICreationTests">
    <failure type="org.openqa.selenium.NoSuchWindowException" message="Unable to get browser (WARNING: The server did not provide any stacktrace information)
Command duration or timeout: 0 milliseconds
Build info: version: &amp;apos;3.6.0&amp;apos;, revision: &amp;apos;6fbf3ec767&amp;apos;, time: &amp;apos;2017-09-27T15:28:36.4Z&amp;apos;
System info: host: &amp;apos;BANCUSTOMQA05&amp;apos;, ip: &amp;apos;10.96.85.207&amp;apos;, os.name: &amp;apos;Windows 7&amp;apos;, os.arch: &amp;apos;amd64&amp;apos;, os.version: &amp;apos;6.1&amp;apos;, java.version: &amp;apos;1.8.0_121&amp;apos;
Driver info: org.openqa.selenium.ie.InternetExplorerDriver
Capabilities [{browserAttachTimeout=0, ie.enableFullPageScreenshot=true, enablePersistentHover=true, ie.forceCreateProcessApi=false, ie.forceShellWindowsApi=false, pageLoadStrategy=normal, unhandledPromptBehavior=dismiss, ignoreZoomSetting=false, ie.fileUploadDialogTimeout=3000, version=11, platform=WINDOWS, nativeEvents=true, ie.ensureCleanSession=false, elementScrollBehavior=0, ie.browserCommandLineSwitches=, requireWindowFocus=false, browserName=internet explorer, initialBrowserUrl=http://localhost:39858/, javascriptEnabled=true, ignoreProtectedModeSettings=false, platformName=WINDOWS, enableElementCacheCleanup=true, unexpectedAlertBehaviour=dismiss}]
Session ID: 0cc6aa7b-066a-4846-9bb4-15038f65147c">
      <![CDATA[org.openqa.selenium.NoSuchWindowException: Unable to get browser (WARNING: The server did not provide any stacktrace information)
Command duration or timeout: 0 milliseconds
Build info: version: '3.6.0', revision: '6fbf3ec767', time: '2017-09-27T15:28:36.4Z'
System info: host: 'BANCUSTOMQA05', ip: '10.96.85.207', os.name: 'Windows 7', os.arch: 'amd64', os.version: '6.1', java.version: '1.8.0_121'
Driver info: org.openqa.selenium.ie.InternetExplorerDriver
Capabilities [{browserAttachTimeout=0, ie.enableFullPageScreenshot=true, enablePersistentHover=true, ie.forceCreateProcessApi=false, ie.forceShellWindowsApi=false, pageLoadStrategy=normal, unhandledPromptBehavior=dismiss, ignoreZoomSetting=false, ie.fileUploadDialogTimeout=3000, version=11, platform=WINDOWS, nativeEvents=true, ie.ensureCleanSession=false, elementScrollBehavior=0, ie.browserCommandLineSwitches=, requireWindowFocus=false, browserName=internet explorer, initialBrowserUrl=http://localhost:39858/, javascriptEnabled=true, ignoreProtectedModeSettings=false, platformName=WINDOWS, enableElementCacheCleanup=true, unexpectedAlertBehaviour=dismiss}]
Session ID: 0cc6aa7b-066a-4846-9bb4-15038f65147c
	at org.openqa.selenium.remote.ErrorHandler.createThrowable(ErrorHandler.java:214)
	at org.openqa.selenium.remote.ErrorHandler.throwIfResponseFailed(ErrorHandler.java:166)
	at org.openqa.selenium.remote.http.JsonHttpResponseCodec.reconstructValue(JsonHttpResponseCodec.java:40)
	at org.openqa.selenium.remote.http.AbstractHttpResponseCodec.decode(AbstractHttpResponseCodec.java:82)
	at org.openqa.selenium.remote.http.AbstractHttpResponseCodec.decode(AbstractHttpResponseCodec.java:45)
	at org.openqa.selenium.remote.HttpCommandExecutor.execute(HttpCommandExecutor.java:164)
	at org.openqa.selenium.remote.service.DriverCommandExecutor.execute(DriverCommandExecutor.java:83)
	at org.openqa.selenium.remote.RemoteWebDriver.execute(RemoteWebDriver.java:586)
	at org.openqa.selenium.remote.RemoteWebDriver.execute(RemoteWebDriver.java:643)
	at org.openqa.selenium.remote.RemoteWebDriver$RemoteWebDriverOptions.deleteAllCookies(RemoteWebDriver.java:728)
	at pages.pageclasses.LoginPage.clearCookiesAndLogin(LoginPage.java:204)
	at testcases.workflows.SSICreationTests.CITI_SSI_Creation(SSICreationTests.java:83)
... Removed 32 stack frames]]>
    </failure>
  </testcase> <!-- CITI_SSI_Creation -->
  <testcase name="CITI_SSI_Creation" time="0.0" classname="testcases.workflows.SSICreationTests">
    <skipped/>
  </testcase> <!-- CITI_SSI_Creation -->
</testsuite> <!-- 3:SSICreation_TestCases -->
