<html>
<head>
<title>TestNG:  3:WorkFLows_USMFFundOrderTestCases</title>
<link href="../testng.css" rel="stylesheet" type="text/css" />
<link href="../my-testng.css" rel="stylesheet" type="text/css" />

<style type="text/css">
.log { display: none;} 
.stack-trace { display: none;} 
</style>
<script type="text/javascript">
<!--
function flip(e) {
  current = e.style.display;
  if (current == 'block') {
    e.style.display = 'none';
    return 0;
  }
  else {
    e.style.display = 'block';
    return 1;
  }
}

function toggleBox(szDivId, elem, msg1, msg2)
{
  var res = -1;  if (document.getElementById) {
    res = flip(document.getElementById(szDivId));
  }
  else if (document.all) {
    // this is the way old msie versions work
    res = flip(document.all[szDivId]);
  }
  if(elem) {
    if(res == 0) elem.innerHTML = msg1; else elem.innerHTML = msg2;
  }

}

function toggleAllBoxes() {
  if (document.getElementsByTagName) {
    d = document.getElementsByTagName('div');
    for (i = 0; i < d.length; i++) {
      if (d[i].className == 'log') {
        flip(d[i]);
      }
    }
  }
}

// -->
</script>

</head>
<body>
<h2 align='center'>3:WorkFLows_USMFFundOrderTestCases</h2><table border='1' align="center">
<tr>
<td>Tests passed/Failed/Skipped:</td><td>0/1/19</td>
</tr><tr>
<td>Started on:</td><td>Mon Mar 19 19:48:58 IST 2018</td>
</tr>
<tr><td>Total time:</td><td>180 seconds (180652 ms)</td>
</tr><tr>
<td>Included groups:</td><td></td>
</tr><tr>
<td>Excluded groups:</td><td></td>
</tr>
</table><p/>
<small><i>(Hover the method name to see the test class name)</i></small><p/>
<table width='100%' border='1' class='invocation-failed'>
<tr><td colspan='4' align='center'><b>FAILED CONFIGURATIONS</b></td></tr>
<tr><td><b>Test method</b></td>
<td width="30%"><b>Exception</b></td>
<td width="10%"><b>Time (seconds)</b></td>
<td><b>Instance</b></td>
</tr>
<tr>
<td title='testcases.workflows.USMFWorkFlowTests.end_test_update_results()'><b>end_test_update_results</b><br>Test class: testcases.workflows.USMFWorkFlowTests<br>Parameters: [TestResult name=CITI_Fund_Order_Entry_USMF_TP status=FAILURE method=USMFWorkFlowTests.CITI_Fund_Order_Entry_USMF_TP(java.lang.String, java.util.LinkedHashMap)[pri:0, instance:testcases.workflows.USMFWorkFlowTests@3cb1ffe6] output=INFO::Test Data Used::
{Testcaseid=TC001, Customer=USMFBLG1, FullCustomer=USMFBLG1, FundID=INE799L01016, OrderType=Subscription, OrderRegion=USMF, CustomerAccount=46544546 - 9686549549 - USMFBLG1 SKA 2, Shares=, Cash=100.25, SheetName=TPMFSUBCASH, COPriceNAV=15.25, ExecutedShares=100, PIIndicator=Principal}]<br/>
<a href="#Output-665988980" onClick='toggleBox("Output-665988980", this, "Show output", "Hide output");'>Show output</a>

<a href="#Output-665988980" onClick="toggleAllBoxes();">Show all outputs</a>
<div class='log' id="Output-665988980">
Unable to get browser (WARNING: The server did not provide any stacktrace information)
Command duration or timeout: 0 milliseconds
Build info: version: '3.6.0', revision: '6fbf3ec767', time: '2017-09-27T15:28:36.4Z'
System info: host: 'BANCUSTOMQA05', ip: '10.96.85.207', os.name: 'Windows 7', os.arch: 'amd64', os.version: '6.1', java.version: '1.8.0_121'
Driver info: org.openqa.selenium.ie.InternetExplorerDriver
Capabilities [{browserAttachTimeout=0, ie.enableFullPageScreenshot=true, enablePersistentHover=true, ie.forceCreateProcessApi=false, ie.forceShellWindowsApi=false, pageLoadStrategy=normal, unhandledPromptBehavior=dismiss, ignoreZoomSetting=false, ie.fileUploadDialogTimeout=3000, version=11, platform=WINDOWS, nativeEvents=true, ie.ensureCleanSession=false, elementScrollBehavior=0, ie.browserCommandLineSwitches=, requireWindowFocus=false, browserName=internet explorer, initialBrowserUrl=http://localhost:21819/, javascriptEnabled=true, ignoreProtectedModeSettings=false, platformName=WINDOWS, enableElementCacheCleanup=true, unexpectedAlertBehaviour=dismiss}]
Session ID: 4dfd9dbb-d46e-4a83-a212-504b487d78ce<br/>
</div>
</td>
<td><div><pre>java.lang.AssertionError: null
	at utilities.webdriverfunctions.WebDriverMethods.capture_screenshot(WebDriverMethods.java:149)
	at testcases.commontoall.CommonToAllTests.end_test_update_results(CommonToAllTests.java:150)
... Removed 32 stack frames</pre></div><a href='#' onClick='toggleBox("stack-trace665988980", this, "Click to show all stack frames", "Click to hide stack frames")'>Click to show all stack frames</a>
<div class='stack-trace' id='stack-trace665988980'><pre>java.lang.AssertionError: null
	at org.testng.Assert.fail(Assert.java:94)
	at org.testng.Assert.fail(Assert.java:101)
	at utilities.webdriverfunctions.WebDriverMethods.capture_screenshot(WebDriverMethods.java:149)
	at testcases.commontoall.CommonToAllTests.end_test_update_results(CommonToAllTests.java:150)
	at sun.reflect.NativeMethodAccessorImpl.invoke0(Native Method)
	at sun.reflect.NativeMethodAccessorImpl.invoke(Unknown Source)
	at sun.reflect.DelegatingMethodAccessorImpl.invoke(Unknown Source)
	at java.lang.reflect.Method.invoke(Unknown Source)
	at org.testng.internal.MethodInvocationHelper.invokeMethod(MethodInvocationHelper.java:104)
	at org.testng.internal.Invoker.invokeConfigurationMethod(Invoker.java:515)
	at org.testng.internal.Invoker.invokeConfigurations(Invoker.java:217)
	at org.testng.internal.Invoker.invokeMethod(Invoker.java:712)
	at org.testng.internal.Invoker.invokeTestMethod(Invoker.java:851)
	at org.testng.internal.Invoker.invokeTestMethods(Invoker.java:1177)
	at org.testng.internal.TestMethodWorker.invokeTestMethods(TestMethodWorker.java:129)
	at org.testng.internal.TestMethodWorker.run(TestMethodWorker.java:112)
	at org.testng.TestRunner.privateRun(TestRunner.java:756)
	at org.testng.TestRunner.run(TestRunner.java:610)
	at org.testng.SuiteRunner.runTest(SuiteRunner.java:387)
	at org.testng.SuiteRunner.runSequentially(SuiteRunner.java:382)
	at org.testng.SuiteRunner.privateRun(SuiteRunner.java:340)
	at org.testng.SuiteRunner.run(SuiteRunner.java:289)
	at org.testng.SuiteRunnerWorker.runSuite(SuiteRunnerWorker.java:52)
	at org.testng.SuiteRunnerWorker.run(SuiteRunnerWorker.java:86)
	at org.testng.TestNG.runSuitesSequentially(TestNG.java:1293)
	at org.testng.TestNG.runSuitesLocally(TestNG.java:1218)
	at org.testng.TestNG.runSuites(TestNG.java:1133)
	at org.testng.TestNG.run(TestNG.java:1104)
	at org.apache.maven.surefire.testng.TestNGExecutor.run(TestNGExecutor.java:281)
	at org.apache.maven.surefire.testng.TestNGXmlTestSuite.execute(TestNGXmlTestSuite.java:75)
	at org.apache.maven.surefire.testng.TestNGProvider.invoke(TestNGProvider.java:121)
	at org.apache.maven.surefire.booter.ForkedBooter.invokeProviderInSameClassLoader(ForkedBooter.java:290)
	at org.apache.maven.surefire.booter.ForkedBooter.runSuitesInProcess(ForkedBooter.java:242)
	at org.apache.maven.surefire.booter.ForkedBooter.main(ForkedBooter.java:121)
</pre></div></td>
<td>0</td>
<td>testcases.workflows.USMFWorkFlowTests@3cb1ffe6</td></tr>
</table><p>
<table width='100%' border='1' class='invocation-skipped'>
<tr><td colspan='4' align='center'><b>SKIPPED CONFIGURATIONS</b></td></tr>
<tr><td><b>Test method</b></td>
<td width="30%"><b>Exception</b></td>
<td width="10%"><b>Time (seconds)</b></td>
<td><b>Instance</b></td>
</tr>
<tr>
<td title='testcases.workflows.USMFWorkFlowTests.end_test_update_results()'><b>end_test_update_results</b><br>Test class: testcases.workflows.USMFWorkFlowTests</td>
<td></td>
<td>0</td>
<td>testcases.workflows.USMFWorkFlowTests@3cb1ffe6</td></tr>
<tr>
<td title='testcases.workflows.USMFWorkFlowTests.end_test_update_results()'><b>end_test_update_results</b><br>Test class: testcases.workflows.USMFWorkFlowTests</td>
<td></td>
<td>0</td>
<td>testcases.workflows.USMFWorkFlowTests@3cb1ffe6</td></tr>
<tr>
<td title='testcases.workflows.USMFWorkFlowTests.end_test_update_results()'><b>end_test_update_results</b><br>Test class: testcases.workflows.USMFWorkFlowTests</td>
<td></td>
<td>0</td>
<td>testcases.workflows.USMFWorkFlowTests@3cb1ffe6</td></tr>
<tr>
<td title='testcases.workflows.USMFWorkFlowTests.end_test_update_results()'><b>end_test_update_results</b><br>Test class: testcases.workflows.USMFWorkFlowTests</td>
<td></td>
<td>0</td>
<td>testcases.workflows.USMFWorkFlowTests@3cb1ffe6</td></tr>
<tr>
<td title='testcases.workflows.USMFWorkFlowTests.end_test_update_results()'><b>end_test_update_results</b><br>Test class: testcases.workflows.USMFWorkFlowTests</td>
<td></td>
<td>0</td>
<td>testcases.workflows.USMFWorkFlowTests@3cb1ffe6</td></tr>
<tr>
<td title='testcases.workflows.USMFWorkFlowTests.end_test_update_results()'><b>end_test_update_results</b><br>Test class: testcases.workflows.USMFWorkFlowTests</td>
<td></td>
<td>0</td>
<td>testcases.workflows.USMFWorkFlowTests@3cb1ffe6</td></tr>
<tr>
<td title='testcases.workflows.USMFWorkFlowTests.end_test_update_results()'><b>end_test_update_results</b><br>Test class: testcases.workflows.USMFWorkFlowTests</td>
<td></td>
<td>0</td>
<td>testcases.workflows.USMFWorkFlowTests@3cb1ffe6</td></tr>
<tr>
<td title='testcases.workflows.USMFWorkFlowTests.end_test_update_results()'><b>end_test_update_results</b><br>Test class: testcases.workflows.USMFWorkFlowTests</td>
<td></td>
<td>0</td>
<td>testcases.workflows.USMFWorkFlowTests@3cb1ffe6</td></tr>
<tr>
<td title='testcases.workflows.USMFWorkFlowTests.end_test_update_results()'><b>end_test_update_results</b><br>Test class: testcases.workflows.USMFWorkFlowTests</td>
<td></td>
<td>0</td>
<td>testcases.workflows.USMFWorkFlowTests@3cb1ffe6</td></tr>
<tr>
<td title='testcases.workflows.USMFWorkFlowTests.end_test_update_results()'><b>end_test_update_results</b><br>Test class: testcases.workflows.USMFWorkFlowTests</td>
<td></td>
<td>0</td>
<td>testcases.workflows.USMFWorkFlowTests@3cb1ffe6</td></tr>
<tr>
<td title='testcases.workflows.USMFWorkFlowTests.end_test_update_results()'><b>end_test_update_results</b><br>Test class: testcases.workflows.USMFWorkFlowTests</td>
<td></td>
<td>0</td>
<td>testcases.workflows.USMFWorkFlowTests@3cb1ffe6</td></tr>
<tr>
<td title='testcases.workflows.USMFWorkFlowTests.end_test_update_results()'><b>end_test_update_results</b><br>Test class: testcases.workflows.USMFWorkFlowTests</td>
<td></td>
<td>0</td>
<td>testcases.workflows.USMFWorkFlowTests@3cb1ffe6</td></tr>
<tr>
<td title='testcases.workflows.USMFWorkFlowTests.end_test_update_results()'><b>end_test_update_results</b><br>Test class: testcases.workflows.USMFWorkFlowTests</td>
<td></td>
<td>0</td>
<td>testcases.workflows.USMFWorkFlowTests@3cb1ffe6</td></tr>
<tr>
<td title='testcases.workflows.USMFWorkFlowTests.end_test_update_results()'><b>end_test_update_results</b><br>Test class: testcases.workflows.USMFWorkFlowTests</td>
<td></td>
<td>0</td>
<td>testcases.workflows.USMFWorkFlowTests@3cb1ffe6</td></tr>
<tr>
<td title='testcases.workflows.USMFWorkFlowTests.end_test_update_results()'><b>end_test_update_results</b><br>Test class: testcases.workflows.USMFWorkFlowTests</td>
<td></td>
<td>0</td>
<td>testcases.workflows.USMFWorkFlowTests@3cb1ffe6</td></tr>
<tr>
<td title='testcases.workflows.USMFWorkFlowTests.end_test_update_results()'><b>end_test_update_results</b><br>Test class: testcases.workflows.USMFWorkFlowTests</td>
<td></td>
<td>0</td>
<td>testcases.workflows.USMFWorkFlowTests@3cb1ffe6</td></tr>
<tr>
<td title='testcases.workflows.USMFWorkFlowTests.end_test_update_results()'><b>end_test_update_results</b><br>Test class: testcases.workflows.USMFWorkFlowTests</td>
<td></td>
<td>0</td>
<td>testcases.workflows.USMFWorkFlowTests@3cb1ffe6</td></tr>
<tr>
<td title='testcases.workflows.USMFWorkFlowTests.end_test_update_results()'><b>end_test_update_results</b><br>Test class: testcases.workflows.USMFWorkFlowTests</td>
<td></td>
<td>0</td>
<td>testcases.workflows.USMFWorkFlowTests@3cb1ffe6</td></tr>
<tr>
<td title='testcases.workflows.USMFWorkFlowTests.end_test_update_results()'><b>end_test_update_results</b><br>Test class: testcases.workflows.USMFWorkFlowTests</td>
<td></td>
<td>0</td>
<td>testcases.workflows.USMFWorkFlowTests@3cb1ffe6</td></tr>
</table><p>
<table width='100%' border='1' class='invocation-failed'>
<tr><td colspan='4' align='center'><b>FAILED TESTS</b></td></tr>
<tr><td><b>Test method</b></td>
<td width="30%"><b>Exception</b></td>
<td width="10%"><b>Time (seconds)</b></td>
<td><b>Instance</b></td>
</tr>
<tr>
<td title='testcases.workflows.USMFWorkFlowTests.CITI_Fund_Order_Entry_USMF_TP()'><b>CITI_Fund_Order_Entry_USMF_TP</b><br>Test class: testcases.workflows.USMFWorkFlowTests<br>Test method: This test case is for creating Fund Order Work Flow<br>Parameters: CITI_Fund_Order_Entry_USMF_TP:::1, {Testcaseid=TC001, Customer=USMFBLG1, FullCustomer=USMFBLG1, FundID=INE799L01016, OrderType=Subscription, OrderRegion=USMF, CustomerAccount=46544546 - 9686549549 - USMFBLG1 SKA 2, Shares=, Cash=100.25, SheetName=TPMFSUBCASH, COPriceNAV=15.25, ExecutedShares=100, PIIndicator=Principal}<br/>
<a href="#Output-557705922" onClick='toggleBox("Output-557705922", this, "Show output", "Hide output");'>Show output</a>

<a href="#Output-557705922" onClick="toggleAllBoxes();">Show all outputs</a>
<div class='log' id="Output-557705922">
INFO::Test Data Used::
{Testcaseid=TC001, Customer=USMFBLG1, FullCustomer=USMFBLG1, FundID=INE799L01016, OrderType=Subscription, OrderRegion=USMF, CustomerAccount=46544546 - 9686549549 - USMFBLG1 SKA 2, Shares=, Cash=100.25, SheetName=TPMFSUBCASH, COPriceNAV=15.25, ExecutedShares=100, PIIndicator=Principal}<br/>
FAIL:: Element is not loaded in time<br/>
FAIL:: Element is not loaded in time<br/>
FAIL:: Element is not loaded in time<br/>
FAIL:: Element is not loaded in time<br/>
FAIL:: Element is not loaded in time<br/>
FAIL:: Element is not loaded in time<br/>
FAIL:: Element is not loaded in time<br/>
FAIL:: Element is not loaded in time<br/>
FAIL:: Element is not loaded in time<br/>
FAIL:: Element is not loaded in time<br/>
FAIL:: Element is not loaded in time<br/>
FAIL:: Element is not loaded in time<br/>
FAIL:: Element is not loaded in time<br/>
FAIL:: Element is not loaded in time<br/>
FAIL:: Element is not loaded in time<br/>
FAIL:: Element is not loaded in time<br/>
FAIL:: Element is not loaded in time<br/>
FAIL:: Element is not loaded in time<br/>
FAIL:: Element is not loaded in time<br/>
FAIL:: Element is not loaded in time<br/>
FAIL:: Element is not loaded in time<br/>
FAIL:: Element is not loaded in time<br/>
FAIL:: Element is not loaded in time<br/>
FAIL:: Element is not loaded in time<br/>
FAIL:: Element is not loaded in time<br/>
FAIL:: Element is not loaded in time<br/>
FAIL:: OTM User Login is failed :: jurenr<br/>
Unable to find element on closed window (WARNING: The server did not provide any stacktrace information)
Command duration or timeout: 0 milliseconds
Build info: version: '3.6.0', revision: '6fbf3ec767', time: '2017-09-27T15:28:36.4Z'
System info: host: 'BANCUSTOMQA05', ip: '10.96.85.207', os.name: 'Windows 7', os.arch: 'amd64', os.version: '6.1', java.version: '1.8.0_121'
Driver info: org.openqa.selenium.ie.InternetExplorerDriver
Capabilities [{browserAttachTimeout=0, ie.enableFullPageScreenshot=true, enablePersistentHover=true, ie.forceCreateProcessApi=false, ie.forceShellWindowsApi=false, pageLoadStrategy=normal, unhandledPromptBehavior=dismiss, ignoreZoomSetting=false, ie.fileUploadDialogTimeout=3000, version=11, platform=WINDOWS, nativeEvents=true, ie.ensureCleanSession=false, elementScrollBehavior=0, ie.browserCommandLineSwitches=, requireWindowFocus=false, browserName=internet explorer, initialBrowserUrl=http://localhost:21819/, javascriptEnabled=true, ignoreProtectedModeSettings=false, platformName=WINDOWS, enableElementCacheCleanup=true, unexpectedAlertBehaviour=dismiss}]
Session ID: 4dfd9dbb-d46e-4a83-a212-504b487d78ce
*** Element info: {Using=id, value=password}<br/>
</div>
</td>
<td><div><pre>java.lang.AssertionError: null
	at pages.pageclasses.LoginPage.loginToOTM(LoginPage.java:162)
	at testcases.workflows.USMFWorkFlowTests.USMF_Work_Flow(USMFWorkFlowTests.java:104)
	at testcases.workflows.USMFWorkFlowTests.CITI_Fund_Order_Entry_USMF_TP(USMFWorkFlowTests.java:39)
... Removed 30 stack frames</pre></div><a href='#' onClick='toggleBox("stack-trace557705922", this, "Click to show all stack frames", "Click to hide stack frames")'>Click to show all stack frames</a>
<div class='stack-trace' id='stack-trace557705922'><pre>java.lang.AssertionError: null
	at org.testng.Assert.fail(Assert.java:94)
	at org.testng.Assert.fail(Assert.java:101)
	at pages.pageclasses.LoginPage.loginToOTM(LoginPage.java:162)
	at testcases.workflows.USMFWorkFlowTests.USMF_Work_Flow(USMFWorkFlowTests.java:104)
	at testcases.workflows.USMFWorkFlowTests.CITI_Fund_Order_Entry_USMF_TP(USMFWorkFlowTests.java:39)
	at sun.reflect.NativeMethodAccessorImpl.invoke0(Native Method)
	at sun.reflect.NativeMethodAccessorImpl.invoke(Unknown Source)
	at sun.reflect.DelegatingMethodAccessorImpl.invoke(Unknown Source)
	at java.lang.reflect.Method.invoke(Unknown Source)
	at org.testng.internal.MethodInvocationHelper.invokeMethod(MethodInvocationHelper.java:104)
	at org.testng.internal.Invoker.invokeMethod(Invoker.java:645)
	at org.testng.internal.Invoker.invokeTestMethod(Invoker.java:851)
	at org.testng.internal.Invoker.invokeTestMethods(Invoker.java:1177)
	at org.testng.internal.TestMethodWorker.invokeTestMethods(TestMethodWorker.java:129)
	at org.testng.internal.TestMethodWorker.run(TestMethodWorker.java:112)
	at org.testng.TestRunner.privateRun(TestRunner.java:756)
	at org.testng.TestRunner.run(TestRunner.java:610)
	at org.testng.SuiteRunner.runTest(SuiteRunner.java:387)
	at org.testng.SuiteRunner.runSequentially(SuiteRunner.java:382)
	at org.testng.SuiteRunner.privateRun(SuiteRunner.java:340)
	at org.testng.SuiteRunner.run(SuiteRunner.java:289)
	at org.testng.SuiteRunnerWorker.runSuite(SuiteRunnerWorker.java:52)
	at org.testng.SuiteRunnerWorker.run(SuiteRunnerWorker.java:86)
	at org.testng.TestNG.runSuitesSequentially(TestNG.java:1293)
	at org.testng.TestNG.runSuitesLocally(TestNG.java:1218)
	at org.testng.TestNG.runSuites(TestNG.java:1133)
	at org.testng.TestNG.run(TestNG.java:1104)
	at org.apache.maven.surefire.testng.TestNGExecutor.run(TestNGExecutor.java:281)
	at org.apache.maven.surefire.testng.TestNGXmlTestSuite.execute(TestNGXmlTestSuite.java:75)
	at org.apache.maven.surefire.testng.TestNGProvider.invoke(TestNGProvider.java:121)
	at org.apache.maven.surefire.booter.ForkedBooter.invokeProviderInSameClassLoader(ForkedBooter.java:290)
	at org.apache.maven.surefire.booter.ForkedBooter.runSuitesInProcess(ForkedBooter.java:242)
	at org.apache.maven.surefire.booter.ForkedBooter.main(ForkedBooter.java:121)
</pre></div></td>
<td>179</td>
<td>testcases.workflows.USMFWorkFlowTests@3cb1ffe6</td></tr>
</table><p>
<table width='100%' border='1' class='invocation-skipped'>
<tr><td colspan='4' align='center'><b>SKIPPED TESTS</b></td></tr>
<tr><td><b>Test method</b></td>
<td width="30%"><b>Exception</b></td>
<td width="10%"><b>Time (seconds)</b></td>
<td><b>Instance</b></td>
</tr>
<tr>
<td title='testcases.workflows.USMFWorkFlowTests.CITI_Fund_Order_Entry_USMF_NonTP()'><b>CITI_Fund_Order_Entry_USMF_NonTP</b><br>Test class: testcases.workflows.USMFWorkFlowTests<br>Test method: This test case is for creating Fund Order Work Flow<br>Parameters: CITI_Fund_Order_Entry_USMF_NonTP:::1, {Testcaseid=TC001, Customer=USMFBLG1, FullCustomer=USMFBLG1, FundID=INE306L01010, OrderType=Subscription, OrderRegion=USMF, CustomerAccount=99998881 - 99998888 - JONG SK 1, Shares=, Cash=100.25, SheetName=NTPSUBCASHMF, COPriceNAV=15.25, ExecutedShares=100, PIIndicator=Principal}</td>
<td><div><pre>java.lang.AssertionError: null
	at utilities.webdriverfunctions.WebDriverMethods.capture_screenshot(WebDriverMethods.java:149)
	at testcases.commontoall.CommonToAllTests.end_test_update_results(CommonToAllTests.java:150)
... Removed 32 stack frames</pre></div><a href='#' onClick='toggleBox("stack-trace1897368146", this, "Click to show all stack frames", "Click to hide stack frames")'>Click to show all stack frames</a>
<div class='stack-trace' id='stack-trace1897368146'><pre>java.lang.AssertionError: null
	at org.testng.Assert.fail(Assert.java:94)
	at org.testng.Assert.fail(Assert.java:101)
	at utilities.webdriverfunctions.WebDriverMethods.capture_screenshot(WebDriverMethods.java:149)
	at testcases.commontoall.CommonToAllTests.end_test_update_results(CommonToAllTests.java:150)
	at sun.reflect.NativeMethodAccessorImpl.invoke0(Native Method)
	at sun.reflect.NativeMethodAccessorImpl.invoke(Unknown Source)
	at sun.reflect.DelegatingMethodAccessorImpl.invoke(Unknown Source)
	at java.lang.reflect.Method.invoke(Unknown Source)
	at org.testng.internal.MethodInvocationHelper.invokeMethod(MethodInvocationHelper.java:104)
	at org.testng.internal.Invoker.invokeConfigurationMethod(Invoker.java:515)
	at org.testng.internal.Invoker.invokeConfigurations(Invoker.java:217)
	at org.testng.internal.Invoker.invokeMethod(Invoker.java:712)
	at org.testng.internal.Invoker.invokeTestMethod(Invoker.java:851)
	at org.testng.internal.Invoker.invokeTestMethods(Invoker.java:1177)
	at org.testng.internal.TestMethodWorker.invokeTestMethods(TestMethodWorker.java:129)
	at org.testng.internal.TestMethodWorker.run(TestMethodWorker.java:112)
	at org.testng.TestRunner.privateRun(TestRunner.java:756)
	at org.testng.TestRunner.run(TestRunner.java:610)
	at org.testng.SuiteRunner.runTest(SuiteRunner.java:387)
	at org.testng.SuiteRunner.runSequentially(SuiteRunner.java:382)
	at org.testng.SuiteRunner.privateRun(SuiteRunner.java:340)
	at org.testng.SuiteRunner.run(SuiteRunner.java:289)
	at org.testng.SuiteRunnerWorker.runSuite(SuiteRunnerWorker.java:52)
	at org.testng.SuiteRunnerWorker.run(SuiteRunnerWorker.java:86)
	at org.testng.TestNG.runSuitesSequentially(TestNG.java:1293)
	at org.testng.TestNG.runSuitesLocally(TestNG.java:1218)
	at org.testng.TestNG.runSuites(TestNG.java:1133)
	at org.testng.TestNG.run(TestNG.java:1104)
	at org.apache.maven.surefire.testng.TestNGExecutor.run(TestNGExecutor.java:281)
	at org.apache.maven.surefire.testng.TestNGXmlTestSuite.execute(TestNGXmlTestSuite.java:75)
	at org.apache.maven.surefire.testng.TestNGProvider.invoke(TestNGProvider.java:121)
	at org.apache.maven.surefire.booter.ForkedBooter.invokeProviderInSameClassLoader(ForkedBooter.java:290)
	at org.apache.maven.surefire.booter.ForkedBooter.runSuitesInProcess(ForkedBooter.java:242)
	at org.apache.maven.surefire.booter.ForkedBooter.main(ForkedBooter.java:121)
</pre></div></td>
<td>0</td>
<td>testcases.workflows.USMFWorkFlowTests@3cb1ffe6</td></tr>
<tr>
<td title='testcases.workflows.USMFWorkFlowTests.CITI_Fund_Order_Entry_USMF_NonTP()'><b>CITI_Fund_Order_Entry_USMF_NonTP</b><br>Test class: testcases.workflows.USMFWorkFlowTests<br>Test method: This test case is for creating Fund Order Work Flow<br>Parameters: CITI_Fund_Order_Entry_USMF_NonTP:::2, {Testcaseid=TC002, Customer=USMFBLG1, FullCustomer=USMFBLG1, FundID=US8792732096, OrderType=Subscription, OrderRegion=USMF, CustomerAccount=46544546 - 9686549549 - USMFBLG1 SKA 2, Shares=, Cash=700, SheetName=NTPSUBCASHMM, COPriceNAV=15.25, ExecutedShares=700, PIIndicator=Principal}</td>
<td><div><pre>java.lang.AssertionError: null
	at utilities.webdriverfunctions.WebDriverMethods.capture_screenshot(WebDriverMethods.java:149)
	at testcases.commontoall.CommonToAllTests.end_test_update_results(CommonToAllTests.java:150)
... Removed 32 stack frames</pre></div><a href='#' onClick='toggleBox("stack-trace180078856", this, "Click to show all stack frames", "Click to hide stack frames")'>Click to show all stack frames</a>
<div class='stack-trace' id='stack-trace180078856'><pre>java.lang.AssertionError: null
	at org.testng.Assert.fail(Assert.java:94)
	at org.testng.Assert.fail(Assert.java:101)
	at utilities.webdriverfunctions.WebDriverMethods.capture_screenshot(WebDriverMethods.java:149)
	at testcases.commontoall.CommonToAllTests.end_test_update_results(CommonToAllTests.java:150)
	at sun.reflect.NativeMethodAccessorImpl.invoke0(Native Method)
	at sun.reflect.NativeMethodAccessorImpl.invoke(Unknown Source)
	at sun.reflect.DelegatingMethodAccessorImpl.invoke(Unknown Source)
	at java.lang.reflect.Method.invoke(Unknown Source)
	at org.testng.internal.MethodInvocationHelper.invokeMethod(MethodInvocationHelper.java:104)
	at org.testng.internal.Invoker.invokeConfigurationMethod(Invoker.java:515)
	at org.testng.internal.Invoker.invokeConfigurations(Invoker.java:217)
	at org.testng.internal.Invoker.invokeMethod(Invoker.java:712)
	at org.testng.internal.Invoker.invokeTestMethod(Invoker.java:851)
	at org.testng.internal.Invoker.invokeTestMethods(Invoker.java:1177)
	at org.testng.internal.TestMethodWorker.invokeTestMethods(TestMethodWorker.java:129)
	at org.testng.internal.TestMethodWorker.run(TestMethodWorker.java:112)
	at org.testng.TestRunner.privateRun(TestRunner.java:756)
	at org.testng.TestRunner.run(TestRunner.java:610)
	at org.testng.SuiteRunner.runTest(SuiteRunner.java:387)
	at org.testng.SuiteRunner.runSequentially(SuiteRunner.java:382)
	at org.testng.SuiteRunner.privateRun(SuiteRunner.java:340)
	at org.testng.SuiteRunner.run(SuiteRunner.java:289)
	at org.testng.SuiteRunnerWorker.runSuite(SuiteRunnerWorker.java:52)
	at org.testng.SuiteRunnerWorker.run(SuiteRunnerWorker.java:86)
	at org.testng.TestNG.runSuitesSequentially(TestNG.java:1293)
	at org.testng.TestNG.runSuitesLocally(TestNG.java:1218)
	at org.testng.TestNG.runSuites(TestNG.java:1133)
	at org.testng.TestNG.run(TestNG.java:1104)
	at org.apache.maven.surefire.testng.TestNGExecutor.run(TestNGExecutor.java:281)
	at org.apache.maven.surefire.testng.TestNGXmlTestSuite.execute(TestNGXmlTestSuite.java:75)
	at org.apache.maven.surefire.testng.TestNGProvider.invoke(TestNGProvider.java:121)
	at org.apache.maven.surefire.booter.ForkedBooter.invokeProviderInSameClassLoader(ForkedBooter.java:290)
	at org.apache.maven.surefire.booter.ForkedBooter.runSuitesInProcess(ForkedBooter.java:242)
	at org.apache.maven.surefire.booter.ForkedBooter.main(ForkedBooter.java:121)
</pre></div></td>
<td>0</td>
<td>testcases.workflows.USMFWorkFlowTests@3cb1ffe6</td></tr>
<tr>
<td title='testcases.workflows.USMFWorkFlowTests.CITI_Fund_Order_Entry_USMF_NonTP()'><b>CITI_Fund_Order_Entry_USMF_NonTP</b><br>Test class: testcases.workflows.USMFWorkFlowTests<br>Test method: This test case is for creating Fund Order Work Flow<br>Parameters: CITI_Fund_Order_Entry_USMF_NonTP:::3, {Testcaseid=TC003, Customer=USMFBLG1, FullCustomer=USMFBLG1, FundID=INE306L01010, OrderType=Redemption, OrderRegion=USMF, CustomerAccount=99998881 - 99998888 - JONG SK 1, Shares=, Cash=100, SheetName=NTPREDMCASHMF, COPriceNAV=15.25, ExecutedShares=100, PIIndicator=Principal}</td>
<td><div><pre>java.lang.AssertionError: null
	at utilities.webdriverfunctions.WebDriverMethods.capture_screenshot(WebDriverMethods.java:149)
	at testcases.commontoall.CommonToAllTests.end_test_update_results(CommonToAllTests.java:150)
... Removed 32 stack frames</pre></div><a href='#' onClick='toggleBox("stack-trace161982472", this, "Click to show all stack frames", "Click to hide stack frames")'>Click to show all stack frames</a>
<div class='stack-trace' id='stack-trace161982472'><pre>java.lang.AssertionError: null
	at org.testng.Assert.fail(Assert.java:94)
	at org.testng.Assert.fail(Assert.java:101)
	at utilities.webdriverfunctions.WebDriverMethods.capture_screenshot(WebDriverMethods.java:149)
	at testcases.commontoall.CommonToAllTests.end_test_update_results(CommonToAllTests.java:150)
	at sun.reflect.NativeMethodAccessorImpl.invoke0(Native Method)
	at sun.reflect.NativeMethodAccessorImpl.invoke(Unknown Source)
	at sun.reflect.DelegatingMethodAccessorImpl.invoke(Unknown Source)
	at java.lang.reflect.Method.invoke(Unknown Source)
	at org.testng.internal.MethodInvocationHelper.invokeMethod(MethodInvocationHelper.java:104)
	at org.testng.internal.Invoker.invokeConfigurationMethod(Invoker.java:515)
	at org.testng.internal.Invoker.invokeConfigurations(Invoker.java:217)
	at org.testng.internal.Invoker.invokeMethod(Invoker.java:712)
	at org.testng.internal.Invoker.invokeTestMethod(Invoker.java:851)
	at org.testng.internal.Invoker.invokeTestMethods(Invoker.java:1177)
	at org.testng.internal.TestMethodWorker.invokeTestMethods(TestMethodWorker.java:129)
	at org.testng.internal.TestMethodWorker.run(TestMethodWorker.java:112)
	at org.testng.TestRunner.privateRun(TestRunner.java:756)
	at org.testng.TestRunner.run(TestRunner.java:610)
	at org.testng.SuiteRunner.runTest(SuiteRunner.java:387)
	at org.testng.SuiteRunner.runSequentially(SuiteRunner.java:382)
	at org.testng.SuiteRunner.privateRun(SuiteRunner.java:340)
	at org.testng.SuiteRunner.run(SuiteRunner.java:289)
	at org.testng.SuiteRunnerWorker.runSuite(SuiteRunnerWorker.java:52)
	at org.testng.SuiteRunnerWorker.run(SuiteRunnerWorker.java:86)
	at org.testng.TestNG.runSuitesSequentially(TestNG.java:1293)
	at org.testng.TestNG.runSuitesLocally(TestNG.java:1218)
	at org.testng.TestNG.runSuites(TestNG.java:1133)
	at org.testng.TestNG.run(TestNG.java:1104)
	at org.apache.maven.surefire.testng.TestNGExecutor.run(TestNGExecutor.java:281)
	at org.apache.maven.surefire.testng.TestNGXmlTestSuite.execute(TestNGXmlTestSuite.java:75)
	at org.apache.maven.surefire.testng.TestNGProvider.invoke(TestNGProvider.java:121)
	at org.apache.maven.surefire.booter.ForkedBooter.invokeProviderInSameClassLoader(ForkedBooter.java:290)
	at org.apache.maven.surefire.booter.ForkedBooter.runSuitesInProcess(ForkedBooter.java:242)
	at org.apache.maven.surefire.booter.ForkedBooter.main(ForkedBooter.java:121)
</pre></div></td>
<td>0</td>
<td>testcases.workflows.USMFWorkFlowTests@3cb1ffe6</td></tr>
<tr>
<td title='testcases.workflows.USMFWorkFlowTests.CITI_Fund_Order_Entry_USMF_NonTP()'><b>CITI_Fund_Order_Entry_USMF_NonTP</b><br>Test class: testcases.workflows.USMFWorkFlowTests<br>Test method: This test case is for creating Fund Order Work Flow<br>Parameters: CITI_Fund_Order_Entry_USMF_NonTP:::4, {Testcaseid=TC004, Customer=USMFBLG1, FullCustomer=USMFBLG1, FundID=US8792732096, OrderType=Redemption, OrderRegion=USMF, CustomerAccount=46544546 - 9686549549 - USMFBLG1 SKA 2, Shares=, Cash=70000, SheetName=NTPREDMCASHMM, COPriceNAV=15.25, ExecutedShares=700, PIIndicator=Principal}</td>
<td><div><pre>java.lang.AssertionError: null
	at utilities.webdriverfunctions.WebDriverMethods.capture_screenshot(WebDriverMethods.java:149)
	at testcases.commontoall.CommonToAllTests.end_test_update_results(CommonToAllTests.java:150)
... Removed 32 stack frames</pre></div><a href='#' onClick='toggleBox("stack-trace646445398", this, "Click to show all stack frames", "Click to hide stack frames")'>Click to show all stack frames</a>
<div class='stack-trace' id='stack-trace646445398'><pre>java.lang.AssertionError: null
	at org.testng.Assert.fail(Assert.java:94)
	at org.testng.Assert.fail(Assert.java:101)
	at utilities.webdriverfunctions.WebDriverMethods.capture_screenshot(WebDriverMethods.java:149)
	at testcases.commontoall.CommonToAllTests.end_test_update_results(CommonToAllTests.java:150)
	at sun.reflect.NativeMethodAccessorImpl.invoke0(Native Method)
	at sun.reflect.NativeMethodAccessorImpl.invoke(Unknown Source)
	at sun.reflect.DelegatingMethodAccessorImpl.invoke(Unknown Source)
	at java.lang.reflect.Method.invoke(Unknown Source)
	at org.testng.internal.MethodInvocationHelper.invokeMethod(MethodInvocationHelper.java:104)
	at org.testng.internal.Invoker.invokeConfigurationMethod(Invoker.java:515)
	at org.testng.internal.Invoker.invokeConfigurations(Invoker.java:217)
	at org.testng.internal.Invoker.invokeMethod(Invoker.java:712)
	at org.testng.internal.Invoker.invokeTestMethod(Invoker.java:851)
	at org.testng.internal.Invoker.invokeTestMethods(Invoker.java:1177)
	at org.testng.internal.TestMethodWorker.invokeTestMethods(TestMethodWorker.java:129)
	at org.testng.internal.TestMethodWorker.run(TestMethodWorker.java:112)
	at org.testng.TestRunner.privateRun(TestRunner.java:756)
	at org.testng.TestRunner.run(TestRunner.java:610)
	at org.testng.SuiteRunner.runTest(SuiteRunner.java:387)
	at org.testng.SuiteRunner.runSequentially(SuiteRunner.java:382)
	at org.testng.SuiteRunner.privateRun(SuiteRunner.java:340)
	at org.testng.SuiteRunner.run(SuiteRunner.java:289)
	at org.testng.SuiteRunnerWorker.runSuite(SuiteRunnerWorker.java:52)
	at org.testng.SuiteRunnerWorker.run(SuiteRunnerWorker.java:86)
	at org.testng.TestNG.runSuitesSequentially(TestNG.java:1293)
	at org.testng.TestNG.runSuitesLocally(TestNG.java:1218)
	at org.testng.TestNG.runSuites(TestNG.java:1133)
	at org.testng.TestNG.run(TestNG.java:1104)
	at org.apache.maven.surefire.testng.TestNGExecutor.run(TestNGExecutor.java:281)
	at org.apache.maven.surefire.testng.TestNGXmlTestSuite.execute(TestNGXmlTestSuite.java:75)
	at org.apache.maven.surefire.testng.TestNGProvider.invoke(TestNGProvider.java:121)
	at org.apache.maven.surefire.booter.ForkedBooter.invokeProviderInSameClassLoader(ForkedBooter.java:290)
	at org.apache.maven.surefire.booter.ForkedBooter.runSuitesInProcess(ForkedBooter.java:242)
	at org.apache.maven.surefire.booter.ForkedBooter.main(ForkedBooter.java:121)
</pre></div></td>
<td>0</td>
<td>testcases.workflows.USMFWorkFlowTests@3cb1ffe6</td></tr>
<tr>
<td title='testcases.workflows.USMFWorkFlowTests.CITI_Fund_Order_Entry_USMF_NonTP()'><b>CITI_Fund_Order_Entry_USMF_NonTP</b><br>Test class: testcases.workflows.USMFWorkFlowTests<br>Test method: This test case is for creating Fund Order Work Flow<br>Parameters: CITI_Fund_Order_Entry_USMF_NonTP:::5, {Testcaseid=TC005, Customer=USMFBLG1, FullCustomer=USMFBLG1, FundID=616969309, OrderType=Subscription, OrderRegion=USMF, CustomerAccount=46544546 - 9686549549 - USMFBLG1 SKA 2, Shares=100.25, Cash=, SheetName=NTPSUBSHAREMF, COPriceNAV=15.25, ExecutedShares=100, PIIndicator=Principal}</td>
<td><div><pre>java.lang.AssertionError: null
	at utilities.webdriverfunctions.WebDriverMethods.capture_screenshot(WebDriverMethods.java:149)
	at testcases.commontoall.CommonToAllTests.end_test_update_results(CommonToAllTests.java:150)
... Removed 32 stack frames</pre></div><a href='#' onClick='toggleBox("stack-trace700348233", this, "Click to show all stack frames", "Click to hide stack frames")'>Click to show all stack frames</a>
<div class='stack-trace' id='stack-trace700348233'><pre>java.lang.AssertionError: null
	at org.testng.Assert.fail(Assert.java:94)
	at org.testng.Assert.fail(Assert.java:101)
	at utilities.webdriverfunctions.WebDriverMethods.capture_screenshot(WebDriverMethods.java:149)
	at testcases.commontoall.CommonToAllTests.end_test_update_results(CommonToAllTests.java:150)
	at sun.reflect.NativeMethodAccessorImpl.invoke0(Native Method)
	at sun.reflect.NativeMethodAccessorImpl.invoke(Unknown Source)
	at sun.reflect.DelegatingMethodAccessorImpl.invoke(Unknown Source)
	at java.lang.reflect.Method.invoke(Unknown Source)
	at org.testng.internal.MethodInvocationHelper.invokeMethod(MethodInvocationHelper.java:104)
	at org.testng.internal.Invoker.invokeConfigurationMethod(Invoker.java:515)
	at org.testng.internal.Invoker.invokeConfigurations(Invoker.java:217)
	at org.testng.internal.Invoker.invokeMethod(Invoker.java:712)
	at org.testng.internal.Invoker.invokeTestMethod(Invoker.java:851)
	at org.testng.internal.Invoker.invokeTestMethods(Invoker.java:1177)
	at org.testng.internal.TestMethodWorker.invokeTestMethods(TestMethodWorker.java:129)
	at org.testng.internal.TestMethodWorker.run(TestMethodWorker.java:112)
	at org.testng.TestRunner.privateRun(TestRunner.java:756)
	at org.testng.TestRunner.run(TestRunner.java:610)
	at org.testng.SuiteRunner.runTest(SuiteRunner.java:387)
	at org.testng.SuiteRunner.runSequentially(SuiteRunner.java:382)
	at org.testng.SuiteRunner.privateRun(SuiteRunner.java:340)
	at org.testng.SuiteRunner.run(SuiteRunner.java:289)
	at org.testng.SuiteRunnerWorker.runSuite(SuiteRunnerWorker.java:52)
	at org.testng.SuiteRunnerWorker.run(SuiteRunnerWorker.java:86)
	at org.testng.TestNG.runSuitesSequentially(TestNG.java:1293)
	at org.testng.TestNG.runSuitesLocally(TestNG.java:1218)
	at org.testng.TestNG.runSuites(TestNG.java:1133)
	at org.testng.TestNG.run(TestNG.java:1104)
	at org.apache.maven.surefire.testng.TestNGExecutor.run(TestNGExecutor.java:281)
	at org.apache.maven.surefire.testng.TestNGXmlTestSuite.execute(TestNGXmlTestSuite.java:75)
	at org.apache.maven.surefire.testng.TestNGProvider.invoke(TestNGProvider.java:121)
	at org.apache.maven.surefire.booter.ForkedBooter.invokeProviderInSameClassLoader(ForkedBooter.java:290)
	at org.apache.maven.surefire.booter.ForkedBooter.runSuitesInProcess(ForkedBooter.java:242)
	at org.apache.maven.surefire.booter.ForkedBooter.main(ForkedBooter.java:121)
</pre></div></td>
<td>0</td>
<td>testcases.workflows.USMFWorkFlowTests@3cb1ffe6</td></tr>
<tr>
<td title='testcases.workflows.USMFWorkFlowTests.CITI_Fund_Order_Entry_USMF_NonTP()'><b>CITI_Fund_Order_Entry_USMF_NonTP</b><br>Test class: testcases.workflows.USMFWorkFlowTests<br>Test method: This test case is for creating Fund Order Work Flow<br>Parameters: CITI_Fund_Order_Entry_USMF_NonTP:::6, {Testcaseid=TC006, Customer=USMFBLG1, FullCustomer=USMFBLG1, FundID=616969309, OrderType=Subscription, OrderRegion=USMF, CustomerAccount=46544546 - 9686549549 - USMFBLG1 SKA 2, Shares=110.25, Cash=, SheetName=NTPSUBSHAREMM, COPriceNAV=15.25, ExecutedShares=100, PIIndicator=Principal}</td>
<td><div><pre>java.lang.AssertionError: null
	at utilities.webdriverfunctions.WebDriverMethods.capture_screenshot(WebDriverMethods.java:149)
	at testcases.commontoall.CommonToAllTests.end_test_update_results(CommonToAllTests.java:150)
... Removed 32 stack frames</pre></div><a href='#' onClick='toggleBox("stack-trace1179689991", this, "Click to show all stack frames", "Click to hide stack frames")'>Click to show all stack frames</a>
<div class='stack-trace' id='stack-trace1179689991'><pre>java.lang.AssertionError: null
	at org.testng.Assert.fail(Assert.java:94)
	at org.testng.Assert.fail(Assert.java:101)
	at utilities.webdriverfunctions.WebDriverMethods.capture_screenshot(WebDriverMethods.java:149)
	at testcases.commontoall.CommonToAllTests.end_test_update_results(CommonToAllTests.java:150)
	at sun.reflect.NativeMethodAccessorImpl.invoke0(Native Method)
	at sun.reflect.NativeMethodAccessorImpl.invoke(Unknown Source)
	at sun.reflect.DelegatingMethodAccessorImpl.invoke(Unknown Source)
	at java.lang.reflect.Method.invoke(Unknown Source)
	at org.testng.internal.MethodInvocationHelper.invokeMethod(MethodInvocationHelper.java:104)
	at org.testng.internal.Invoker.invokeConfigurationMethod(Invoker.java:515)
	at org.testng.internal.Invoker.invokeConfigurations(Invoker.java:217)
	at org.testng.internal.Invoker.invokeMethod(Invoker.java:712)
	at org.testng.internal.Invoker.invokeTestMethod(Invoker.java:851)
	at org.testng.internal.Invoker.invokeTestMethods(Invoker.java:1177)
	at org.testng.internal.TestMethodWorker.invokeTestMethods(TestMethodWorker.java:129)
	at org.testng.internal.TestMethodWorker.run(TestMethodWorker.java:112)
	at org.testng.TestRunner.privateRun(TestRunner.java:756)
	at org.testng.TestRunner.run(TestRunner.java:610)
	at org.testng.SuiteRunner.runTest(SuiteRunner.java:387)
	at org.testng.SuiteRunner.runSequentially(SuiteRunner.java:382)
	at org.testng.SuiteRunner.privateRun(SuiteRunner.java:340)
	at org.testng.SuiteRunner.run(SuiteRunner.java:289)
	at org.testng.SuiteRunnerWorker.runSuite(SuiteRunnerWorker.java:52)
	at org.testng.SuiteRunnerWorker.run(SuiteRunnerWorker.java:86)
	at org.testng.TestNG.runSuitesSequentially(TestNG.java:1293)
	at org.testng.TestNG.runSuitesLocally(TestNG.java:1218)
	at org.testng.TestNG.runSuites(TestNG.java:1133)
	at org.testng.TestNG.run(TestNG.java:1104)
	at org.apache.maven.surefire.testng.TestNGExecutor.run(TestNGExecutor.java:281)
	at org.apache.maven.surefire.testng.TestNGXmlTestSuite.execute(TestNGXmlTestSuite.java:75)
	at org.apache.maven.surefire.testng.TestNGProvider.invoke(TestNGProvider.java:121)
	at org.apache.maven.surefire.booter.ForkedBooter.invokeProviderInSameClassLoader(ForkedBooter.java:290)
	at org.apache.maven.surefire.booter.ForkedBooter.runSuitesInProcess(ForkedBooter.java:242)
	at org.apache.maven.surefire.booter.ForkedBooter.main(ForkedBooter.java:121)
</pre></div></td>
<td>0</td>
<td>testcases.workflows.USMFWorkFlowTests@3cb1ffe6</td></tr>
<tr>
<td title='testcases.workflows.USMFWorkFlowTests.CITI_Fund_Order_Entry_USMF_NonTP()'><b>CITI_Fund_Order_Entry_USMF_NonTP</b><br>Test class: testcases.workflows.USMFWorkFlowTests<br>Test method: This test case is for creating Fund Order Work Flow<br>Parameters: CITI_Fund_Order_Entry_USMF_NonTP:::7, {Testcaseid=TC007, Customer=USMFBLG1, FullCustomer=USMFBLG1, FundID=84856L102, OrderType=Redemption, OrderRegion=USMF, CustomerAccount=46544546 - 9686549549 - USMFBLG1 SKA 2, Shares=115.65, Cash=, SheetName=NTPREDSHAREMF, COPriceNAV=15.25, ExecutedShares=100, PIIndicator=Principal}</td>
<td><div><pre>java.lang.AssertionError: null
	at utilities.webdriverfunctions.WebDriverMethods.capture_screenshot(WebDriverMethods.java:149)
	at testcases.commontoall.CommonToAllTests.end_test_update_results(CommonToAllTests.java:150)
... Removed 32 stack frames</pre></div><a href='#' onClick='toggleBox("stack-trace1783463798", this, "Click to show all stack frames", "Click to hide stack frames")'>Click to show all stack frames</a>
<div class='stack-trace' id='stack-trace1783463798'><pre>java.lang.AssertionError: null
	at org.testng.Assert.fail(Assert.java:94)
	at org.testng.Assert.fail(Assert.java:101)
	at utilities.webdriverfunctions.WebDriverMethods.capture_screenshot(WebDriverMethods.java:149)
	at testcases.commontoall.CommonToAllTests.end_test_update_results(CommonToAllTests.java:150)
	at sun.reflect.NativeMethodAccessorImpl.invoke0(Native Method)
	at sun.reflect.NativeMethodAccessorImpl.invoke(Unknown Source)
	at sun.reflect.DelegatingMethodAccessorImpl.invoke(Unknown Source)
	at java.lang.reflect.Method.invoke(Unknown Source)
	at org.testng.internal.MethodInvocationHelper.invokeMethod(MethodInvocationHelper.java:104)
	at org.testng.internal.Invoker.invokeConfigurationMethod(Invoker.java:515)
	at org.testng.internal.Invoker.invokeConfigurations(Invoker.java:217)
	at org.testng.internal.Invoker.invokeMethod(Invoker.java:712)
	at org.testng.internal.Invoker.invokeTestMethod(Invoker.java:851)
	at org.testng.internal.Invoker.invokeTestMethods(Invoker.java:1177)
	at org.testng.internal.TestMethodWorker.invokeTestMethods(TestMethodWorker.java:129)
	at org.testng.internal.TestMethodWorker.run(TestMethodWorker.java:112)
	at org.testng.TestRunner.privateRun(TestRunner.java:756)
	at org.testng.TestRunner.run(TestRunner.java:610)
	at org.testng.SuiteRunner.runTest(SuiteRunner.java:387)
	at org.testng.SuiteRunner.runSequentially(SuiteRunner.java:382)
	at org.testng.SuiteRunner.privateRun(SuiteRunner.java:340)
	at org.testng.SuiteRunner.run(SuiteRunner.java:289)
	at org.testng.SuiteRunnerWorker.runSuite(SuiteRunnerWorker.java:52)
	at org.testng.SuiteRunnerWorker.run(SuiteRunnerWorker.java:86)
	at org.testng.TestNG.runSuitesSequentially(TestNG.java:1293)
	at org.testng.TestNG.runSuitesLocally(TestNG.java:1218)
	at org.testng.TestNG.runSuites(TestNG.java:1133)
	at org.testng.TestNG.run(TestNG.java:1104)
	at org.apache.maven.surefire.testng.TestNGExecutor.run(TestNGExecutor.java:281)
	at org.apache.maven.surefire.testng.TestNGXmlTestSuite.execute(TestNGXmlTestSuite.java:75)
	at org.apache.maven.surefire.testng.TestNGProvider.invoke(TestNGProvider.java:121)
	at org.apache.maven.surefire.booter.ForkedBooter.invokeProviderInSameClassLoader(ForkedBooter.java:290)
	at org.apache.maven.surefire.booter.ForkedBooter.runSuitesInProcess(ForkedBooter.java:242)
	at org.apache.maven.surefire.booter.ForkedBooter.main(ForkedBooter.java:121)
</pre></div></td>
<td>0</td>
<td>testcases.workflows.USMFWorkFlowTests@3cb1ffe6</td></tr>
<tr>
<td title='testcases.workflows.USMFWorkFlowTests.CITI_Fund_Order_Entry_USMF_NonTP()'><b>CITI_Fund_Order_Entry_USMF_NonTP</b><br>Test class: testcases.workflows.USMFWorkFlowTests<br>Test method: This test case is for creating Fund Order Work Flow<br>Parameters: CITI_Fund_Order_Entry_USMF_NonTP:::8, {Testcaseid=TC008, Customer=USMFBLG1, FullCustomer=USMFBLG1, FundID=616969309, OrderType=Redemption, OrderRegion=USMF, CustomerAccount=46544546 - 9686549549 - USMFBLG1 SKA 2, Shares=120.55, Cash=, SheetName=NTPREDSHAREMM, COPriceNAV=15.25, ExecutedShares=100, PIIndicator=Principal}</td>
<td><div><pre>java.lang.AssertionError: null
	at utilities.webdriverfunctions.WebDriverMethods.capture_screenshot(WebDriverMethods.java:149)
	at testcases.commontoall.CommonToAllTests.end_test_update_results(CommonToAllTests.java:150)
... Removed 32 stack frames</pre></div><a href='#' onClick='toggleBox("stack-trace1407167674", this, "Click to show all stack frames", "Click to hide stack frames")'>Click to show all stack frames</a>
<div class='stack-trace' id='stack-trace1407167674'><pre>java.lang.AssertionError: null
	at org.testng.Assert.fail(Assert.java:94)
	at org.testng.Assert.fail(Assert.java:101)
	at utilities.webdriverfunctions.WebDriverMethods.capture_screenshot(WebDriverMethods.java:149)
	at testcases.commontoall.CommonToAllTests.end_test_update_results(CommonToAllTests.java:150)
	at sun.reflect.NativeMethodAccessorImpl.invoke0(Native Method)
	at sun.reflect.NativeMethodAccessorImpl.invoke(Unknown Source)
	at sun.reflect.DelegatingMethodAccessorImpl.invoke(Unknown Source)
	at java.lang.reflect.Method.invoke(Unknown Source)
	at org.testng.internal.MethodInvocationHelper.invokeMethod(MethodInvocationHelper.java:104)
	at org.testng.internal.Invoker.invokeConfigurationMethod(Invoker.java:515)
	at org.testng.internal.Invoker.invokeConfigurations(Invoker.java:217)
	at org.testng.internal.Invoker.invokeMethod(Invoker.java:712)
	at org.testng.internal.Invoker.invokeTestMethod(Invoker.java:851)
	at org.testng.internal.Invoker.invokeTestMethods(Invoker.java:1177)
	at org.testng.internal.TestMethodWorker.invokeTestMethods(TestMethodWorker.java:129)
	at org.testng.internal.TestMethodWorker.run(TestMethodWorker.java:112)
	at org.testng.TestRunner.privateRun(TestRunner.java:756)
	at org.testng.TestRunner.run(TestRunner.java:610)
	at org.testng.SuiteRunner.runTest(SuiteRunner.java:387)
	at org.testng.SuiteRunner.runSequentially(SuiteRunner.java:382)
	at org.testng.SuiteRunner.privateRun(SuiteRunner.java:340)
	at org.testng.SuiteRunner.run(SuiteRunner.java:289)
	at org.testng.SuiteRunnerWorker.runSuite(SuiteRunnerWorker.java:52)
	at org.testng.SuiteRunnerWorker.run(SuiteRunnerWorker.java:86)
	at org.testng.TestNG.runSuitesSequentially(TestNG.java:1293)
	at org.testng.TestNG.runSuitesLocally(TestNG.java:1218)
	at org.testng.TestNG.runSuites(TestNG.java:1133)
	at org.testng.TestNG.run(TestNG.java:1104)
	at org.apache.maven.surefire.testng.TestNGExecutor.run(TestNGExecutor.java:281)
	at org.apache.maven.surefire.testng.TestNGXmlTestSuite.execute(TestNGXmlTestSuite.java:75)
	at org.apache.maven.surefire.testng.TestNGProvider.invoke(TestNGProvider.java:121)
	at org.apache.maven.surefire.booter.ForkedBooter.invokeProviderInSameClassLoader(ForkedBooter.java:290)
	at org.apache.maven.surefire.booter.ForkedBooter.runSuitesInProcess(ForkedBooter.java:242)
	at org.apache.maven.surefire.booter.ForkedBooter.main(ForkedBooter.java:121)
</pre></div></td>
<td>0</td>
<td>testcases.workflows.USMFWorkFlowTests@3cb1ffe6</td></tr>
<tr>
<td title='testcases.workflows.USMFWorkFlowTests.CITI_Fund_Order_Entry_USMF_TP()'><b>CITI_Fund_Order_Entry_USMF_TP</b><br>Test class: testcases.workflows.USMFWorkFlowTests<br>Test method: This test case is for creating Fund Order Work Flow<br>Parameters: CITI_Fund_Order_Entry_USMF_TP:::2, {Testcaseid=TC002, Customer=USMFBLG1, FullCustomer=USMFBLG1, FundID=XS0218388451, OrderType=Subscription, OrderRegion=USMF, CustomerAccount=2000003 - 25252502 - BIN SK03, Shares=, Cash=110.25, SheetName=TPMMSUBCASH, COPriceNAV=15.25, ExecutedShares=100, PIIndicator=Principal}</td>
<td><div><pre>java.lang.AssertionError: null
	at utilities.webdriverfunctions.WebDriverMethods.capture_screenshot(WebDriverMethods.java:149)
	at testcases.commontoall.CommonToAllTests.end_test_update_results(CommonToAllTests.java:150)
... Removed 32 stack frames</pre></div><a href='#' onClick='toggleBox("stack-trace586917260", this, "Click to show all stack frames", "Click to hide stack frames")'>Click to show all stack frames</a>
<div class='stack-trace' id='stack-trace586917260'><pre>java.lang.AssertionError: null
	at org.testng.Assert.fail(Assert.java:94)
	at org.testng.Assert.fail(Assert.java:101)
	at utilities.webdriverfunctions.WebDriverMethods.capture_screenshot(WebDriverMethods.java:149)
	at testcases.commontoall.CommonToAllTests.end_test_update_results(CommonToAllTests.java:150)
	at sun.reflect.NativeMethodAccessorImpl.invoke0(Native Method)
	at sun.reflect.NativeMethodAccessorImpl.invoke(Unknown Source)
	at sun.reflect.DelegatingMethodAccessorImpl.invoke(Unknown Source)
	at java.lang.reflect.Method.invoke(Unknown Source)
	at org.testng.internal.MethodInvocationHelper.invokeMethod(MethodInvocationHelper.java:104)
	at org.testng.internal.Invoker.invokeConfigurationMethod(Invoker.java:515)
	at org.testng.internal.Invoker.invokeConfigurations(Invoker.java:217)
	at org.testng.internal.Invoker.invokeMethod(Invoker.java:712)
	at org.testng.internal.Invoker.invokeTestMethod(Invoker.java:851)
	at org.testng.internal.Invoker.invokeTestMethods(Invoker.java:1177)
	at org.testng.internal.TestMethodWorker.invokeTestMethods(TestMethodWorker.java:129)
	at org.testng.internal.TestMethodWorker.run(TestMethodWorker.java:112)
	at org.testng.TestRunner.privateRun(TestRunner.java:756)
	at org.testng.TestRunner.run(TestRunner.java:610)
	at org.testng.SuiteRunner.runTest(SuiteRunner.java:387)
	at org.testng.SuiteRunner.runSequentially(SuiteRunner.java:382)
	at org.testng.SuiteRunner.privateRun(SuiteRunner.java:340)
	at org.testng.SuiteRunner.run(SuiteRunner.java:289)
	at org.testng.SuiteRunnerWorker.runSuite(SuiteRunnerWorker.java:52)
	at org.testng.SuiteRunnerWorker.run(SuiteRunnerWorker.java:86)
	at org.testng.TestNG.runSuitesSequentially(TestNG.java:1293)
	at org.testng.TestNG.runSuitesLocally(TestNG.java:1218)
	at org.testng.TestNG.runSuites(TestNG.java:1133)
	at org.testng.TestNG.run(TestNG.java:1104)
	at org.apache.maven.surefire.testng.TestNGExecutor.run(TestNGExecutor.java:281)
	at org.apache.maven.surefire.testng.TestNGXmlTestSuite.execute(TestNGXmlTestSuite.java:75)
	at org.apache.maven.surefire.testng.TestNGProvider.invoke(TestNGProvider.java:121)
	at org.apache.maven.surefire.booter.ForkedBooter.invokeProviderInSameClassLoader(ForkedBooter.java:290)
	at org.apache.maven.surefire.booter.ForkedBooter.runSuitesInProcess(ForkedBooter.java:242)
	at org.apache.maven.surefire.booter.ForkedBooter.main(ForkedBooter.java:121)
</pre></div></td>
<td>0</td>
<td>testcases.workflows.USMFWorkFlowTests@3cb1ffe6</td></tr>
<tr>
<td title='testcases.workflows.USMFWorkFlowTests.CITI_Fund_Order_Entry_USMF_TP()'><b>CITI_Fund_Order_Entry_USMF_TP</b><br>Test class: testcases.workflows.USMFWorkFlowTests<br>Test method: This test case is for creating Fund Order Work Flow<br>Parameters: CITI_Fund_Order_Entry_USMF_TP:::3, {Testcaseid=TC003, Customer=USMFBLG1, FullCustomer=USMFBLG1, FundID=INE799L01016, OrderType=Redemption, OrderRegion=USMF, CustomerAccount=46544546 - 9686549549 - USMFBLG1 SKA 2, Shares=, Cash=115.65, SheetName=TPMFREDCASH, COPriceNAV=15.25, ExecutedShares=100, PIIndicator=Principal}</td>
<td><div><pre>java.lang.AssertionError: null
	at utilities.webdriverfunctions.WebDriverMethods.capture_screenshot(WebDriverMethods.java:149)
	at testcases.commontoall.CommonToAllTests.end_test_update_results(CommonToAllTests.java:150)
... Removed 32 stack frames</pre></div><a href='#' onClick='toggleBox("stack-trace803768841", this, "Click to show all stack frames", "Click to hide stack frames")'>Click to show all stack frames</a>
<div class='stack-trace' id='stack-trace803768841'><pre>java.lang.AssertionError: null
	at org.testng.Assert.fail(Assert.java:94)
	at org.testng.Assert.fail(Assert.java:101)
	at utilities.webdriverfunctions.WebDriverMethods.capture_screenshot(WebDriverMethods.java:149)
	at testcases.commontoall.CommonToAllTests.end_test_update_results(CommonToAllTests.java:150)
	at sun.reflect.NativeMethodAccessorImpl.invoke0(Native Method)
	at sun.reflect.NativeMethodAccessorImpl.invoke(Unknown Source)
	at sun.reflect.DelegatingMethodAccessorImpl.invoke(Unknown Source)
	at java.lang.reflect.Method.invoke(Unknown Source)
	at org.testng.internal.MethodInvocationHelper.invokeMethod(MethodInvocationHelper.java:104)
	at org.testng.internal.Invoker.invokeConfigurationMethod(Invoker.java:515)
	at org.testng.internal.Invoker.invokeConfigurations(Invoker.java:217)
	at org.testng.internal.Invoker.invokeMethod(Invoker.java:712)
	at org.testng.internal.Invoker.invokeTestMethod(Invoker.java:851)
	at org.testng.internal.Invoker.invokeTestMethods(Invoker.java:1177)
	at org.testng.internal.TestMethodWorker.invokeTestMethods(TestMethodWorker.java:129)
	at org.testng.internal.TestMethodWorker.run(TestMethodWorker.java:112)
	at org.testng.TestRunner.privateRun(TestRunner.java:756)
	at org.testng.TestRunner.run(TestRunner.java:610)
	at org.testng.SuiteRunner.runTest(SuiteRunner.java:387)
	at org.testng.SuiteRunner.runSequentially(SuiteRunner.java:382)
	at org.testng.SuiteRunner.privateRun(SuiteRunner.java:340)
	at org.testng.SuiteRunner.run(SuiteRunner.java:289)
	at org.testng.SuiteRunnerWorker.runSuite(SuiteRunnerWorker.java:52)
	at org.testng.SuiteRunnerWorker.run(SuiteRunnerWorker.java:86)
	at org.testng.TestNG.runSuitesSequentially(TestNG.java:1293)
	at org.testng.TestNG.runSuitesLocally(TestNG.java:1218)
	at org.testng.TestNG.runSuites(TestNG.java:1133)
	at org.testng.TestNG.run(TestNG.java:1104)
	at org.apache.maven.surefire.testng.TestNGExecutor.run(TestNGExecutor.java:281)
	at org.apache.maven.surefire.testng.TestNGXmlTestSuite.execute(TestNGXmlTestSuite.java:75)
	at org.apache.maven.surefire.testng.TestNGProvider.invoke(TestNGProvider.java:121)
	at org.apache.maven.surefire.booter.ForkedBooter.invokeProviderInSameClassLoader(ForkedBooter.java:290)
	at org.apache.maven.surefire.booter.ForkedBooter.runSuitesInProcess(ForkedBooter.java:242)
	at org.apache.maven.surefire.booter.ForkedBooter.main(ForkedBooter.java:121)
</pre></div></td>
<td>0</td>
<td>testcases.workflows.USMFWorkFlowTests@3cb1ffe6</td></tr>
<tr>
<td title='testcases.workflows.USMFWorkFlowTests.CITI_Fund_Order_Entry_USMF_TP()'><b>CITI_Fund_Order_Entry_USMF_TP</b><br>Test class: testcases.workflows.USMFWorkFlowTests<br>Test method: This test case is for creating Fund Order Work Flow<br>Parameters: CITI_Fund_Order_Entry_USMF_TP:::4, {Testcaseid=TC004, Customer=USMFBLG1, FullCustomer=USMFBLG1, FundID=XS0218388451, OrderType=Redemption, OrderRegion=USMF, CustomerAccount=2000003 - 25252502 - BIN SK03, Shares=, Cash=120.55, SheetName=TPMMREDCASH, COPriceNAV=15.25, ExecutedShares=100, PIIndicator=Principal}</td>
<td><div><pre>java.lang.AssertionError: null
	at utilities.webdriverfunctions.WebDriverMethods.capture_screenshot(WebDriverMethods.java:149)
	at testcases.commontoall.CommonToAllTests.end_test_update_results(CommonToAllTests.java:150)
... Removed 32 stack frames</pre></div><a href='#' onClick='toggleBox("stack-trace1723848804", this, "Click to show all stack frames", "Click to hide stack frames")'>Click to show all stack frames</a>
<div class='stack-trace' id='stack-trace1723848804'><pre>java.lang.AssertionError: null
	at org.testng.Assert.fail(Assert.java:94)
	at org.testng.Assert.fail(Assert.java:101)
	at utilities.webdriverfunctions.WebDriverMethods.capture_screenshot(WebDriverMethods.java:149)
	at testcases.commontoall.CommonToAllTests.end_test_update_results(CommonToAllTests.java:150)
	at sun.reflect.NativeMethodAccessorImpl.invoke0(Native Method)
	at sun.reflect.NativeMethodAccessorImpl.invoke(Unknown Source)
	at sun.reflect.DelegatingMethodAccessorImpl.invoke(Unknown Source)
	at java.lang.reflect.Method.invoke(Unknown Source)
	at org.testng.internal.MethodInvocationHelper.invokeMethod(MethodInvocationHelper.java:104)
	at org.testng.internal.Invoker.invokeConfigurationMethod(Invoker.java:515)
	at org.testng.internal.Invoker.invokeConfigurations(Invoker.java:217)
	at org.testng.internal.Invoker.invokeMethod(Invoker.java:712)
	at org.testng.internal.Invoker.invokeTestMethod(Invoker.java:851)
	at org.testng.internal.Invoker.invokeTestMethods(Invoker.java:1177)
	at org.testng.internal.TestMethodWorker.invokeTestMethods(TestMethodWorker.java:129)
	at org.testng.internal.TestMethodWorker.run(TestMethodWorker.java:112)
	at org.testng.TestRunner.privateRun(TestRunner.java:756)
	at org.testng.TestRunner.run(TestRunner.java:610)
	at org.testng.SuiteRunner.runTest(SuiteRunner.java:387)
	at org.testng.SuiteRunner.runSequentially(SuiteRunner.java:382)
	at org.testng.SuiteRunner.privateRun(SuiteRunner.java:340)
	at org.testng.SuiteRunner.run(SuiteRunner.java:289)
	at org.testng.SuiteRunnerWorker.runSuite(SuiteRunnerWorker.java:52)
	at org.testng.SuiteRunnerWorker.run(SuiteRunnerWorker.java:86)
	at org.testng.TestNG.runSuitesSequentially(TestNG.java:1293)
	at org.testng.TestNG.runSuitesLocally(TestNG.java:1218)
	at org.testng.TestNG.runSuites(TestNG.java:1133)
	at org.testng.TestNG.run(TestNG.java:1104)
	at org.apache.maven.surefire.testng.TestNGExecutor.run(TestNGExecutor.java:281)
	at org.apache.maven.surefire.testng.TestNGXmlTestSuite.execute(TestNGXmlTestSuite.java:75)
	at org.apache.maven.surefire.testng.TestNGProvider.invoke(TestNGProvider.java:121)
	at org.apache.maven.surefire.booter.ForkedBooter.invokeProviderInSameClassLoader(ForkedBooter.java:290)
	at org.apache.maven.surefire.booter.ForkedBooter.runSuitesInProcess(ForkedBooter.java:242)
	at org.apache.maven.surefire.booter.ForkedBooter.main(ForkedBooter.java:121)
</pre></div></td>
<td>0</td>
<td>testcases.workflows.USMFWorkFlowTests@3cb1ffe6</td></tr>
<tr>
<td title='testcases.workflows.USMFWorkFlowTests.CITI_Fund_Order_Entry_USMF_TP()'><b>CITI_Fund_Order_Entry_USMF_TP</b><br>Test class: testcases.workflows.USMFWorkFlowTests<br>Test method: This test case is for creating Fund Order Work Flow<br>Parameters: CITI_Fund_Order_Entry_USMF_TP:::5, {Testcaseid=TC005, Customer=USMFBLG1, FullCustomer=USMFBLG1, FundID=INE799L01016, OrderType=Subscription, OrderRegion=USMF, CustomerAccount=46544546 - 9686549549 - USMFBLG1 SKA 2, Shares=100.25, Cash=, SheetName=TPMFSUBSHARE, COPriceNAV=15.25, ExecutedShares=100, PIIndicator=Principal}</td>
<td><div><pre>java.lang.AssertionError: null
	at utilities.webdriverfunctions.WebDriverMethods.capture_screenshot(WebDriverMethods.java:149)
	at testcases.commontoall.CommonToAllTests.end_test_update_results(CommonToAllTests.java:150)
... Removed 32 stack frames</pre></div><a href='#' onClick='toggleBox("stack-trace570422884", this, "Click to show all stack frames", "Click to hide stack frames")'>Click to show all stack frames</a>
<div class='stack-trace' id='stack-trace570422884'><pre>java.lang.AssertionError: null
	at org.testng.Assert.fail(Assert.java:94)
	at org.testng.Assert.fail(Assert.java:101)
	at utilities.webdriverfunctions.WebDriverMethods.capture_screenshot(WebDriverMethods.java:149)
	at testcases.commontoall.CommonToAllTests.end_test_update_results(CommonToAllTests.java:150)
	at sun.reflect.NativeMethodAccessorImpl.invoke0(Native Method)
	at sun.reflect.NativeMethodAccessorImpl.invoke(Unknown Source)
	at sun.reflect.DelegatingMethodAccessorImpl.invoke(Unknown Source)
	at java.lang.reflect.Method.invoke(Unknown Source)
	at org.testng.internal.MethodInvocationHelper.invokeMethod(MethodInvocationHelper.java:104)
	at org.testng.internal.Invoker.invokeConfigurationMethod(Invoker.java:515)
	at org.testng.internal.Invoker.invokeConfigurations(Invoker.java:217)
	at org.testng.internal.Invoker.invokeMethod(Invoker.java:712)
	at org.testng.internal.Invoker.invokeTestMethod(Invoker.java:851)
	at org.testng.internal.Invoker.invokeTestMethods(Invoker.java:1177)
	at org.testng.internal.TestMethodWorker.invokeTestMethods(TestMethodWorker.java:129)
	at org.testng.internal.TestMethodWorker.run(TestMethodWorker.java:112)
	at org.testng.TestRunner.privateRun(TestRunner.java:756)
	at org.testng.TestRunner.run(TestRunner.java:610)
	at org.testng.SuiteRunner.runTest(SuiteRunner.java:387)
	at org.testng.SuiteRunner.runSequentially(SuiteRunner.java:382)
	at org.testng.SuiteRunner.privateRun(SuiteRunner.java:340)
	at org.testng.SuiteRunner.run(SuiteRunner.java:289)
	at org.testng.SuiteRunnerWorker.runSuite(SuiteRunnerWorker.java:52)
	at org.testng.SuiteRunnerWorker.run(SuiteRunnerWorker.java:86)
	at org.testng.TestNG.runSuitesSequentially(TestNG.java:1293)
	at org.testng.TestNG.runSuitesLocally(TestNG.java:1218)
	at org.testng.TestNG.runSuites(TestNG.java:1133)
	at org.testng.TestNG.run(TestNG.java:1104)
	at org.apache.maven.surefire.testng.TestNGExecutor.run(TestNGExecutor.java:281)
	at org.apache.maven.surefire.testng.TestNGXmlTestSuite.execute(TestNGXmlTestSuite.java:75)
	at org.apache.maven.surefire.testng.TestNGProvider.invoke(TestNGProvider.java:121)
	at org.apache.maven.surefire.booter.ForkedBooter.invokeProviderInSameClassLoader(ForkedBooter.java:290)
	at org.apache.maven.surefire.booter.ForkedBooter.runSuitesInProcess(ForkedBooter.java:242)
	at org.apache.maven.surefire.booter.ForkedBooter.main(ForkedBooter.java:121)
</pre></div></td>
<td>0</td>
<td>testcases.workflows.USMFWorkFlowTests@3cb1ffe6</td></tr>
<tr>
<td title='testcases.workflows.USMFWorkFlowTests.CITI_Fund_Order_Entry_USMF_TP()'><b>CITI_Fund_Order_Entry_USMF_TP</b><br>Test class: testcases.workflows.USMFWorkFlowTests<br>Test method: This test case is for creating Fund Order Work Flow<br>Parameters: CITI_Fund_Order_Entry_USMF_TP:::6, {Testcaseid=TC006, Customer=USMFBLG1, FullCustomer=USMFBLG1, FundID=XS0218388451, OrderType=Subscription, OrderRegion=USMF, CustomerAccount=2000003 - 25252502 - BIN SK03, Shares=110.25, Cash=, SheetName=TPMMSUBSHARE, COPriceNAV=15.25, ExecutedShares=100, PIIndicator=Principal}</td>
<td><div><pre>java.lang.AssertionError: null
	at utilities.webdriverfunctions.WebDriverMethods.capture_screenshot(WebDriverMethods.java:149)
	at testcases.commontoall.CommonToAllTests.end_test_update_results(CommonToAllTests.java:150)
... Removed 32 stack frames</pre></div><a href='#' onClick='toggleBox("stack-trace509806761", this, "Click to show all stack frames", "Click to hide stack frames")'>Click to show all stack frames</a>
<div class='stack-trace' id='stack-trace509806761'><pre>java.lang.AssertionError: null
	at org.testng.Assert.fail(Assert.java:94)
	at org.testng.Assert.fail(Assert.java:101)
	at utilities.webdriverfunctions.WebDriverMethods.capture_screenshot(WebDriverMethods.java:149)
	at testcases.commontoall.CommonToAllTests.end_test_update_results(CommonToAllTests.java:150)
	at sun.reflect.NativeMethodAccessorImpl.invoke0(Native Method)
	at sun.reflect.NativeMethodAccessorImpl.invoke(Unknown Source)
	at sun.reflect.DelegatingMethodAccessorImpl.invoke(Unknown Source)
	at java.lang.reflect.Method.invoke(Unknown Source)
	at org.testng.internal.MethodInvocationHelper.invokeMethod(MethodInvocationHelper.java:104)
	at org.testng.internal.Invoker.invokeConfigurationMethod(Invoker.java:515)
	at org.testng.internal.Invoker.invokeConfigurations(Invoker.java:217)
	at org.testng.internal.Invoker.invokeMethod(Invoker.java:712)
	at org.testng.internal.Invoker.invokeTestMethod(Invoker.java:851)
	at org.testng.internal.Invoker.invokeTestMethods(Invoker.java:1177)
	at org.testng.internal.TestMethodWorker.invokeTestMethods(TestMethodWorker.java:129)
	at org.testng.internal.TestMethodWorker.run(TestMethodWorker.java:112)
	at org.testng.TestRunner.privateRun(TestRunner.java:756)
	at org.testng.TestRunner.run(TestRunner.java:610)
	at org.testng.SuiteRunner.runTest(SuiteRunner.java:387)
	at org.testng.SuiteRunner.runSequentially(SuiteRunner.java:382)
	at org.testng.SuiteRunner.privateRun(SuiteRunner.java:340)
	at org.testng.SuiteRunner.run(SuiteRunner.java:289)
	at org.testng.SuiteRunnerWorker.runSuite(SuiteRunnerWorker.java:52)
	at org.testng.SuiteRunnerWorker.run(SuiteRunnerWorker.java:86)
	at org.testng.TestNG.runSuitesSequentially(TestNG.java:1293)
	at org.testng.TestNG.runSuitesLocally(TestNG.java:1218)
	at org.testng.TestNG.runSuites(TestNG.java:1133)
	at org.testng.TestNG.run(TestNG.java:1104)
	at org.apache.maven.surefire.testng.TestNGExecutor.run(TestNGExecutor.java:281)
	at org.apache.maven.surefire.testng.TestNGXmlTestSuite.execute(TestNGXmlTestSuite.java:75)
	at org.apache.maven.surefire.testng.TestNGProvider.invoke(TestNGProvider.java:121)
	at org.apache.maven.surefire.booter.ForkedBooter.invokeProviderInSameClassLoader(ForkedBooter.java:290)
	at org.apache.maven.surefire.booter.ForkedBooter.runSuitesInProcess(ForkedBooter.java:242)
	at org.apache.maven.surefire.booter.ForkedBooter.main(ForkedBooter.java:121)
</pre></div></td>
<td>0</td>
<td>testcases.workflows.USMFWorkFlowTests@3cb1ffe6</td></tr>
<tr>
<td title='testcases.workflows.USMFWorkFlowTests.CITI_Fund_Order_Entry_USMF_TP()'><b>CITI_Fund_Order_Entry_USMF_TP</b><br>Test class: testcases.workflows.USMFWorkFlowTests<br>Test method: This test case is for creating Fund Order Work Flow<br>Parameters: CITI_Fund_Order_Entry_USMF_TP:::7, {Testcaseid=TC007, Customer=USMFBLG1, FullCustomer=USMFBLG1, FundID=INE799L01016, OrderType=Redemption, OrderRegion=USMF, CustomerAccount=46544546 - 9686549549 - USMFBLG1 SKA 2, Shares=115.65, Cash=, SheetName=TPMFREDSHARE, COPriceNAV=15.25, ExecutedShares=100, PIIndicator=Principal}</td>
<td><div><pre>java.lang.AssertionError: null
	at utilities.webdriverfunctions.WebDriverMethods.capture_screenshot(WebDriverMethods.java:149)
	at testcases.commontoall.CommonToAllTests.end_test_update_results(CommonToAllTests.java:150)
... Removed 32 stack frames</pre></div><a href='#' onClick='toggleBox("stack-trace1859928417", this, "Click to show all stack frames", "Click to hide stack frames")'>Click to show all stack frames</a>
<div class='stack-trace' id='stack-trace1859928417'><pre>java.lang.AssertionError: null
	at org.testng.Assert.fail(Assert.java:94)
	at org.testng.Assert.fail(Assert.java:101)
	at utilities.webdriverfunctions.WebDriverMethods.capture_screenshot(WebDriverMethods.java:149)
	at testcases.commontoall.CommonToAllTests.end_test_update_results(CommonToAllTests.java:150)
	at sun.reflect.NativeMethodAccessorImpl.invoke0(Native Method)
	at sun.reflect.NativeMethodAccessorImpl.invoke(Unknown Source)
	at sun.reflect.DelegatingMethodAccessorImpl.invoke(Unknown Source)
	at java.lang.reflect.Method.invoke(Unknown Source)
	at org.testng.internal.MethodInvocationHelper.invokeMethod(MethodInvocationHelper.java:104)
	at org.testng.internal.Invoker.invokeConfigurationMethod(Invoker.java:515)
	at org.testng.internal.Invoker.invokeConfigurations(Invoker.java:217)
	at org.testng.internal.Invoker.invokeMethod(Invoker.java:712)
	at org.testng.internal.Invoker.invokeTestMethod(Invoker.java:851)
	at org.testng.internal.Invoker.invokeTestMethods(Invoker.java:1177)
	at org.testng.internal.TestMethodWorker.invokeTestMethods(TestMethodWorker.java:129)
	at org.testng.internal.TestMethodWorker.run(TestMethodWorker.java:112)
	at org.testng.TestRunner.privateRun(TestRunner.java:756)
	at org.testng.TestRunner.run(TestRunner.java:610)
	at org.testng.SuiteRunner.runTest(SuiteRunner.java:387)
	at org.testng.SuiteRunner.runSequentially(SuiteRunner.java:382)
	at org.testng.SuiteRunner.privateRun(SuiteRunner.java:340)
	at org.testng.SuiteRunner.run(SuiteRunner.java:289)
	at org.testng.SuiteRunnerWorker.runSuite(SuiteRunnerWorker.java:52)
	at org.testng.SuiteRunnerWorker.run(SuiteRunnerWorker.java:86)
	at org.testng.TestNG.runSuitesSequentially(TestNG.java:1293)
	at org.testng.TestNG.runSuitesLocally(TestNG.java:1218)
	at org.testng.TestNG.runSuites(TestNG.java:1133)
	at org.testng.TestNG.run(TestNG.java:1104)
	at org.apache.maven.surefire.testng.TestNGExecutor.run(TestNGExecutor.java:281)
	at org.apache.maven.surefire.testng.TestNGXmlTestSuite.execute(TestNGXmlTestSuite.java:75)
	at org.apache.maven.surefire.testng.TestNGProvider.invoke(TestNGProvider.java:121)
	at org.apache.maven.surefire.booter.ForkedBooter.invokeProviderInSameClassLoader(ForkedBooter.java:290)
	at org.apache.maven.surefire.booter.ForkedBooter.runSuitesInProcess(ForkedBooter.java:242)
	at org.apache.maven.surefire.booter.ForkedBooter.main(ForkedBooter.java:121)
</pre></div></td>
<td>0</td>
<td>testcases.workflows.USMFWorkFlowTests@3cb1ffe6</td></tr>
<tr>
<td title='testcases.workflows.USMFWorkFlowTests.CITI_Fund_Order_Entry_USMF_TP()'><b>CITI_Fund_Order_Entry_USMF_TP</b><br>Test class: testcases.workflows.USMFWorkFlowTests<br>Test method: This test case is for creating Fund Order Work Flow<br>Parameters: CITI_Fund_Order_Entry_USMF_TP:::8, {Testcaseid=TC008, Customer=USMFBLG1, FullCustomer=USMFBLG1, FundID=XS0218388451, OrderType=Redemption, OrderRegion=USMF, CustomerAccount=2000003 - 25252502 - BIN SK03, Shares=120.55, Cash=, SheetName=TPMMREDSHARE, COPriceNAV=15.25, ExecutedShares=100, PIIndicator=Principal}</td>
<td><div><pre>java.lang.AssertionError: null
	at utilities.webdriverfunctions.WebDriverMethods.capture_screenshot(WebDriverMethods.java:149)
	at testcases.commontoall.CommonToAllTests.end_test_update_results(CommonToAllTests.java:150)
... Removed 32 stack frames</pre></div><a href='#' onClick='toggleBox("stack-trace1378280450", this, "Click to show all stack frames", "Click to hide stack frames")'>Click to show all stack frames</a>
<div class='stack-trace' id='stack-trace1378280450'><pre>java.lang.AssertionError: null
	at org.testng.Assert.fail(Assert.java:94)
	at org.testng.Assert.fail(Assert.java:101)
	at utilities.webdriverfunctions.WebDriverMethods.capture_screenshot(WebDriverMethods.java:149)
	at testcases.commontoall.CommonToAllTests.end_test_update_results(CommonToAllTests.java:150)
	at sun.reflect.NativeMethodAccessorImpl.invoke0(Native Method)
	at sun.reflect.NativeMethodAccessorImpl.invoke(Unknown Source)
	at sun.reflect.DelegatingMethodAccessorImpl.invoke(Unknown Source)
	at java.lang.reflect.Method.invoke(Unknown Source)
	at org.testng.internal.MethodInvocationHelper.invokeMethod(MethodInvocationHelper.java:104)
	at org.testng.internal.Invoker.invokeConfigurationMethod(Invoker.java:515)
	at org.testng.internal.Invoker.invokeConfigurations(Invoker.java:217)
	at org.testng.internal.Invoker.invokeMethod(Invoker.java:712)
	at org.testng.internal.Invoker.invokeTestMethod(Invoker.java:851)
	at org.testng.internal.Invoker.invokeTestMethods(Invoker.java:1177)
	at org.testng.internal.TestMethodWorker.invokeTestMethods(TestMethodWorker.java:129)
	at org.testng.internal.TestMethodWorker.run(TestMethodWorker.java:112)
	at org.testng.TestRunner.privateRun(TestRunner.java:756)
	at org.testng.TestRunner.run(TestRunner.java:610)
	at org.testng.SuiteRunner.runTest(SuiteRunner.java:387)
	at org.testng.SuiteRunner.runSequentially(SuiteRunner.java:382)
	at org.testng.SuiteRunner.privateRun(SuiteRunner.java:340)
	at org.testng.SuiteRunner.run(SuiteRunner.java:289)
	at org.testng.SuiteRunnerWorker.runSuite(SuiteRunnerWorker.java:52)
	at org.testng.SuiteRunnerWorker.run(SuiteRunnerWorker.java:86)
	at org.testng.TestNG.runSuitesSequentially(TestNG.java:1293)
	at org.testng.TestNG.runSuitesLocally(TestNG.java:1218)
	at org.testng.TestNG.runSuites(TestNG.java:1133)
	at org.testng.TestNG.run(TestNG.java:1104)
	at org.apache.maven.surefire.testng.TestNGExecutor.run(TestNGExecutor.java:281)
	at org.apache.maven.surefire.testng.TestNGXmlTestSuite.execute(TestNGXmlTestSuite.java:75)
	at org.apache.maven.surefire.testng.TestNGProvider.invoke(TestNGProvider.java:121)
	at org.apache.maven.surefire.booter.ForkedBooter.invokeProviderInSameClassLoader(ForkedBooter.java:290)
	at org.apache.maven.surefire.booter.ForkedBooter.runSuitesInProcess(ForkedBooter.java:242)
	at org.apache.maven.surefire.booter.ForkedBooter.main(ForkedBooter.java:121)
</pre></div></td>
<td>0</td>
<td>testcases.workflows.USMFWorkFlowTests@3cb1ffe6</td></tr>
<tr>
<td title='testcases.workflows.USMFWorkFlowTests.CITI_Fund_Transfer_USMF_TP()'><b>CITI_Fund_Transfer_USMF_TP</b><br>Test class: testcases.workflows.USMFWorkFlowTests<br>Test method: This test case is for creating Fund Order Work Flow<br>Parameters: CITI_Fund_Transfer_USMF_TP:::1, {Testcaseid=TC001, Customer=USMFBLG1, FullCustomer=USMFBLG1, FundID=A6644P110, OrderType=Transfer In, OrderRegion=USMF, CustomerAccount=2000001 - 25252501 - BIN SK01, Shares=100, SheetName=TINMF, COPriceNAV=15.25, ExecutedShares=100, PIIndicator=Principal}</td>
<td><div><pre>java.lang.AssertionError: null
	at utilities.webdriverfunctions.WebDriverMethods.capture_screenshot(WebDriverMethods.java:149)
	at testcases.commontoall.CommonToAllTests.end_test_update_results(CommonToAllTests.java:150)
... Removed 32 stack frames</pre></div><a href='#' onClick='toggleBox("stack-trace329481770", this, "Click to show all stack frames", "Click to hide stack frames")'>Click to show all stack frames</a>
<div class='stack-trace' id='stack-trace329481770'><pre>java.lang.AssertionError: null
	at org.testng.Assert.fail(Assert.java:94)
	at org.testng.Assert.fail(Assert.java:101)
	at utilities.webdriverfunctions.WebDriverMethods.capture_screenshot(WebDriverMethods.java:149)
	at testcases.commontoall.CommonToAllTests.end_test_update_results(CommonToAllTests.java:150)
	at sun.reflect.NativeMethodAccessorImpl.invoke0(Native Method)
	at sun.reflect.NativeMethodAccessorImpl.invoke(Unknown Source)
	at sun.reflect.DelegatingMethodAccessorImpl.invoke(Unknown Source)
	at java.lang.reflect.Method.invoke(Unknown Source)
	at org.testng.internal.MethodInvocationHelper.invokeMethod(MethodInvocationHelper.java:104)
	at org.testng.internal.Invoker.invokeConfigurationMethod(Invoker.java:515)
	at org.testng.internal.Invoker.invokeConfigurations(Invoker.java:217)
	at org.testng.internal.Invoker.invokeMethod(Invoker.java:712)
	at org.testng.internal.Invoker.invokeTestMethod(Invoker.java:851)
	at org.testng.internal.Invoker.invokeTestMethods(Invoker.java:1177)
	at org.testng.internal.TestMethodWorker.invokeTestMethods(TestMethodWorker.java:129)
	at org.testng.internal.TestMethodWorker.run(TestMethodWorker.java:112)
	at org.testng.TestRunner.privateRun(TestRunner.java:756)
	at org.testng.TestRunner.run(TestRunner.java:610)
	at org.testng.SuiteRunner.runTest(SuiteRunner.java:387)
	at org.testng.SuiteRunner.runSequentially(SuiteRunner.java:382)
	at org.testng.SuiteRunner.privateRun(SuiteRunner.java:340)
	at org.testng.SuiteRunner.run(SuiteRunner.java:289)
	at org.testng.SuiteRunnerWorker.runSuite(SuiteRunnerWorker.java:52)
	at org.testng.SuiteRunnerWorker.run(SuiteRunnerWorker.java:86)
	at org.testng.TestNG.runSuitesSequentially(TestNG.java:1293)
	at org.testng.TestNG.runSuitesLocally(TestNG.java:1218)
	at org.testng.TestNG.runSuites(TestNG.java:1133)
	at org.testng.TestNG.run(TestNG.java:1104)
	at org.apache.maven.surefire.testng.TestNGExecutor.run(TestNGExecutor.java:281)
	at org.apache.maven.surefire.testng.TestNGXmlTestSuite.execute(TestNGXmlTestSuite.java:75)
	at org.apache.maven.surefire.testng.TestNGProvider.invoke(TestNGProvider.java:121)
	at org.apache.maven.surefire.booter.ForkedBooter.invokeProviderInSameClassLoader(ForkedBooter.java:290)
	at org.apache.maven.surefire.booter.ForkedBooter.runSuitesInProcess(ForkedBooter.java:242)
	at org.apache.maven.surefire.booter.ForkedBooter.main(ForkedBooter.java:121)
</pre></div></td>
<td>0</td>
<td>testcases.workflows.USMFWorkFlowTests@3cb1ffe6</td></tr>
<tr>
<td title='testcases.workflows.USMFWorkFlowTests.CITI_Fund_Transfer_USMF_TP()'><b>CITI_Fund_Transfer_USMF_TP</b><br>Test class: testcases.workflows.USMFWorkFlowTests<br>Test method: This test case is for creating Fund Order Work Flow<br>Parameters: CITI_Fund_Transfer_USMF_TP:::2, {Testcaseid=TC002, Customer=USMFBLG1, FullCustomer=USMFBLG1, FundID=140288101, OrderType=Transfer In, OrderRegion=USMF, CustomerAccount=32659874 - 9731182696 - USMFBLG1 SKA 1, Shares=100, SheetName=TINMM, COPriceNAV=15.25, ExecutedShares=100, PIIndicator=Principal}</td>
<td><div><pre>java.lang.AssertionError: null
	at utilities.webdriverfunctions.WebDriverMethods.capture_screenshot(WebDriverMethods.java:149)
	at testcases.commontoall.CommonToAllTests.end_test_update_results(CommonToAllTests.java:150)
... Removed 32 stack frames</pre></div><a href='#' onClick='toggleBox("stack-trace310412574", this, "Click to show all stack frames", "Click to hide stack frames")'>Click to show all stack frames</a>
<div class='stack-trace' id='stack-trace310412574'><pre>java.lang.AssertionError: null
	at org.testng.Assert.fail(Assert.java:94)
	at org.testng.Assert.fail(Assert.java:101)
	at utilities.webdriverfunctions.WebDriverMethods.capture_screenshot(WebDriverMethods.java:149)
	at testcases.commontoall.CommonToAllTests.end_test_update_results(CommonToAllTests.java:150)
	at sun.reflect.NativeMethodAccessorImpl.invoke0(Native Method)
	at sun.reflect.NativeMethodAccessorImpl.invoke(Unknown Source)
	at sun.reflect.DelegatingMethodAccessorImpl.invoke(Unknown Source)
	at java.lang.reflect.Method.invoke(Unknown Source)
	at org.testng.internal.MethodInvocationHelper.invokeMethod(MethodInvocationHelper.java:104)
	at org.testng.internal.Invoker.invokeConfigurationMethod(Invoker.java:515)
	at org.testng.internal.Invoker.invokeConfigurations(Invoker.java:217)
	at org.testng.internal.Invoker.invokeMethod(Invoker.java:712)
	at org.testng.internal.Invoker.invokeTestMethod(Invoker.java:851)
	at org.testng.internal.Invoker.invokeTestMethods(Invoker.java:1177)
	at org.testng.internal.TestMethodWorker.invokeTestMethods(TestMethodWorker.java:129)
	at org.testng.internal.TestMethodWorker.run(TestMethodWorker.java:112)
	at org.testng.TestRunner.privateRun(TestRunner.java:756)
	at org.testng.TestRunner.run(TestRunner.java:610)
	at org.testng.SuiteRunner.runTest(SuiteRunner.java:387)
	at org.testng.SuiteRunner.runSequentially(SuiteRunner.java:382)
	at org.testng.SuiteRunner.privateRun(SuiteRunner.java:340)
	at org.testng.SuiteRunner.run(SuiteRunner.java:289)
	at org.testng.SuiteRunnerWorker.runSuite(SuiteRunnerWorker.java:52)
	at org.testng.SuiteRunnerWorker.run(SuiteRunnerWorker.java:86)
	at org.testng.TestNG.runSuitesSequentially(TestNG.java:1293)
	at org.testng.TestNG.runSuitesLocally(TestNG.java:1218)
	at org.testng.TestNG.runSuites(TestNG.java:1133)
	at org.testng.TestNG.run(TestNG.java:1104)
	at org.apache.maven.surefire.testng.TestNGExecutor.run(TestNGExecutor.java:281)
	at org.apache.maven.surefire.testng.TestNGXmlTestSuite.execute(TestNGXmlTestSuite.java:75)
	at org.apache.maven.surefire.testng.TestNGProvider.invoke(TestNGProvider.java:121)
	at org.apache.maven.surefire.booter.ForkedBooter.invokeProviderInSameClassLoader(ForkedBooter.java:290)
	at org.apache.maven.surefire.booter.ForkedBooter.runSuitesInProcess(ForkedBooter.java:242)
	at org.apache.maven.surefire.booter.ForkedBooter.main(ForkedBooter.java:121)
</pre></div></td>
<td>0</td>
<td>testcases.workflows.USMFWorkFlowTests@3cb1ffe6</td></tr>
<tr>
<td title='testcases.workflows.USMFWorkFlowTests.CITI_Fund_Transfer_USMF_TP()'><b>CITI_Fund_Transfer_USMF_TP</b><br>Test class: testcases.workflows.USMFWorkFlowTests<br>Test method: This test case is for creating Fund Order Work Flow<br>Parameters: CITI_Fund_Transfer_USMF_TP:::3, {Testcaseid=TC003, Customer=USMFBLG1, FullCustomer=USMFBLG1, FundID=US8792461068, OrderType=Transfer Out, OrderRegion=USMF, CustomerAccount=46544546 - 9686549549 - USMFBLG1 SKA 2, Shares=100, SheetName=TOUTMF, COPriceNAV=15.25, ExecutedShares=100, PIIndicator=Principal}</td>
<td><div><pre>java.lang.AssertionError: null
	at utilities.webdriverfunctions.WebDriverMethods.capture_screenshot(WebDriverMethods.java:149)
	at testcases.commontoall.CommonToAllTests.end_test_update_results(CommonToAllTests.java:150)
... Removed 32 stack frames</pre></div><a href='#' onClick='toggleBox("stack-trace1457417579", this, "Click to show all stack frames", "Click to hide stack frames")'>Click to show all stack frames</a>
<div class='stack-trace' id='stack-trace1457417579'><pre>java.lang.AssertionError: null
	at org.testng.Assert.fail(Assert.java:94)
	at org.testng.Assert.fail(Assert.java:101)
	at utilities.webdriverfunctions.WebDriverMethods.capture_screenshot(WebDriverMethods.java:149)
	at testcases.commontoall.CommonToAllTests.end_test_update_results(CommonToAllTests.java:150)
	at sun.reflect.NativeMethodAccessorImpl.invoke0(Native Method)
	at sun.reflect.NativeMethodAccessorImpl.invoke(Unknown Source)
	at sun.reflect.DelegatingMethodAccessorImpl.invoke(Unknown Source)
	at java.lang.reflect.Method.invoke(Unknown Source)
	at org.testng.internal.MethodInvocationHelper.invokeMethod(MethodInvocationHelper.java:104)
	at org.testng.internal.Invoker.invokeConfigurationMethod(Invoker.java:515)
	at org.testng.internal.Invoker.invokeConfigurations(Invoker.java:217)
	at org.testng.internal.Invoker.invokeMethod(Invoker.java:712)
	at org.testng.internal.Invoker.invokeTestMethod(Invoker.java:851)
	at org.testng.internal.Invoker.invokeTestMethods(Invoker.java:1177)
	at org.testng.internal.TestMethodWorker.invokeTestMethods(TestMethodWorker.java:129)
	at org.testng.internal.TestMethodWorker.run(TestMethodWorker.java:112)
	at org.testng.TestRunner.privateRun(TestRunner.java:756)
	at org.testng.TestRunner.run(TestRunner.java:610)
	at org.testng.SuiteRunner.runTest(SuiteRunner.java:387)
	at org.testng.SuiteRunner.runSequentially(SuiteRunner.java:382)
	at org.testng.SuiteRunner.privateRun(SuiteRunner.java:340)
	at org.testng.SuiteRunner.run(SuiteRunner.java:289)
	at org.testng.SuiteRunnerWorker.runSuite(SuiteRunnerWorker.java:52)
	at org.testng.SuiteRunnerWorker.run(SuiteRunnerWorker.java:86)
	at org.testng.TestNG.runSuitesSequentially(TestNG.java:1293)
	at org.testng.TestNG.runSuitesLocally(TestNG.java:1218)
	at org.testng.TestNG.runSuites(TestNG.java:1133)
	at org.testng.TestNG.run(TestNG.java:1104)
	at org.apache.maven.surefire.testng.TestNGExecutor.run(TestNGExecutor.java:281)
	at org.apache.maven.surefire.testng.TestNGXmlTestSuite.execute(TestNGXmlTestSuite.java:75)
	at org.apache.maven.surefire.testng.TestNGProvider.invoke(TestNGProvider.java:121)
	at org.apache.maven.surefire.booter.ForkedBooter.invokeProviderInSameClassLoader(ForkedBooter.java:290)
	at org.apache.maven.surefire.booter.ForkedBooter.runSuitesInProcess(ForkedBooter.java:242)
	at org.apache.maven.surefire.booter.ForkedBooter.main(ForkedBooter.java:121)
</pre></div></td>
<td>0</td>
<td>testcases.workflows.USMFWorkFlowTests@3cb1ffe6</td></tr>
<tr>
<td title='testcases.workflows.USMFWorkFlowTests.CITI_Fund_Transfer_USMF_TP()'><b>CITI_Fund_Transfer_USMF_TP</b><br>Test class: testcases.workflows.USMFWorkFlowTests<br>Test method: This test case is for creating Fund Order Work Flow<br>Parameters: CITI_Fund_Transfer_USMF_TP:::4, {Testcaseid=TC004, Customer=USMFBLG1, FullCustomer=USMFBLG1, FundID=XS0218388451, OrderType=Transfer Out, OrderRegion=USMF, CustomerAccount=99998881 - 99998888 - JONG SK 1, Shares=100, SheetName=TOUTMM, COPriceNAV=15.25, ExecutedShares=100, PIIndicator=Principal}</td>
<td><div><pre>java.lang.AssertionError: null
	at utilities.webdriverfunctions.WebDriverMethods.capture_screenshot(WebDriverMethods.java:149)
	at testcases.commontoall.CommonToAllTests.end_test_update_results(CommonToAllTests.java:150)
... Removed 32 stack frames</pre></div><a href='#' onClick='toggleBox("stack-trace1338770454", this, "Click to show all stack frames", "Click to hide stack frames")'>Click to show all stack frames</a>
<div class='stack-trace' id='stack-trace1338770454'><pre>java.lang.AssertionError: null
	at org.testng.Assert.fail(Assert.java:94)
	at org.testng.Assert.fail(Assert.java:101)
	at utilities.webdriverfunctions.WebDriverMethods.capture_screenshot(WebDriverMethods.java:149)
	at testcases.commontoall.CommonToAllTests.end_test_update_results(CommonToAllTests.java:150)
	at sun.reflect.NativeMethodAccessorImpl.invoke0(Native Method)
	at sun.reflect.NativeMethodAccessorImpl.invoke(Unknown Source)
	at sun.reflect.DelegatingMethodAccessorImpl.invoke(Unknown Source)
	at java.lang.reflect.Method.invoke(Unknown Source)
	at org.testng.internal.MethodInvocationHelper.invokeMethod(MethodInvocationHelper.java:104)
	at org.testng.internal.Invoker.invokeConfigurationMethod(Invoker.java:515)
	at org.testng.internal.Invoker.invokeConfigurations(Invoker.java:217)
	at org.testng.internal.Invoker.invokeMethod(Invoker.java:712)
	at org.testng.internal.Invoker.invokeTestMethod(Invoker.java:851)
	at org.testng.internal.Invoker.invokeTestMethods(Invoker.java:1177)
	at org.testng.internal.TestMethodWorker.invokeTestMethods(TestMethodWorker.java:129)
	at org.testng.internal.TestMethodWorker.run(TestMethodWorker.java:112)
	at org.testng.TestRunner.privateRun(TestRunner.java:756)
	at org.testng.TestRunner.run(TestRunner.java:610)
	at org.testng.SuiteRunner.runTest(SuiteRunner.java:387)
	at org.testng.SuiteRunner.runSequentially(SuiteRunner.java:382)
	at org.testng.SuiteRunner.privateRun(SuiteRunner.java:340)
	at org.testng.SuiteRunner.run(SuiteRunner.java:289)
	at org.testng.SuiteRunnerWorker.runSuite(SuiteRunnerWorker.java:52)
	at org.testng.SuiteRunnerWorker.run(SuiteRunnerWorker.java:86)
	at org.testng.TestNG.runSuitesSequentially(TestNG.java:1293)
	at org.testng.TestNG.runSuitesLocally(TestNG.java:1218)
	at org.testng.TestNG.runSuites(TestNG.java:1133)
	at org.testng.TestNG.run(TestNG.java:1104)
	at org.apache.maven.surefire.testng.TestNGExecutor.run(TestNGExecutor.java:281)
	at org.apache.maven.surefire.testng.TestNGXmlTestSuite.execute(TestNGXmlTestSuite.java:75)
	at org.apache.maven.surefire.testng.TestNGProvider.invoke(TestNGProvider.java:121)
	at org.apache.maven.surefire.booter.ForkedBooter.invokeProviderInSameClassLoader(ForkedBooter.java:290)
	at org.apache.maven.surefire.booter.ForkedBooter.runSuitesInProcess(ForkedBooter.java:242)
	at org.apache.maven.surefire.booter.ForkedBooter.main(ForkedBooter.java:121)
</pre></div></td>
<td>0</td>
<td>testcases.workflows.USMFWorkFlowTests@3cb1ffe6</td></tr>
</table><p>
</body>
</html>