<?xml version="1.0" encoding="UTF-8"?>
<!-- Generated by org.testng.reporters.JUnitXMLReporter -->
<testsuite hostname="BANCUSTOMQA05" ignored="0" name="3:WorkFLows_USMFFundOrderTestCases" tests="20" failures="1" timestamp="19 Mar 2018 14:21:58 GMT" time="180.652" errors="0">
  <testcase name="@AfterMethod end_test_update_results" time="0.0" classname="testcases.commontoall.CommonToAllTests">
    <failure type="java.lang.AssertionError" message="null">
      <![CDATA[java.lang.AssertionError: null
	at utilities.webdriverfunctions.WebDriverMethods.capture_screenshot(WebDriverMethods.java:149)
	at testcases.commontoall.CommonToAllTests.end_test_update_results(CommonToAllTests.java:150)
... Removed 32 stack frames]]>
    </failure>
  </testcase> <!-- @AfterMethod end_test_update_results -->
  <testcase name="@AfterMethod end_test_update_results" time="0.0" classname="testcases.commontoall.CommonToAllTests">
    <skipped/>
  </testcase> <!-- @AfterMethod end_test_update_results -->
  <testcase name="@AfterMethod end_test_update_results" time="0.0" classname="testcases.commontoall.CommonToAllTests">
    <skipped/>
  </testcase> <!-- @AfterMethod end_test_update_results -->
  <testcase name="@AfterMethod end_test_update_results" time="0.0" classname="testcases.commontoall.CommonToAllTests">
    <skipped/>
  </testcase> <!-- @AfterMethod end_test_update_results -->
  <testcase name="@AfterMethod end_test_update_results" time="0.0" classname="testcases.commontoall.CommonToAllTests">
    <skipped/>
  </testcase> <!-- @AfterMethod end_test_update_results -->
  <testcase name="@AfterMethod end_test_update_results" time="0.0" classname="testcases.commontoall.CommonToAllTests">
    <skipped/>
  </testcase> <!-- @AfterMethod end_test_update_results -->
  <testcase name="@AfterMethod end_test_update_results" time="0.0" classname="testcases.commontoall.CommonToAllTests">
    <skipped/>
  </testcase> <!-- @AfterMethod end_test_update_results -->
  <testcase name="@AfterMethod end_test_update_results" time="0.0" classname="testcases.commontoall.CommonToAllTests">
    <skipped/>
  </testcase> <!-- @AfterMethod end_test_update_results -->
  <testcase name="@AfterMethod end_test_update_results" time="0.0" classname="testcases.commontoall.CommonToAllTests">
    <skipped/>
  </testcase> <!-- @AfterMethod end_test_update_results -->
  <testcase name="@AfterMethod end_test_update_results" time="0.0" classname="testcases.commontoall.CommonToAllTests">
    <skipped/>
  </testcase> <!-- @AfterMethod end_test_update_results -->
  <testcase name="@AfterMethod end_test_update_results" time="0.0" classname="testcases.commontoall.CommonToAllTests">
    <skipped/>
  </testcase> <!-- @AfterMethod end_test_update_results -->
  <testcase name="@AfterMethod end_test_update_results" time="0.0" classname="testcases.commontoall.CommonToAllTests">
    <skipped/>
  </testcase> <!-- @AfterMethod end_test_update_results -->
  <testcase name="@AfterMethod end_test_update_results" time="0.0" classname="testcases.commontoall.CommonToAllTests">
    <skipped/>
  </testcase> <!-- @AfterMethod end_test_update_results -->
  <testcase name="@AfterMethod end_test_update_results" time="0.0" classname="testcases.commontoall.CommonToAllTests">
    <skipped/>
  </testcase> <!-- @AfterMethod end_test_update_results -->
  <testcase name="@AfterMethod end_test_update_results" time="0.0" classname="testcases.commontoall.CommonToAllTests">
    <skipped/>
  </testcase> <!-- @AfterMethod end_test_update_results -->
  <testcase name="@AfterMethod end_test_update_results" time="0.0" classname="testcases.commontoall.CommonToAllTests">
    <skipped/>
  </testcase> <!-- @AfterMethod end_test_update_results -->
  <testcase name="@AfterMethod end_test_update_results" time="0.0" classname="testcases.commontoall.CommonToAllTests">
    <skipped/>
  </testcase> <!-- @AfterMethod end_test_update_results -->
  <testcase name="@AfterMethod end_test_update_results" time="0.0" classname="testcases.commontoall.CommonToAllTests">
    <skipped/>
  </testcase> <!-- @AfterMethod end_test_update_results -->
  <testcase name="@AfterMethod end_test_update_results" time="0.0" classname="testcases.commontoall.CommonToAllTests">
    <skipped/>
  </testcase> <!-- @AfterMethod end_test_update_results -->
  <testcase name="@AfterMethod end_test_update_results" time="0.0" classname="testcases.commontoall.CommonToAllTests">
    <skipped/>
  </testcase> <!-- @AfterMethod end_test_update_results -->
  <testcase name="CITI_Fund_Order_Entry_USMF_TP" time="179.418" classname="testcases.workflows.USMFWorkFlowTests">
    <failure type="java.lang.AssertionError" message="null">
      <![CDATA[java.lang.AssertionError: null
	at pages.pageclasses.LoginPage.loginToOTM(LoginPage.java:162)
	at testcases.workflows.USMFWorkFlowTests.USMF_Work_Flow(USMFWorkFlowTests.java:104)
	at testcases.workflows.USMFWorkFlowTests.CITI_Fund_Order_Entry_USMF_TP(USMFWorkFlowTests.java:39)
... Removed 30 stack frames]]>
    </failure>
  </testcase> <!-- CITI_Fund_Order_Entry_USMF_TP -->
  <testcase name="CITI_Fund_Order_Entry_USMF_TP" time="0.0" classname="testcases.workflows.USMFWorkFlowTests">
    <skipped/>
  </testcase> <!-- CITI_Fund_Order_Entry_USMF_TP -->
  <testcase name="CITI_Fund_Order_Entry_USMF_TP" time="0.0" classname="testcases.workflows.USMFWorkFlowTests">
    <skipped/>
  </testcase> <!-- CITI_Fund_Order_Entry_USMF_TP -->
  <testcase name="CITI_Fund_Order_Entry_USMF_TP" time="0.0" classname="testcases.workflows.USMFWorkFlowTests">
    <skipped/>
  </testcase> <!-- CITI_Fund_Order_Entry_USMF_TP -->
  <testcase name="CITI_Fund_Order_Entry_USMF_TP" time="0.0" classname="testcases.workflows.USMFWorkFlowTests">
    <skipped/>
  </testcase> <!-- CITI_Fund_Order_Entry_USMF_TP -->
  <testcase name="CITI_Fund_Order_Entry_USMF_TP" time="0.0" classname="testcases.workflows.USMFWorkFlowTests">
    <skipped/>
  </testcase> <!-- CITI_Fund_Order_Entry_USMF_TP -->
  <testcase name="CITI_Fund_Order_Entry_USMF_TP" time="0.0" classname="testcases.workflows.USMFWorkFlowTests">
    <skipped/>
  </testcase> <!-- CITI_Fund_Order_Entry_USMF_TP -->
  <testcase name="CITI_Fund_Order_Entry_USMF_TP" time="0.0" classname="testcases.workflows.USMFWorkFlowTests">
    <skipped/>
  </testcase> <!-- CITI_Fund_Order_Entry_USMF_TP -->
  <testcase name="CITI_Fund_Order_Entry_USMF_NonTP" time="0.0" classname="testcases.workflows.USMFWorkFlowTests">
    <skipped/>
  </testcase> <!-- CITI_Fund_Order_Entry_USMF_NonTP -->
  <testcase name="CITI_Fund_Order_Entry_USMF_NonTP" time="0.0" classname="testcases.workflows.USMFWorkFlowTests">
    <skipped/>
  </testcase> <!-- CITI_Fund_Order_Entry_USMF_NonTP -->
  <testcase name="CITI_Fund_Order_Entry_USMF_NonTP" time="0.0" classname="testcases.workflows.USMFWorkFlowTests">
    <skipped/>
  </testcase> <!-- CITI_Fund_Order_Entry_USMF_NonTP -->
  <testcase name="CITI_Fund_Order_Entry_USMF_NonTP" time="0.0" classname="testcases.workflows.USMFWorkFlowTests">
    <skipped/>
  </testcase> <!-- CITI_Fund_Order_Entry_USMF_NonTP -->
  <testcase name="CITI_Fund_Order_Entry_USMF_NonTP" time="0.0" classname="testcases.workflows.USMFWorkFlowTests">
    <skipped/>
  </testcase> <!-- CITI_Fund_Order_Entry_USMF_NonTP -->
  <testcase name="CITI_Fund_Order_Entry_USMF_NonTP" time="0.0" classname="testcases.workflows.USMFWorkFlowTests">
    <skipped/>
  </testcase> <!-- CITI_Fund_Order_Entry_USMF_NonTP -->
  <testcase name="CITI_Fund_Order_Entry_USMF_NonTP" time="0.0" classname="testcases.workflows.USMFWorkFlowTests">
    <skipped/>
  </testcase> <!-- CITI_Fund_Order_Entry_USMF_NonTP -->
  <testcase name="CITI_Fund_Order_Entry_USMF_NonTP" time="0.0" classname="testcases.workflows.USMFWorkFlowTests">
    <skipped/>
  </testcase> <!-- CITI_Fund_Order_Entry_USMF_NonTP -->
  <testcase name="CITI_Fund_Transfer_USMF_TP" time="0.0" classname="testcases.workflows.USMFWorkFlowTests">
    <skipped/>
  </testcase> <!-- CITI_Fund_Transfer_USMF_TP -->
  <testcase name="CITI_Fund_Transfer_USMF_TP" time="0.0" classname="testcases.workflows.USMFWorkFlowTests">
    <skipped/>
  </testcase> <!-- CITI_Fund_Transfer_USMF_TP -->
  <testcase name="CITI_Fund_Transfer_USMF_TP" time="0.0" classname="testcases.workflows.USMFWorkFlowTests">
    <skipped/>
  </testcase> <!-- CITI_Fund_Transfer_USMF_TP -->
  <testcase name="CITI_Fund_Transfer_USMF_TP" time="0.0" classname="testcases.workflows.USMFWorkFlowTests">
    <skipped/>
  </testcase> <!-- CITI_Fund_Transfer_USMF_TP -->
</testsuite> <!-- 3:WorkFLows_USMFFundOrderTestCases -->
