<?xml version="1.0" encoding="UTF-8"?>
<!-- Generated by org.testng.reporters.JUnitXMLReporter -->
<testsuite hostname="BANCUSTOMQA05" ignored="0" name="4:WorkFLows_USMFFundOrderTestCases" tests="20" failures="2" timestamp="16 Nov 2017 09:00:22 GMT" time="9445.219" errors="0">
  <testcase name="CITI_Fund_Order_Entry_USMF_TP" time="43.584" classname="testcases.workflows.USMFWorkFlowTests">
    <failure type="java.lang.AssertionError" message="null">
      <![CDATA[java.lang.AssertionError: null
	at pages.pageclasses.LoginPage.loginToOTM(LoginPage.java:144)
	at testcases.workflows.USMFWorkFlowTests.CITI_Fund_Order_Entry_USMF_TP(USMFWorkFlowTests.java:321)
... Removed 30 stack frames]]>
    </failure>
  </testcase> <!-- CITI_Fund_Order_Entry_USMF_TP -->
  <testcase name="CITI_Fund_Order_Entry_USMF_TP" time="717.033" classname="testcases.workflows.USMFWorkFlowTests"/>
  <testcase name="CITI_Fund_Order_Entry_USMF_TP" time="481.413" classname="testcases.workflows.USMFWorkFlowTests"/>
  <testcase name="CITI_Fund_Order_Entry_USMF_TP" time="521.438" classname="testcases.workflows.USMFWorkFlowTests"/>
  <testcase name="CITI_Fund_Order_Entry_USMF_TP" time="505.98" classname="testcases.workflows.USMFWorkFlowTests"/>
  <testcase name="CITI_Fund_Order_Entry_USMF_TP" time="499.082" classname="testcases.workflows.USMFWorkFlowTests"/>
  <testcase name="CITI_Fund_Order_Entry_USMF_TP" time="489.16" classname="testcases.workflows.USMFWorkFlowTests"/>
  <testcase name="CITI_Fund_Order_Entry_USMF_TP" time="484.787" classname="testcases.workflows.USMFWorkFlowTests"/>
  <testcase name="CITI_Fund_Order_Entry_USMF_NonTP" time="532.816" classname="testcases.workflows.USMFWorkFlowTests"/>
  <testcase name="CITI_Fund_Order_Entry_USMF_NonTP" time="507.431" classname="testcases.workflows.USMFWorkFlowTests"/>
  <testcase name="CITI_Fund_Order_Entry_USMF_NonTP" time="446.904" classname="testcases.workflows.USMFWorkFlowTests"/>
  <testcase name="CITI_Fund_Order_Entry_USMF_NonTP" time="452.46" classname="testcases.workflows.USMFWorkFlowTests"/>
  <testcase name="CITI_Fund_Order_Entry_USMF_NonTP" time="500.121" classname="testcases.workflows.USMFWorkFlowTests"/>
  <testcase name="CITI_Fund_Order_Entry_USMF_NonTP" time="598.863" classname="testcases.workflows.USMFWorkFlowTests"/>
  <testcase name="CITI_Fund_Order_Entry_USMF_NonTP" time="486.46" classname="testcases.workflows.USMFWorkFlowTests"/>
  <testcase name="CITI_Fund_Order_Entry_USMF_NonTP" time="497.318" classname="testcases.workflows.USMFWorkFlowTests"/>
  <testcase name="CITI_Fund_Transfer_USMF_TP" time="363.967" classname="testcases.workflows.USMFWorkFlowTests"/>
  <testcase name="CITI_Fund_Transfer_USMF_TP" time="448.538" classname="testcases.workflows.USMFWorkFlowTests">
    <failure type="java.lang.AssertionError" message="null">
      <![CDATA[java.lang.AssertionError: null
	at testcases.workflows.USMFWorkFlowTests.CITI_Fund_Transfer_USMF_TP(USMFWorkFlowTests.java:261)
... Removed 30 stack frames]]>
    </failure>
  </testcase> <!-- CITI_Fund_Transfer_USMF_TP -->
  <testcase name="CITI_Fund_Transfer_USMF_TP" time="351.519" classname="testcases.workflows.USMFWorkFlowTests"/>
  <testcase name="CITI_Fund_Transfer_USMF_TP" time="422.956" classname="testcases.workflows.USMFWorkFlowTests"/>
</testsuite> <!-- 4:WorkFLows_USMFFundOrderTestCases -->
