<?xml version="1.0" encoding="UTF-8"?>
<!-- Generated by org.testng.reporters.JUnitXMLReporter -->
<testsuite hostname="BANCUSTOMQA05" ignored="0" name="6:WorkFLows_FundSwitchOrderTestCases" tests="1" failures="1" timestamp="09 Mar 2018 18:46:07 GMT" time="393.201" errors="0">
  <testcase name="CITI_Fund_SwitchOrder_Entry" time="367.553" classname="testcases.workflows.FundSwitchFlowTests">
    <failure type="java.lang.AssertionError" message="Element is not loaded in time, [[InternetExplorerDriver: internet explorer on WINDOWS (88583bdc-9ec7-479e-a1a8-5350a796ebba)] -&amp;gt; xpath: //label[text()=&amp;apos;Receive Versus Payment&amp;apos; or text()=&amp;apos;Deliver Versus Payment&amp;apos;]/preceding-sibling::span/input]">
      <![CDATA[java.lang.AssertionError: Element is not loaded in time, [[InternetExplorerDriver: internet explorer on WINDOWS (88583bdc-9ec7-479e-a1a8-5350a796ebba)] -> xpath: //label[text()='Receive Versus Payment' or text()='Deliver Versus Payment']/preceding-sibling::span/input]
	at utilities.webdriverfunctions.WebDriverMethods.click_element(WebDriverMethods.java:444)
	at pages.pageclasses.OrderMgtPage.fundConfirmOrder(OrderMgtPage.java:1159)
	at testcases.workflows.FundSwitchFlowTests.CITI_Fund_SwitchOrder_Entry(FundSwitchFlowTests.java:209)
... Removed 29 stack frames]]>
    </failure>
  </testcase> <!-- CITI_Fund_SwitchOrder_Entry -->
</testsuite> <!-- 6:WorkFLows_FundSwitchOrderTestCases -->
