<?xml version="1.0" encoding="UTF-8"?>
<!-- Generated by org.testng.reporters.JUnitXMLReporter -->
<testsuite hostname="BANCUSTOMQA05" ignored="7" name="8:WorkFLows_ClientEquityTestCases" tests="24" failures="1" timestamp="10 Mar 2018 01:33:34 GMT" time="24446.74" errors="0">
  <testcase name="@AfterMethod end_test_update_results" time="0.0" classname="testcases.commontoall.CommonToAllTests">
    <failure type="java.lang.AssertionError" message="null">
      <![CDATA[java.lang.AssertionError: null
	at utilities.webdriverfunctions.WebDriverMethods.capture_screenshot(WebDriverMethods.java:149)
	at utilities.webdriverfunctions.WebDriverMethods.update_result_quit_browser(WebDriverMethods.java:157)
	at testcases.commontoall.CommonToAllTests.end_test_update_results(CommonToAllTests.java:120)
... Removed 31 stack frames]]>
    </failure>
  </testcase> <!-- @AfterMethod end_test_update_results -->
  <testcase name="@BeforeMethod setup_test_initials" time="0.0" classname="testcases.commontoall.CommonToAllTests">
    <skipped/>
  </testcase> <!-- @BeforeMethod setup_test_initials -->
  <testcase name="@AfterMethod end_test_update_results" time="0.0" classname="testcases.commontoall.CommonToAllTests">
    <skipped/>
  </testcase> <!-- @AfterMethod end_test_update_results -->
  <testcase name="@BeforeMethod setup_test_initials" time="0.0" classname="testcases.commontoall.CommonToAllTests">
    <skipped/>
  </testcase> <!-- @BeforeMethod setup_test_initials -->
  <testcase name="@AfterMethod end_test_update_results" time="0.0" classname="testcases.commontoall.CommonToAllTests">
    <skipped/>
  </testcase> <!-- @AfterMethod end_test_update_results -->
  <testcase name="@BeforeMethod setup_test_initials" time="0.0" classname="testcases.commontoall.CommonToAllTests">
    <skipped/>
  </testcase> <!-- @BeforeMethod setup_test_initials -->
  <testcase name="@AfterMethod end_test_update_results" time="0.0" classname="testcases.commontoall.CommonToAllTests">
    <skipped/>
  </testcase> <!-- @AfterMethod end_test_update_results -->
  <testcase name="@BeforeMethod setup_test_initials" time="0.0" classname="testcases.commontoall.CommonToAllTests">
    <skipped/>
  </testcase> <!-- @BeforeMethod setup_test_initials -->
  <testcase name="@AfterMethod end_test_update_results" time="0.0" classname="testcases.commontoall.CommonToAllTests">
    <skipped/>
  </testcase> <!-- @AfterMethod end_test_update_results -->
  <testcase name="@BeforeMethod setup_test_initials" time="0.0" classname="testcases.commontoall.CommonToAllTests">
    <skipped/>
  </testcase> <!-- @BeforeMethod setup_test_initials -->
  <testcase name="@AfterMethod end_test_update_results" time="0.0" classname="testcases.commontoall.CommonToAllTests">
    <skipped/>
  </testcase> <!-- @AfterMethod end_test_update_results -->
  <testcase name="@BeforeMethod setup_test_initials" time="0.0" classname="testcases.commontoall.CommonToAllTests">
    <skipped/>
  </testcase> <!-- @BeforeMethod setup_test_initials -->
  <testcase name="@AfterMethod end_test_update_results" time="0.0" classname="testcases.commontoall.CommonToAllTests">
    <skipped/>
  </testcase> <!-- @AfterMethod end_test_update_results -->
  <testcase name="@BeforeMethod setup_test_initials" time="0.0" classname="testcases.commontoall.CommonToAllTests">
    <skipped/>
  </testcase> <!-- @BeforeMethod setup_test_initials -->
  <testcase name="@AfterMethod end_test_update_results" time="0.0" classname="testcases.commontoall.CommonToAllTests">
    <skipped/>
  </testcase> <!-- @AfterMethod end_test_update_results -->
  <testcase name="@BeforeMethod setup_test_initials" time="0.0" classname="testcases.commontoall.CommonToAllTests">
    <skipped/>
  </testcase> <!-- @BeforeMethod setup_test_initials -->
  <testcase name="@AfterMethod end_test_update_results" time="0.0" classname="testcases.commontoall.CommonToAllTests">
    <skipped/>
  </testcase> <!-- @AfterMethod end_test_update_results -->
  <testcase name="@BeforeMethod setup_test_initials" time="0.0" classname="testcases.commontoall.CommonToAllTests">
    <skipped/>
  </testcase> <!-- @BeforeMethod setup_test_initials -->
  <testcase name="@AfterMethod end_test_update_results" time="0.0" classname="testcases.commontoall.CommonToAllTests">
    <skipped/>
  </testcase> <!-- @AfterMethod end_test_update_results -->
  <testcase name="@BeforeMethod setup_test_initials" time="0.0" classname="testcases.commontoall.CommonToAllTests">
    <skipped/>
  </testcase> <!-- @BeforeMethod setup_test_initials -->
  <testcase name="@AfterMethod end_test_update_results" time="0.0" classname="testcases.commontoall.CommonToAllTests">
    <skipped/>
  </testcase> <!-- @AfterMethod end_test_update_results -->
  <testcase name="@BeforeMethod setup_test_initials" time="0.0" classname="testcases.commontoall.CommonToAllTests">
    <skipped/>
  </testcase> <!-- @BeforeMethod setup_test_initials -->
  <testcase name="@AfterMethod end_test_update_results" time="0.0" classname="testcases.commontoall.CommonToAllTests">
    <skipped/>
  </testcase> <!-- @AfterMethod end_test_update_results -->
  <testcase name="@BeforeMethod setup_test_initials" time="0.0" classname="testcases.commontoall.CommonToAllTests">
    <skipped/>
  </testcase> <!-- @BeforeMethod setup_test_initials -->
  <testcase name="@AfterMethod end_test_update_results" time="0.0" classname="testcases.commontoall.CommonToAllTests">
    <skipped/>
  </testcase> <!-- @AfterMethod end_test_update_results -->
  <testcase name="@BeforeMethod setup_test_initials" time="0.0" classname="testcases.commontoall.CommonToAllTests">
    <skipped/>
  </testcase> <!-- @BeforeMethod setup_test_initials -->
  <testcase name="@AfterMethod end_test_update_results" time="0.0" classname="testcases.commontoall.CommonToAllTests">
    <skipped/>
  </testcase> <!-- @AfterMethod end_test_update_results -->
  <testcase name="@BeforeMethod setup_test_initials" time="0.0" classname="testcases.commontoall.CommonToAllTests">
    <skipped/>
  </testcase> <!-- @BeforeMethod setup_test_initials -->
  <testcase name="@AfterMethod end_test_update_results" time="0.0" classname="testcases.commontoall.CommonToAllTests">
    <skipped/>
  </testcase> <!-- @AfterMethod end_test_update_results -->
  <testcase name="@BeforeMethod setup_test_initials" time="0.0" classname="testcases.commontoall.CommonToAllTests">
    <skipped/>
  </testcase> <!-- @BeforeMethod setup_test_initials -->
  <testcase name="@AfterMethod end_test_update_results" time="0.0" classname="testcases.commontoall.CommonToAllTests">
    <skipped/>
  </testcase> <!-- @AfterMethod end_test_update_results -->
  <testcase name="@BeforeMethod setup_test_initials" time="0.0" classname="testcases.commontoall.CommonToAllTests">
    <skipped/>
  </testcase> <!-- @BeforeMethod setup_test_initials -->
  <testcase name="@AfterMethod end_test_update_results" time="0.0" classname="testcases.commontoall.CommonToAllTests">
    <skipped/>
  </testcase> <!-- @AfterMethod end_test_update_results -->
  <testcase name="CITI_Equities_OrderPlacement_ClientLogin" time="387.808" classname="testcases.workflows.EquityWorkFlowsTests"/>
  <testcase name="CITI_Equities_OrderPlacement_ClientLogin" time="394.175" classname="testcases.workflows.EquityWorkFlowsTests"/>
  <testcase name="CITI_Equities_OrderPlacement_ClientLogin" time="391.105" classname="testcases.workflows.EquityWorkFlowsTests"/>
  <testcase name="CITI_Equities_OrderPlacement_ClientLogin" time="380.937" classname="testcases.workflows.EquityWorkFlowsTests"/>
  <testcase name="CITI_Equities_OrderPlacement_ClientLogin" time="408.292" classname="testcases.workflows.EquityWorkFlowsTests"/>
  <testcase name="CITI_Equities_OrderPlacement_ClientLogin" time="388.676" classname="testcases.workflows.EquityWorkFlowsTests"/>
  <testcase name="CITI_Equities_OrderPlacement_ClientLogin" time="379.371" classname="testcases.workflows.EquityWorkFlowsTests"/>
  <testcase name="CITI_Equities_OrderPlacement_ClientLogin" time="10877.538" classname="testcases.workflows.EquityWorkFlowsTests">
    <failure type="java.lang.AssertionError" message="null">
      <![CDATA[java.lang.AssertionError: null
	at pages.pageclasses.LoginPage.loginToOTM(LoginPage.java:180)
	at testcases.workflows.EquityWorkFlowsTests.equities_Workflow(EquityWorkFlowsTests.java:186)
	at testcases.workflows.EquityWorkFlowsTests.CITI_Equities_OrderPlacement_ClientLogin(EquityWorkFlowsTests.java:66)
... Removed 30 stack frames]]>
    </failure>
  </testcase> <!-- CITI_Equities_OrderPlacement_ClientLogin -->
  <testcase name="CITI_Equities_OrderPlacement_ClientLogin" time="0.047" classname="testcases.workflows.EquityWorkFlowsTests">
    <skipped/>
  </testcase> <!-- CITI_Equities_OrderPlacement_ClientLogin -->
  <testcase name="CITI_Equities_OrderPlacement_ClientLogin" time="0.015" classname="testcases.workflows.EquityWorkFlowsTests">
    <skipped/>
  </testcase> <!-- CITI_Equities_OrderPlacement_ClientLogin -->
  <testcase name="CITI_Equities_OrderPlacement_ClientLogin" time="0.0" classname="testcases.workflows.EquityWorkFlowsTests">
    <skipped/>
  </testcase> <!-- CITI_Equities_OrderPlacement_ClientLogin -->
  <testcase name="CITI_Equities_OrderPlacement_ClientLogin" time="0.0" classname="testcases.workflows.EquityWorkFlowsTests">
    <skipped/>
  </testcase> <!-- CITI_Equities_OrderPlacement_ClientLogin -->
  <testcase name="CITI_Equities_OrderPlacement_ClientLogin" time="0.0" classname="testcases.workflows.EquityWorkFlowsTests">
    <skipped/>
  </testcase> <!-- CITI_Equities_OrderPlacement_ClientLogin -->
  <testcase name="CITI_Equities_OrderPlacement_ClientLogin" time="0.0" classname="testcases.workflows.EquityWorkFlowsTests">
    <skipped/>
  </testcase> <!-- CITI_Equities_OrderPlacement_ClientLogin -->
  <testcase name="CITI_Equities_OrderPlacement_ClientLogin" time="0.0" classname="testcases.workflows.EquityWorkFlowsTests">
    <skipped/>
  </testcase> <!-- CITI_Equities_OrderPlacement_ClientLogin -->
  <testcase name="CITI_Equities_OrderPlacement_ClientLogin" time="0.0" classname="testcases.workflows.EquityWorkFlowsTests">
    <skipped/>
  </testcase> <!-- CITI_Equities_OrderPlacement_ClientLogin -->
  <testcase name="CITI_Equities_OrderPlacement_ClientLogin" time="0.0" classname="testcases.workflows.EquityWorkFlowsTests">
    <skipped/>
  </testcase> <!-- CITI_Equities_OrderPlacement_ClientLogin -->
  <testcase name="CITI_Equities_OrderPlacement_ClientLogin" time="0.0" classname="testcases.workflows.EquityWorkFlowsTests">
    <skipped/>
  </testcase> <!-- CITI_Equities_OrderPlacement_ClientLogin -->
  <testcase name="CITI_Equities_OrderPlacement_ClientLogin" time="0.0" classname="testcases.workflows.EquityWorkFlowsTests">
    <skipped/>
  </testcase> <!-- CITI_Equities_OrderPlacement_ClientLogin -->
  <testcase name="CITI_Equities_OrderPlacement_ClientLogin" time="0.0" classname="testcases.workflows.EquityWorkFlowsTests">
    <skipped/>
  </testcase> <!-- CITI_Equities_OrderPlacement_ClientLogin -->
  <testcase name="CITI_Equities_OrderPlacement_ClientLogin" time="0.0" classname="testcases.workflows.EquityWorkFlowsTests">
    <skipped/>
  </testcase> <!-- CITI_Equities_OrderPlacement_ClientLogin -->
  <testcase name="CITI_Equities_OrderPlacement_ClientLogin" time="0.031" classname="testcases.workflows.EquityWorkFlowsTests">
    <skipped/>
  </testcase> <!-- CITI_Equities_OrderPlacement_ClientLogin -->
  <testcase name="CITI_Equities_OrderPlacement_ClientLogin" time="0.0" classname="testcases.workflows.EquityWorkFlowsTests">
    <skipped/>
  </testcase> <!-- CITI_Equities_OrderPlacement_ClientLogin -->
  <testcase name="CITI_Equities_OrderPlacement_ClientLogin" time="0.0" classname="testcases.workflows.EquityWorkFlowsTests">
    <skipped/>
  </testcase> <!-- CITI_Equities_OrderPlacement_ClientLogin -->
  <testcase name="CITI_Equities_OrderPlacement_OperationsLogin" time="0.0" classname="testcases.workflows.EquityWorkFlowsTests">
    <ignored/>
  </testcase> <!-- CITI_Equities_OrderPlacement_OperationsLogin -->
  <testcase name="CITI_Equities_Settled_FX_Pulse" time="0.0" classname="testcases.workflows.EquityWorkFlowsTests">
    <ignored/>
  </testcase> <!-- CITI_Equities_Settled_FX_Pulse -->
  <testcase name="CITI_Equities_Settlement_Fix_Swift_Messages_NewUI" time="0.0" classname="testcases.workflows.EquityWorkFlowsTests">
    <ignored/>
  </testcase> <!-- CITI_Equities_Settlement_Fix_Swift_Messages_NewUI -->
  <testcase name="CITI_OrderMgt_Audit_Reg_ViewAccessUser" time="0.0" classname="testcases.workflows.EquityWorkFlowsTests">
    <ignored/>
  </testcase> <!-- CITI_OrderMgt_Audit_Reg_ViewAccessUser -->
  <testcase name="CITI_Equities_CGMDropCopy" time="0.0" classname="testcases.workflows.EquityWorkFlowsTests">
    <ignored/>
  </testcase> <!-- CITI_Equities_CGMDropCopy -->
  <testcase name="CITI_Funds_Equities_Entitlement_ApplicationAccess" time="0.0" classname="testcases.workflows.EquityWorkFlowsTests">
    <ignored/>
  </testcase> <!-- CITI_Funds_Equities_Entitlement_ApplicationAccess -->
  <testcase name="CITI_Equities_Settlement_Fix_Swift_Messages" time="0.0" classname="testcases.workflows.EquityWorkFlowsTests">
    <ignored/>
  </testcase> <!-- CITI_Equities_Settlement_Fix_Swift_Messages -->
</testsuite> <!-- 8:WorkFLows_ClientEquityTestCases -->
